[rospy.client][INFO] 2018-12-19 12:56:03,242: init_node, name[/nao_robot/camera/bottom/camera], pid[5323]
[xmlrpc][INFO] 2018-12-19 12:56:03,243: XML-RPC server binding to 0.0.0.0:0
[xmlrpc][INFO] 2018-12-19 12:56:03,243: Started XML-RPC server [http://NAOrobUSB001:39143/]
[rospy.init][INFO] 2018-12-19 12:56:03,243: ROS Slave URI: [http://NAOrobUSB001:39143/]
[rospy.impl.masterslave][INFO] 2018-12-19 12:56:03,243: _ready: http://NAOrobUSB001:39143/
[rospy.registration][INFO] 2018-12-19 12:56:03,243: Registering with master node http://localhost:11311
[xmlrpc][INFO] 2018-12-19 12:56:03,243: xml rpc node: starting XML-RPC server
[rospy.init][INFO] 2018-12-19 12:56:03,343: registered with master
[rospy.rosout][INFO] 2018-12-19 12:56:03,343: initializing /rosout core topic
[rospy.rosout][INFO] 2018-12-19 12:56:03,345: connected to core topic /rosout
[rospy.simtime][INFO] 2018-12-19 12:56:03,346: /use_sim_time is not set, will not subscribe to simulated time [/clock] topic
[rosout][INFO] 2018-12-19 12:56:03,380: reconfigure changed
[rosout][INFO] 2018-12-19 12:56:03,381: Changes recorded but not applied as nobody is subscribed to the ROS topics.
[rosout][INFO] 2018-12-19 12:56:03,404: reconfigure changed
[rosout][INFO] 2018-12-19 12:56:03,405: Changes recorded but not applied as nobody is subscribed to the ROS topics.
[rospy.internal][INFO] 2018-12-19 12:56:03,605: topic[/rosout] adding connection to [/rosout], count 0
[rospy.core][INFO] 2018-12-19 14:12:59,658: signal_shutdown [signal-2]
[rosout][INFO] 2018-12-19 14:12:59,659: Stopping naoqi_camera
[rosout][INFO] 2018-12-19 14:12:59,672: naoqi_camera stopped
[rospy.internal][INFO] 2018-12-19 14:12:59,679: topic[/rosout] removing connection to /rosout
[rospy.impl.masterslave][INFO] 2018-12-19 14:12:59,679: signal-2
[rospy.core][INFO] 2018-12-19 14:12:59,786: signal_shutdown [atexit]
