[rospy.client][INFO] 2018-12-19 12:56:02,750: init_node, name[/nao_logger], pid[5277]
[xmlrpc][INFO] 2018-12-19 12:56:02,750: XML-RPC server binding to 0.0.0.0:0
[xmlrpc][INFO] 2018-12-19 12:56:02,750: Started XML-RPC server [http://NAOrobUSB001:38423/]
[rospy.impl.masterslave][INFO] 2018-12-19 12:56:02,750: _ready: http://NAOrobUSB001:38423/
[rospy.init][INFO] 2018-12-19 12:56:02,751: ROS Slave URI: [http://NAOrobUSB001:38423/]
[rospy.registration][INFO] 2018-12-19 12:56:02,754: Registering with master node http://localhost:11311
[xmlrpc][INFO] 2018-12-19 12:56:02,754: xml rpc node: starting XML-RPC server
[rospy.registration][INFO] 2018-12-19 12:56:02,754: Registering publisher topic [/rosout] type [rosgraph_msgs/Log] with master
[rospy.init][INFO] 2018-12-19 12:56:02,851: registered with master
[rospy.rosout][INFO] 2018-12-19 12:56:02,851: initializing /rosout core topic
[rospy.rosout][INFO] 2018-12-19 12:56:02,851: connected to core topic /rosout
[rospy.simtime][INFO] 2018-12-19 12:56:02,852: /use_sim_time is not set, will not subscribe to simulated time [/clock] topic
[rosout][INFO] 2018-12-19 12:56:02,877: Logger initialized
[rospy.internal][INFO] 2018-12-19 12:56:02,990: topic[/rosout] adding connection to [/rosout], count 0
[rospy.core][INFO] 2018-12-19 14:12:59,659: signal_shutdown [signal-2]
[rosout][INFO] 2018-12-19 14:12:59,660: Stopping nao_logger
[rosout][INFO] 2018-12-19 14:12:59,660: nao_logger stopped
[rospy.internal][INFO] 2018-12-19 14:12:59,665: topic[/rosout] removing connection to /rosout
[rospy.impl.masterslave][INFO] 2018-12-19 14:12:59,665: signal-2
[rospy.core][INFO] 2018-12-19 14:12:59,829: signal_shutdown [atexit]
