[INFO] [1545221941.778211]: Connecting to NaoQi at 127.0.0.1:9559
[I] 14665 qimessaging.session: Session listener created on tcp://0.0.0.0:0
[I] 14665 qimessaging.transportserver: TransportServer will listen on: tcp://131.188.143.105:38459
[I] 14665 qimessaging.transportserver: TransportServer will listen on: tcp://127.0.0.1:38459
[INFO] [1545221941.805309]: nao_footsteps initialized
[INFO] [1545221941.805471]: nao_footsteps running...
[INFO] [1545221957.283669]: Step leg: 1; target: 0.008696 0.136117 0.216440
[[[0.0, 0.0, 0.0], [0.0, 0.0, 0.0]], [], []]
[INFO] [1545221960.509506]: Step leg: 0; target: 0.018282 -0.137555 -0.262507
[[[0.007997752167284489, 0.08556166291236877, 0.21341992914676666], [-0.0011090701445937157, -0.050528205931186676, -0.0030200823675841093]], [['RLeg', 0.5, [0.018282471224665642, -0.13755476474761963, -0.26250746846199036]]], []]
[INFO] [1545221962.480305]: Step leg: 1; target: 0.045033 0.102333 0.000000
[[[0.007997739128768444, 0.08556169271469116, 0.21341998875141144], [0.055000029504299164, -0.04500006139278412, -0.049087557941675186]], [['LLeg', 0.5, [0.04503296688199043, 0.10233303159475327, 2.0304482006849867e-07]]], []]
[INFO] [1545221964.444643]: Step leg: 0; target: 0.054847 -0.097426 -0.000000
[[[0.10500002652406693, 0.05500006303191185, -0.04908740520477295], [0.05500002205371857, -0.0450001023709774, -0.049087606370449066]], [['RLeg', 0.5, [0.05484652519226074, -0.09742626547813416, -7.322194761627543e-08]]], []]
[INFO] [1545221966.439974]: Step leg: 1; target: 0.045033 0.102333 0.000000
[[[0.10500004142522812, 0.05500009283423424, -0.04908744990825653], [0.1549999862909317, -0.045000091195106506, -0.0490875244140625]], [['LLeg', 0.5, [0.04503299668431282, 0.10233303904533386, 9.8966026484959e-08]]], []]
[INFO] [1545221968.404992]: Step leg: 0; target: 0.054847 -0.097426 0.000000
[[[0.20499999821186066, 0.055000048130750656, -0.0490875244140625], [0.1549999713897705, -0.045000117272138596, -0.04908762872219086]], [['RLeg', 0.5, [0.054846543818712234, -0.09742623567581177, 4.0212114527093945e-08]]], []]
[INFO] [1545221970.420034]: Step leg: 1; target: 0.045033 0.102333 0.000000
[[[0.20500001311302185, 0.05500008538365364, -0.04908756911754608], [0.2549999952316284, -0.045000068843364716, -0.0490875244140625]], [['LLeg', 0.5, [0.045033007860183716, 0.10233303904533386, 1.0439607933676598e-07]]], []]
[INFO] [1545221972.389510]: Step leg: 0; target: 0.054847 -0.097426 0.000000
[[[0.3050000071525574, 0.05500006675720215, -0.04908740520477295], [0.2549999952316284, -0.04500008374452591, -0.049087509512901306]], [['RLeg', 0.5, [0.05484653264284134, -0.09742625802755356, 3.3222459450144015e-08]]], []]
[INFO] [1545221974.354288]: Step leg: 1; target: 0.045033 0.102333 -0.000000
[[[0.304999977350235, 0.055000096559524536, -0.049087442457675934], [0.35499995946884155, -0.045000068843364716, -0.04908740520477295]], [['LLeg', 0.5, [0.04503303021192551, 0.10233302414417267, -1.2378523983613832e-08]]], []]
[INFO] [1545221976.309271]: Step leg: 0; target: 0.054847 -0.097426 0.000000
[[[0.4050000011920929, 0.05500005558133125, -0.04908740520477295], [0.35499995946884155, -0.0450001135468483, -0.04908739775419235]], [['RLeg', 0.5, [0.05484654754400253, -0.09742625057697296, 2.8498753579242475e-08]]], []]
[INFO] [1545221978.305103]: Step leg: 1; target: 0.045033 0.102333 -0.000000
[[[0.4049999713897705, 0.055000096559524536, -0.04908743500709534], [0.4549999535083771, -0.04500005766749382, -0.04908740520477295]], [['LLeg', 0.5, [0.0450330413877964, 0.10233303159475327, -1.3243155017050867e-08]]], []]
[INFO] [1545221980.299853]: Step leg: 0; target: 0.054847 -0.097426 0.000000
[[[0.5049999356269836, 0.05500006303191185, -0.04908740520477295], [0.4549999237060547, -0.045000109821558, -0.049087390303611755]], [['RLeg', 0.5, [0.054846592247486115, -0.09742625802755356, 3.4584491714895194e-08]]], []]
[INFO] [1545221982.299984]: Step leg: 1; target: 0.045033 0.102333 -0.000000
[[[0.5049999952316284, 0.055000100284814835, -0.04908743500709534], [0.5549999475479126, -0.045000094920396805, -0.04908740520477295]], [['LLeg', 0.5, [0.04503306373953819, 0.10233302414417267, -9.599419925621078e-09]]], []]
[INFO] [1545221984.264486]: Step leg: 0; target: 0.054847 -0.097426 0.000000
[[[0.6050000190734863, 0.05500002205371857, -0.04908740520477295], [0.5549999475479126, -0.045000120997428894, -0.04908739775419235]], [['RLeg', 0.5, [0.05484655871987343, -0.09742620587348938, 3.0744505608026884e-08]]], []]
[INFO] [1545221986.229575]: Step leg: 1; target: 0.045033 0.102333 -0.000000
[[[0.6050000190734863, 0.05500005930662155, -0.04908743128180504], [0.6550000309944153, -0.04500006139278412, -0.04908740520477295]], [['LLeg', 0.5, [0.04503299295902252, 0.10233300924301147, -9.576515580533851e-09]]], []]
[INFO] [1545221988.189198]: Step leg: 0; target: 0.054847 -0.097426 0.000000
[[[0.7050000429153442, 0.05500004068017006, -0.04908740520477295], [0.6550000905990601, -0.045000109821558, -0.049087390303611755]], [['RLeg', 0.5, [0.05484652519226074, -0.09742625057697296, 3.3189202497396764e-08]]], []]
[INFO] [1545221990.174714]: Step leg: 1; target: 0.045033 0.102333 -0.000000
[[[0.7049999833106995, 0.05500006675720215, -0.049087438732385635], [0.7549999356269836, -0.045000091195106506, -0.04908740520477295]], [['LLeg', 0.5, [0.04503301903605461, 0.10233305394649506, -1.221855949751216e-08]]], []]
[INFO] [1545221992.180752]: Step leg: 0; target: 0.054847 -0.097426 0.000000
[[[0.8049999475479126, 0.05500006675720215, -0.04908740520477295], [0.7549999952316284, -0.04500013217329979, -0.04908739775419235]], [['RLeg', 0.5, [0.0548466295003891, -0.09742625057697296, 2.6758325333275934e-08]]], []]
[INFO] [1545221994.190994]: Step leg: 1; target: 0.023585 0.131316 0.294524
[[[0.8050000071525574, 0.05500009283423424, -0.04908743500709534], [0.8550000190734863, -0.04500007629394531, -0.04908740520477295]], [['LLeg', 0.5, [0.023585068061947823, 0.13131552934646606, 0.29452431201934814]]], []]
[INFO] [1545221996.179879]: Step leg: 0; target: 0.048464 -0.094611 0.000000
[[[0.8850000500679016, 0.08500008285045624, 0.24543681740760803], [0.8550000190734863, -0.0450001060962677, -0.04908759146928787]], [['RLeg', 0.5, [0.04846377298235893, -0.09461111575365067, 0.0]]], []]
[INFO] [1545221998.174944]: Step leg: 1; target: 0.046128 0.101844 0.000000
[[[0.8850000500679016, 0.08500012010335922, 0.2454366534948349], [0.955000102519989, 0.0050000473856925964, 0.2454366534948349]], [['LLeg', 0.5, [0.04612836614251137, 0.10184384882450104, 1.479297111472988e-07]]], []]
[INFO] [1545222000.160124]: Step leg: 0; target: 0.048464 -0.094611 0.000000
[[[0.9750000834465027, 0.11500008404254913, 0.2454366534948349], [0.9550001621246338, 0.005000003147870302, 0.24543648958206177]], [['RLeg', 0.5, [0.04846377298235893, -0.09461111575365067, 0.0]]], []]
[INFO] [1545222002.144790]: Step leg: 1; target: 0.046128 0.101844 0.000000
[[[0.9750000834465027, 0.11500010639429092, 0.24543654918670654], [1.0450000762939453, 0.035000018775463104, 0.24543654918670654]], [['LLeg', 0.5, [0.04612833634018898, 0.10184386372566223, 2.738970010796038e-07]]], []]
[INFO] [1545222004.144983]: Step leg: 0; target: 0.048464 -0.094611 0.000000
[[[1.0649999380111694, 0.14500004053115845, 0.24543678760528564], [1.0450000762939453, 0.03499998524785042, 0.24543651938438416]], [['RLeg', 0.5, [0.04846377298235893, -0.09461111575365067, 0.0]]], []]
[INFO] [1545222006.130183]: Step leg: 1; target: 0.046128 0.101844 0.000000
[[[1.0649999380111694, 0.14500007033348083, 0.2454366534948349], [1.1349999904632568, 0.0650000050663948, 0.2454366534948349]], [['LLeg', 0.5, [0.04612845182418823, 0.10184387862682343, 1.3688865863059618e-07]]], []]
[INFO] [1545222008.140013]: Step leg: 0; target: 0.048464 -0.094611 0.000000
[[[1.1549999713897705, 0.17500007152557373, 0.2454366534948349], [1.1349999904632568, 0.06499999016523361, 0.24543651938438416]], [['RLeg', 0.5, [0.04846377298235893, -0.09461111575365067, 0.0]]], []]
[INFO] [1545222010.104402]: Step leg: 1; target: 0.046128 0.101844 0.000000
[[[1.154999852180481, 0.17500010132789612, 0.24543654918670654], [1.2249999046325684, 0.0949999988079071, 0.24543654918670654]], [['LLeg', 0.5, [0.046128347516059875, 0.10184388607740402, 2.800674394620728e-07]]], []]
[INFO] [1545222012.074665]: Step leg: 0; target: 0.048464 -0.094611 0.000000
[[[1.2449997663497925, 0.20500004291534424, 0.24543678760528564], [1.2249999046325684, 0.09499995410442352, 0.24543651938438416]], [['RLeg', 0.5, [0.04846377298235893, -0.09461111575365067, 0.0]]], []]
[INFO] [1545222014.054681]: Step leg: 1; target: 0.046129 0.101844 0.000000
[[[1.2449997663497925, 0.205000102519989, 0.2454366534948349], [1.3149998188018799, 0.1250000298023224, 0.2454366534948349]], [['LLeg', 0.5, [0.04612862318754196, 0.10184381902217865, 1.381457082061388e-07]]], []]
[INFO] [1545222016.065188]: Step leg: 0; target: 0.048464 -0.094611 0.000000
[[[1.3350000381469727, 0.23500007390975952, 0.2454366534948349], [1.3149999380111694, 0.1249999850988388, 0.24543651938438416]], [['RLeg', 0.5, [0.04846377298235893, -0.09461111575365067, 0.0]]], []]
[INFO] [1545222018.059984]: Step leg: 1; target: 0.046128 0.101844 0.000000
[[[1.334999918937683, 0.2350001186132431, 0.24543654918670654], [1.4049999713897705, 0.1550000011920929, 0.24543654918670654]], [['LLeg', 0.5, [0.046128418296575546, 0.10184386372566223, 2.68821963800292e-07]]], []]
[INFO] [1545222020.065258]: Step leg: 0; target: 0.048464 -0.094611 0.000000
[[[1.4249999523162842, 0.26500001549720764, 0.24543678760528564], [1.404999852180481, 0.15499995648860931, 0.24543651938438416]], [['RLeg', 0.5, [0.04846377298235893, -0.09461111575365067, 0.0]]], []]
[INFO] [1545222022.029249]: Step leg: 1; target: 0.046128 0.101844 0.000000
[[[1.4249999523162842, 0.26500004529953003, 0.2454366534948349], [1.4950000047683716, 0.1850000023841858, 0.2454366534948349]], [['LLeg', 0.5, [0.046128422021865845, 0.10184389352798462, 1.392900799146446e-07]]], []]
[INFO] [1545222023.989091]: Step leg: 0; target: 0.048464 -0.094611 0.000000
[[[1.5149999856948853, 0.2950001060962677, 0.2454366534948349], [1.494999885559082, 0.1849999874830246, 0.24543648958206177]], [['RLeg', 0.5, [0.04846377298235893, -0.09461111575365067, 0.0]]], []]
[INFO] [1545222025.949132]: Step leg: 1; target: 0.046128 0.101844 0.000000
[[[1.5149998664855957, 0.2950001358985901, 0.24543654918670654], [1.5849997997283936, 0.21500004827976227, 0.24543654918670654]], [['LLeg', 0.5, [0.046128395944833755, 0.10184382647275925, 2.720804843647784e-07]]], []]
[INFO] [1545222027.904182]: Step leg: 0; target: 0.048464 -0.094611 0.000000
[[[1.6049996614456177, 0.3250001072883606, 0.24543678760528564], [1.5849997997283936, 0.21500003337860107, 0.24543651938438416]], [['RLeg', 0.5, [0.04846377298235893, -0.09461111575365067, 0.0]]], []]
[INFO] [1545222029.869363]: Step leg: 1; target: 0.046129 0.101844 0.000000
[[[1.6049996614456177, 0.32500016689300537, 0.2454366534948349], [1.674999713897705, 0.24500009417533875, 0.2454366534948349]], [['LLeg', 0.5, [0.04612872749567032, 0.10184372216463089, 1.4387775593149854e-07]]], []]
[INFO] [1545222031.829417]: Step leg: 0; target: 0.048464 -0.094611 0.000000
[[[1.6950000524520874, 0.3550001084804535, 0.2454366534948349], [1.6749995946884155, 0.24500007927417755, 0.24543651938438416]], [['RLeg', 0.5, [0.04846377298235893, -0.09461111575365067, 0.0]]], []]
[INFO] [1545222033.784003]: Step leg: 1; target: 0.046128 0.101844 0.000000
[[[1.6949999332427979, 0.35500016808509827, 0.24543654918670654], [1.7650001049041748, 0.27500006556510925, 0.24543654918670654]], [['LLeg', 0.5, [0.04612832888960838, 0.10184384137392044, 2.741642504133779e-07]]], []]
[INFO] [1545222035.784750]: Step leg: 0; target: 0.048464 -0.094611 0.000000
[[[1.784999966621399, 0.385000079870224, 0.24543678760528564], [1.7650001049041748, 0.27500003576278687, 0.24543651938438416]], [['RLeg', 0.5, [0.04846377298235893, -0.09461111575365067, 0.0]]], []]
[INFO] [1545222037.759346]: Step leg: 1; target: 0.046128 0.101844 0.000000
[[[1.784999966621399, 0.38500016927719116, 0.2454366534948349], [1.8550000190734863, 0.30500006675720215, 0.2454366534948349]], [['LLeg', 0.5, [0.04612845182418823, 0.10184382647275925, 1.3740900328684802e-07]]], []]
[INFO] [1545222039.729552]: Step leg: 0; target: 0.048464 -0.094611 0.000000
[[[1.875, 0.4150001108646393, 0.2454366534948349], [1.8550000190734863, 0.30500006675720215, 0.24543651938438416]], [['RLeg', 0.5, [0.04846377298235893, -0.09461111575365067, 0.0]]], []]
[INFO] [1545222041.719473]: Step leg: 1; target: 0.024298 0.097003 0.294525
[[[1.875, 0.4150001108646393, 0.24543654918670654], [1.9450000524520874, 0.33500003814697266, 0.24543654918670654]], [['LLeg', 0.5, [0.024297945201396942, 0.09700312465429306, 0.26691290736198425]]], []]
[INFO] [1545222043.674274]: Step leg: 0; target: 0.049030 -0.096416 0.027612
[[[1.945000171661377, 0.43500009179115295, 0.5123493075370789], [1.9450000524520874, 0.33500000834465027, 0.24543629586696625]], [['RLeg', 0.5, [0.04902993515133858, -0.096416175365448, 0.02761179953813553]]], []]
[INFO] [1545222045.635004]: Step leg: 1; target: 0.025678 0.101196 0.294525
[[[1.9450002908706665, 0.43500012159347534, 0.5123491883277893], [2.0350003242492676, 0.37499991059303284, 0.5399609208106995]], [['LLeg', 0.5, [0.025678256526589394, 0.10119614750146866, 0.29452455043792725]]], []]
[INFO] [1545222047.594499]: Step leg: 0; target: 0.051643 -0.101651 0.000000
[[[2.004999876022339, 0.4750001132488251, 0.8344854712486267], [2.0350000858306885, 0.37499991059303284, 0.5399608612060547]], [['RLeg', 0.5, [0.05164292827248573, -0.10165149718523026, 9.865419769994332e-08]]], []]
[INFO] [1545222049.580013]: Step leg: 1; target: 0.041905 0.132454 -0.000000
[[[2.004999876022339, 0.47500014305114746, 0.8344854712486267], [2.1150002479553223, 0.4449999928474426, 0.834485650062561]], [['LLeg', 0.5, [0.04190497472882271, 0.13245375454425812, -3.617465083038951e-08]]], []]
[INFO] [1545222051.544349]: Step leg: 0; target: 0.051643 -0.101651 -0.000000
[[[2.0450005531311035, 0.565000057220459, 0.8344854712486267], [2.1150004863739014, 0.44499993324279785, 0.8344854712486267]], [['RLeg', 0.5, [0.05164274200797081, -0.10165129601955414, -1.2130004733990063e-07]]], []]
[INFO] [1545222053.525159]: Step leg: 1; target: 0.047233 0.096794 0.000000
[[[2.0450003147125244, 0.5650001168251038, 0.8344853520393372], [2.1550004482269287, 0.5349999666213989, 0.8344851732254028]], [['LLeg', 0.5, [0.047232527285814285, 0.09679433703422546, 2.772427762920415e-07]]], []]
[INFO] [1545222055.534861]: Step leg: 0; target: 0.051643 -0.101651 0.000000
[[[2.115000009536743, 0.6350000500679016, 0.8344851136207581], [2.155000686645508, 0.5349999666213989, 0.8344849944114685]], [['RLeg', 0.5, [0.05164279416203499, -0.10165134072303772, 1.1946072220325732e-07]]], []]
[INFO] [1545222057.535161]: Step leg: 1; target: 0.047233 0.096794 0.000000
[[[2.1150002479553223, 0.6350000500679016, 0.8344851732254028], [2.2250001430511475, 0.6049998998641968, 0.8344851732254028]], [['LLeg', 0.5, [0.04723295941948891, 0.09679382294416428, 3.042587763957272e-07]]], []]
[INFO] [1545222059.540795]: Step leg: 0; target: 0.051643 -0.101651 0.000000
[[[2.185000419616699, 0.7050000429153442, 0.8344854712486267], [2.2250001430511475, 0.6049998998641968, 0.8344850540161133]], [['RLeg', 0.5, [0.0516425184905529, -0.10165102779865265, 9.418987900744469e-08]]], []]
[INFO] [1545222061.529686]: Step leg: 1; target: 0.047233 0.096794 0.000000
[[[2.1850006580352783, 0.7050000429153442, 0.8344854712486267], [2.294999837875366, 0.6749998927116394, 0.8344854712486267]], [['LLeg', 0.5, [0.0472329705953598, 0.09679388254880905, 2.4355930605679532e-08]]], []]
[INFO] [1545222063.540238]: Step leg: 0; target: 0.051643 -0.101651 0.000000
[[[2.254999876022339, 0.7749999761581421, 0.8344854712486267], [2.2950000762939453, 0.6749998331069946, 0.8344854712486267]], [['RLeg', 0.5, [0.051642898470163345, -0.10165140777826309, 7.925240907979969e-08]]], []]
[INFO] [1545222065.514501]: Step leg: 1; target: 0.047233 0.096794 0.000000
[[[2.255000114440918, 0.7749999761581421, 0.8344854712486267], [2.364999771118164, 0.744999885559082, 0.834485650062561]], [['LLeg', 0.5, [0.04723305627703667, 0.09679379314184189, 3.628695566249007e-08]]], []]
[INFO] [1545222067.479307]: Step leg: 0; target: 0.051643 -0.101651 -0.000000
[[[2.325000047683716, 0.8450000286102295, 0.834485650062561], [2.364999771118164, 0.744999885559082, 0.834485650062561]], [['RLeg', 0.5, [0.05164287984371185, -0.1016513779759407, -1.1219903939263531e-07]]], []]
[INFO] [1545222069.439418]: Step leg: 1; target: 0.047233 0.096794 -0.000000
[[[2.325000286102295, 0.8450000286102295, 0.834485650062561], [2.43500018119812, 0.8149999380111694, 0.834485650062561]], [['LLeg', 0.5, [0.04723276197910309, 0.09679404646158218, -7.058940099113897e-08]]], []]
[INFO] [1545222071.399387]: Step leg: 0; target: 0.051643 -0.101651 -0.000000
[[[2.3949999809265137, 0.9150000810623169, 0.8344855308532715], [2.435000419616699, 0.8149999380111694, 0.8344857096672058]], [['RLeg', 0.5, [0.05164289101958275, -0.10165146738290787, -3.35277512419907e-08]]], []]
[INFO] [1545222073.349047]: Step leg: 1; target: 0.047233 0.096794 0.000000
[[[2.3950002193450928, 0.9150001406669617, 0.8344854712486267], [2.505000114440918, 0.8849999904632568, 0.8344854712486267]], [['LLeg', 0.5, [0.047232735902071, 0.09679406136274338, 3.330205800011754e-08]]], []]
[INFO] [1545222075.319704]: Step leg: 0; target: 0.051643 -0.101652 0.000000
[[[2.4649999141693115, 0.9850000739097595, 0.8344854712486267], [2.505000114440918, 0.8849999904632568, 0.8344854712486267]], [['RLeg', 0.5, [0.051642924547195435, -0.10165154933929443, 6.487135806310107e-08]]], []]
[INFO] [1545222077.279478]: Step leg: 1; target: 0.047233 0.096794 0.000000
[[[2.4650001525878906, 0.9850001931190491, 0.8344852924346924], [2.575000286102295, 0.9549999833106995, 0.8344854712486267]], [['LLeg', 0.5, [0.047232735902071, 0.09679406881332397, 2.698722312288737e-08]]], []]
[INFO] [1545222079.254679]: Step leg: 0; target: 0.051643 -0.101651 0.000000
[[[2.5350003242492676, 1.0550000667572021, 0.8344854712486267], [2.575000286102295, 0.9549999833106995, 0.8344854712486267]], [['RLeg', 0.5, [0.051642801612615585, -0.10165131092071533, 7.61208838184757e-08]]], []]
[INFO] [1545222081.260108]: Step leg: 1; target: 0.047233 0.096794 0.000000
[[[2.5350003242492676, 1.0550001859664917, 0.8344852924346924], [2.645000457763672, 1.0250000953674316, 0.8344854712486267]], [['LLeg', 0.5, [0.04723271727561951, 0.09679404646158218, 8.572552445684778e-09]]], []]
[INFO] [1545222083.265292]: Step leg: 0; target: 0.051643 -0.101651 0.000000
[[[2.6050004959106445, 1.1250001192092896, 0.8344854712486267], [2.645000696182251, 1.024999976158142, 0.8344854712486267]], [['RLeg', 0.5, [0.051642585545778275, -0.10165128856897354, 7.974391280640702e-08]]], []]
[INFO] [1545222085.259904]: Step leg: 1; target: 0.047233 0.096794 0.000000
[[[2.6050002574920654, 1.1250001192092896, 0.8344854712486267], [2.7149999141693115, 1.09499990940094, 0.8344854712486267]], [['LLeg', 0.5, [0.047232646495103836, 0.09679418057203293, 4.277407938957367e-08]]], []]
[INFO] [1545222087.464455]: Step leg: 0; target: 0.022005 -0.128514 -0.294524
[[[2.6750001907348633, 1.1950000524520874, 0.8344854712486267], [2.7150001525878906, 1.09499990940094, 0.8344854712486267]], [['RLeg', 0.5, [0.02200503461062908, -0.12851393222808838, -0.294524222612381]]], []]
[INFO] [1545222089.429447]: Step leg: 1; target: 0.025678 0.101196 0.294524
[[[2.6750004291534424, 1.195000171661377, 0.8344855308532715], [2.785000801086426, 1.1250001192092896, 0.5399611592292786]], [['LLeg', 0.5, [0.02567785605788231, 0.10119631141424179, 0.2945243716239929]]], []]
[INFO] [1545222091.389132]: Step leg: 0; target: 0.051643 -0.101652 -0.000000
[[[2.755000114440918, 1.225000262260437, 0.8344857096672058], [2.785000801086426, 1.1250001192092896, 0.5399613380432129]], [['RLeg', 0.5, [0.0516427718102932, -0.10165155678987503, -7.598344353709763e-08]]], []]
[INFO] [1545222093.359860]: Step leg: 1; target: 0.047233 0.096794 -0.000000
[[[2.755000352859497, 1.2250003814697266, 0.834485650062561], [2.8650002479553223, 1.1950000524520874, 0.834485650062561]], [['LLeg', 0.5, [0.047232549637556076, 0.09679411351680756, -5.975597616725281e-08]]], []]
[INFO] [1545222095.309220]: Step leg: 0; target: 0.051643 -0.101652 -0.000000
[[[2.8249998092651367, 1.2950000762939453, 0.8344855308532715], [2.8650004863739014, 1.1950000524520874, 0.8344857096672058]], [['RLeg', 0.5, [0.05164302885532379, -0.10165160149335861, -5.007905201637186e-08]]], []]
[INFO] [1545222097.274425]: Step leg: 1; target: 0.047233 0.096794 0.000000
[[[2.8249998092651367, 1.2950001955032349, 0.8344854712486267], [2.934999942779541, 1.2649999856948853, 0.8344854712486267]], [['LLeg', 0.5, [0.04723277688026428, 0.09679391235113144, 5.2908120551364846e-08]]], []]
[INFO] [1545222099.229385]: Step leg: 0; target: 0.051643 -0.101651 -0.000000
[[[2.8950002193450928, 1.3650000095367432, 0.8344854712486267], [2.934999942779541, 1.2649999856948853, 0.8344854712486267]], [['RLeg', 0.5, [0.05164293199777603, -0.10165135562419891, -3.2360474300219266e-09]]], []]
[INFO] [1545222101.194510]: Step leg: 1; target: 0.047233 0.096794 0.000000
[[[2.895000457763672, 1.3650000095367432, 0.8344854712486267], [3.005000114440918, 1.334999918937683, 0.8344854712486267]], [['LLeg', 0.5, [0.047232721000909805, 0.09679410606622696, 5.0307512822200806e-08]]], []]
[INFO] [1545222103.144139]: Step leg: 0; target: 0.051643 -0.101651 0.000000
[[[2.9649999141693115, 1.4350000619888306, 0.8344854712486267], [3.005000114440918, 1.3349997997283936, 0.8344854712486267]], [['RLeg', 0.5, [0.051642946898937225, -0.10165142267942429, 2.4754202243570944e-08]]], []]
[INFO] [1545222105.109508]: Step leg: 1; target: 0.047233 0.096794 0.000000
[[[2.9650001525878906, 1.4350000619888306, 0.8344854712486267], [3.075000286102295, 1.4049999713897705, 0.8344854712486267]], [['LLeg', 0.5, [0.04723266512155533, 0.0967940092086792, 8.096294834558648e-08]]], []]
[INFO] [1545222107.064050]: Step leg: 0; target: -0.005573 -0.094858 -0.017847
[[[3.0350000858306885, 1.5049999952316284, 0.8344854712486267], [3.075000286102295, 1.4049999713897705, 0.8344852924346924]], [['RLeg', 0.5, [-0.005573498550802469, -0.09485771507024765, -0.017847497016191483]]], []]
[INFO] [1545222165.747707]: Step leg: 1; target: 0.019340 0.136906 0.165110
[[[3.0350000858306885, 1.5049998760223389, 0.8344854116439819], [3.1015419960021973, 1.4371675252914429, 0.8166379332542419]], [['LLeg', 0.5, [0.019340286031365395, 0.13690626621246338, 0.16510984301567078]]], []]
[INFO] [1545222167.704081]: Step leg: 0; target: 0.052798 -0.097018 -0.000000
[[[3.0149998664855957, 1.5450000762939453, 0.9817478656768799], [3.1015419960021973, 1.4371675252914429, 0.8166378736495972]], [['RLeg', 0.5, [0.052798110991716385, -0.0970175564289093, -1.466610797251633e-07]]], []]
[INFO] [1545222169.709957]: Step leg: 1; target: 0.019275 0.133149 0.294524
[[[3.015000104904175, 1.5450001955032349, 0.9817479252815247], [3.125000238418579, 1.534999966621399, 0.9817477464675903]], [['LLeg', 0.5, [0.01927507296204567, 0.13314859569072723, 0.29452434182167053]]], []]
[INFO] [1545222171.664383]: Step leg: 0; target: 0.051070 -0.099458 -0.000000
[[[3.0250000953674316, 1.6249998807907104, 1.276271939277649], [3.125000476837158, 1.534999966621399, 0.9817475080490112]], [['RLeg', 0.5, [0.05107013136148453, -0.09945780783891678, -1.1904921848326921e-07]]], []]
[INFO] [1545222173.654752]: Step leg: 1; target: 0.022582 0.132250 0.294525
[[[3.0249998569488525, 1.6249998807907104, 1.276271939277649], [3.135000228881836, 1.6449998617172241, 1.2762717008590698]], [['LLeg', 0.5, [0.022582286968827248, 0.13225020468235016, 0.29452458024024963]]], []]
[INFO] [1545222175.660227]: Step leg: 0; target: 0.050000 -0.100000 0.000000
[[[3.015000104904175, 1.7050000429153442, 1.5707961320877075], [3.135000228881836, 1.6449997425079346, 1.2762714624404907]], [['RLeg', 0.5, [0.05000004172325134, -0.10000022500753403, 8.857958810892796e-09]]], []]
[INFO] [1545222177.650017]: Step leg: 1; target: 0.050000 0.100001 0.000000
[[[3.015000104904175, 1.7050000429153442, 1.5707961320877075], [3.1150004863739014, 1.755000114440918, 1.5707961320877075]], [['LLeg', 0.5, [0.049999915063381195, 0.1000005453824997, 1.903173512118883e-07]]], []]
[INFO] [1545222179.659969]: Step leg: 0; target: 0.050000 -0.100000 -0.000000
[[[3.0149998664855957, 1.8050000667572021, 1.570796251296997], [3.1150004863739014, 1.7549999952316284, 1.5707961320877075]], [['RLeg', 0.5, [0.049999937415122986, -0.10000018030405045, -2.0116651455737156e-08]]], []]
[INFO] [1545222181.654898]: Step leg: 1; target: 0.020000 0.100000 0.294524
[[[3.0149998664855957, 1.8050000667572021, 1.5707961320877075], [3.115000009536743, 1.8550000190734863, 1.5707961320877075]], [['LLeg', 0.5, [0.019999999552965164, 0.1000000536441803, 0.2945244014263153]]], []]
[INFO] [1545222183.649858]: Step leg: 0; target: 0.053332 -0.099778 0.000000
[[[3.015000104904175, 1.875, 1.8653204441070557], [3.1150002479553223, 1.8550000190734863, 1.570796012878418]], [['RLeg', 0.5, [0.05333247780799866, -0.0997781828045845, 1.651222021337162e-07]]], []]
[INFO] [1545222185.659818]: Step leg: 1; target: 0.051070 0.099458 0.000000
[[[3.015000104904175, 1.8750001192092896, 1.8653202056884766], [3.0950002670288086, 1.9550000429153442, 1.8653203248977661]], [['LLeg', 0.5, [0.051070112735033035, 0.09945794194936752, 2.3336696131082135e-07]]], []]
[INFO] [1545222187.624556]: Step leg: 0; target: 0.053332 -0.099778 -0.000000
[[[2.9850003719329834, 1.975000023841858, 1.8653203248977661], [3.0950005054473877, 1.9550000429153442, 1.8653202056884766]], [['RLeg', 0.5, [0.05333246663212776, -0.09977791458368301, -2.234367357800693e-08]]], []]
[INFO] [1545222189.584934]: Step leg: 1; target: 0.051070 0.099458 0.000000
[[[2.9850003719329834, 1.975000262260437, 1.865320086479187], [3.065000295639038, 2.0550003051757812, 1.865320086479187]], [['LLeg', 0.5, [0.05107000470161438, 0.09945817291736603, 3.2140860639628954e-07]]], []]
[INFO] [1545222191.549118]: Step leg: 0; target: 0.053332 -0.099778 0.000000
[[[2.9549999237060547, 2.075000047683716, 1.8653204441070557], [3.065000295639038, 2.0550005435943604, 1.865320086479187]], [['RLeg', 0.5, [0.053332336246967316, -0.09977802634239197, 2.709594753014244e-07]]], []]
[INFO] [1545222193.539589]: Step leg: 1; target: 0.019459 0.098597 0.294524
[[[2.955000162124634, 2.075000047683716, 1.865320086479187], [3.0350000858306885, 2.1549999713897705, 1.8653204441070557]], [['LLeg', 0.5, [0.019459107890725136, 0.09859700500965118, 0.29452425241470337]]], []]
[INFO] [1545222195.540129]: Step leg: 0; target: 0.024869 -0.088778 0.000000
[[[2.934999942779541, 2.1449999809265137, 2.1598446369171143], [3.0350000858306885, 2.1549999713897705, 1.8653202056884766]], [['RLeg', 0.5, [0.024868659675121307, -0.08877809345722198, 0.0]]], []]
[INFO] [1545222197.534698]: Step leg: 1; target: 0.016743 0.097055 0.294525
[[[2.934999942779541, 2.1449997425079346, 2.1598446369171143], [2.995000123977661, 2.2149999141693115, 2.1598446369171143]], [['LLeg', 0.5, [0.016742713749408722, 0.09705522656440735, 0.26691293716430664]]], []]
[INFO] [1545222199.534809]: Step leg: 0; target: 0.033905 -0.088603 0.000000
[[[2.9049997329711914, 2.174999952316284, 2.4267578125], [2.9950003623962402, 2.2149999141693115, 2.1598446369171143]], [['RLeg', 0.5, [0.03390508145093918, -0.08860273659229279, 0.0]]], []]
[INFO] [1545222201.509541]: Step leg: 1; target: 0.023777 0.097132 0.294524
[[[2.9049999713897705, 2.174999952316284, 2.426757574081421], [2.9374732971191406, 2.2641375064849854, 2.426757574081421]], [['LLeg', 0.5, [0.02377723902463913, 0.09713208675384521, 0.2761165499687195]]], []]
[INFO] [1545222203.500062]: Step leg: 0; target: 0.051334 -0.097800 0.000000
[[[2.8558473587036133, 2.206368923187256, 2.702873945236206], [2.9374732971191406, 2.2641375064849854, 2.426757335662842]], [['RLeg', 0.5, [0.051333971321582794, -0.09779991209506989, 0.0]]], []]
[INFO] [1545222205.500137]: Step leg: 1; target: 0.024818 0.096871 0.294524
[[[2.8558473587036133, 2.206369161605835, 2.702873945236206], [2.8509182929992676, 2.3167126178741455, 2.702873945236206]], [['LLeg', 0.5, [0.024818098172545433, 0.09687136858701706, 0.26691266894340515]]], []]
[INFO] [1545222207.464625]: Step leg: 0; target: 0.049609 -0.095598 0.000000
[[[2.787301540374756, 2.239557981491089, 2.9697866439819336], [2.8509182929992676, 2.3167128562927246, 2.702873706817627]], [['RLeg', 0.5, [0.04960910230875015, -0.09559778869152069, 0.0]]], []]
[INFO] [1545222209.424392]: Step leg: 1; target: 0.052117 0.107726 0.073631
[[[2.787301540374756, 2.2395577430725098, 2.9697864055633545], [2.7547664642333984, 2.3422296047210693, 2.9697864055633545]], [['LLeg', 0.5, [0.05211681127548218, 0.10772556811571121, 0.07363148033618927]]], []]
[INFO] [1545222211.419926]: Step leg: 0; target: 0.049609 -0.095598 0.000000
[[[2.684999704360962, 2.244999885559082, 3.0434176921844482], [2.7547664642333984, 2.3422296047210693, 2.9697861671447754]], [['RLeg', 0.5, [0.04960900545120239, -0.09559792280197144, 9.745559026441697e-09]]], []]
[INFO] [1545222213.420496]: Step leg: 1; target: 0.050889 0.095448 0.000000
[[[2.684999704360962, 2.244999647140503, 3.0434176921844482], [2.6449995040893555, 2.3449995517730713, 3.0434176921844482]], [['LLeg', 0.5, [0.050889190286397934, 0.09544757008552551, 1.8620372088662407e-07]]], []]
[INFO] [1545222215.420170]: Step leg: 0; target: 0.019753 -0.098539 -0.294524
[[[2.5849997997283936, 2.254999876022339, 3.0434176921844482], [2.6449995040893555, 2.3449997901916504, 3.0434176921844482]], [['RLeg', 0.5, [0.019753348082304, -0.09853865951299667, -0.294524222612381]]], []]
[INFO] [1545222217.389400]: Step leg: 1; target: 0.047123 0.095286 0.000000
[[[2.5850000381469727, 2.254999876022339, 3.0434179306030273], [2.575000286102295, 2.3550002574920654, 2.7488937377929688]], [['LLeg', 0.5, [0.04712263494729996, 0.09528638422489166, 1.191896572549922e-07]]], []]
[INFO] [1545222219.344881]: Step leg: 0; target: 0.051334 -0.097800 -0.000000
[[[2.494999885559082, 2.2850000858306885, 2.7488937377929688], [2.575000286102295, 2.3550002574920654, 2.7488937377929688]], [['RLeg', 0.5, [0.051333941519260406, -0.09779972583055496, -2.267420740054149e-07]]], []]
[INFO] [1545222221.304333]: Step leg: 1; target: 0.047122 0.095286 -0.000000
[[[2.494999885559082, 2.2850000858306885, 2.7488937377929688], [2.484999895095825, 2.3949999809265137, 2.7488937377929688]], [['LLeg', 0.5, [0.04712248593568802, 0.09528620541095734, -4.6330633551860956e-08]]], []]
[INFO] [1545222223.264185]: Step leg: 0; target: 0.051334 -0.097800 -0.000000
[[[2.4050004482269287, 2.3249998092651367, 2.7488934993743896], [2.4850001335144043, 2.3949999809265137, 2.7488934993743896]], [['RLeg', 0.5, [0.051334086805582047, -0.09780009090900421, -1.507281410795258e-07]]], []]
[INFO] [1545222225.259573]: Step leg: 1; target: 0.047123 0.095287 0.000000
[[[2.4050004482269287, 2.3249998092651367, 2.7488937377929688], [2.3950002193450928, 2.43500018119812, 2.7488937377929688]], [['LLeg', 0.5, [0.047122713178396225, 0.09528656303882599, 1.6707542727090186e-07]]], []]
[INFO] [1545222227.264875]: Step leg: 0; target: 0.051334 -0.097800 -0.000000
[[[2.31499981880188, 2.364999771118164, 2.7488937377929688], [2.3950002193450928, 2.43500018119812, 2.7488937377929688]], [['RLeg', 0.5, [0.05133391544222832, -0.09780003875494003, -2.51608696544281e-07]]], []]
[INFO] [1545222229.224304]: Step leg: 1; target: 0.047122 0.095286 -0.000000
[[[2.31499981880188, 2.364999771118164, 2.7488937377929688], [2.304999828338623, 2.4749999046325684, 2.7488937377929688]], [['LLeg', 0.5, [0.047122497111558914, 0.09528601914644241, -3.505068590925475e-08]]], []]
[INFO] [1545222231.229973]: Step leg: 0; target: 0.051334 -0.097800 -0.000000
[[[2.2249999046325684, 2.4049999713897705, 2.7488934993743896], [2.305000066757202, 2.4749999046325684, 2.7488934993743896]], [['RLeg', 0.5, [0.05133388563990593, -0.09779993444681168, -1.4256850988658698e-07]]], []]
[INFO] [1545222233.224653]: Step leg: 1; target: 0.047122 0.095286 0.000000
[[[2.2249999046325684, 2.4049999713897705, 2.7488937377929688], [2.2149996757507324, 2.515000104904175, 2.7488937377929688]], [['LLeg', 0.5, [0.04712231829762459, 0.0952862948179245, 1.5414806853186747e-07]]], []]
[INFO] [1545222235.184151]: Step leg: 0; target: 0.051334 -0.097800 -0.000000
[[[2.134999990463257, 2.445000171661377, 2.7488937377929688], [2.2149999141693115, 2.515000343322754, 2.7488937377929688]], [['RLeg', 0.5, [0.05133388563990593, -0.09780013561248779, -2.50248575639489e-07]]], []]
[INFO] [1545222237.159413]: Step leg: 1; target: 0.047123 0.095287 -0.000000
[[[2.134999990463257, 2.445000171661377, 2.7488937377929688], [2.125000238418579, 2.5550003051757812, 2.7488937377929688]], [['LLeg', 0.5, [0.04712263122200966, 0.09528651088476181, -4.2360301932831135e-08]]], []]
[INFO] [1545222239.119732]: Step leg: 0; target: 0.051334 -0.097800 -0.000000
[[[2.0450003147125244, 2.4850003719329834, 2.7488934993743896], [2.125000238418579, 2.5550005435943604, 2.7488934993743896]], [['RLeg', 0.5, [0.051334135234355927, -0.09779983013868332, -1.471911161843309e-07]]], []]
[INFO] [1545222241.079519]: Step leg: 1; target: 0.047122 0.095287 0.000000
[[[2.0450003147125244, 2.4850003719329834, 2.7488934993743896], [2.0350000858306885, 2.5950005054473877, 2.7488934993743896]], [['LLeg', 0.5, [0.04712243005633354, 0.09528680890798569, 1.539526266469693e-07]]], []]
[INFO] [1545222243.054970]: Step leg: 0; target: 0.019791 -0.100042 -0.294524
[[[1.9550000429153442, 2.5249998569488525, 2.7488934993743896], [2.0350003242492676, 2.5950005054473877, 2.7488934993743896]], [['RLeg', 0.5, [0.019790764898061752, -0.10004179924726486, -0.29452431201934814]]], []]
[INFO] [1545222245.055482]: Step leg: 1; target: 0.045582 0.102090 -0.000000
[[[1.9550000429153442, 2.5249998569488525, 2.748893976211548], [1.9750001430511475, 2.625, 2.45436954498291]], [['LLeg', 0.5, [0.04558151587843895, 0.1020897626876831, -1.8965571335627374e-09]]], []]
[INFO] [1545222247.039608]: Step leg: 0; target: 0.018445 -0.101290 -0.294525
[[[1.875000238418579, 2.575000047683716, 2.454369306564331], [1.975000262260437, 2.625000238418579, 2.454369306564331]], [['RLeg', 0.5, [0.01844491995871067, -0.1012905016541481, -0.294524610042572]]], []]
[INFO] [1545222249.009298]: Step leg: 1; target: 0.052798 0.097018 0.000000
[[[1.8750003576278687, 2.575000047683716, 2.45436954498291], [1.9250001907348633, 2.6649999618530273, 2.1598446369171143]], [['LLeg', 0.5, [0.052798036485910416, 0.0970175713300705, 1.855606086564876e-07]]], []]
[INFO] [1545222251.015167]: Step leg: 0; target: 0.003491 -0.091830 0.013304
[[[1.8149999380111694, 2.6549997329711914, 2.1598451137542725], [1.9250001907348633, 2.6649999618530273, 2.1598448753356934]], [['RLeg', 0.5, [0.0034909965470433235, -0.09183008223772049, 0.013304398395121098]]], []]
[INFO] [1545223874.520186]: Step leg: 1; target: -0.032137 0.136677 0.133958
[[[1.8149998188018799, 2.6549997329711914, 2.1598451137542725], [1.8894144296646118, 2.708920478820801, 2.173149585723877]], [['LLeg', 0.5, [-0.03183344379067421, 0.1363307237625122, 0.1339576244354248]]], []]
[INFO] [1545223876.479274]: Step leg: 0; target: -0.030802 -0.093548 0.000000
[[[1.7951135635375977, 2.6054468154907227, 2.3071069717407227], [1.8894145488739014, 2.708920478820801, 2.173149347305298]], [['RLeg', 0.5, [-0.03080226108431816, -0.09354796260595322, 0.0]]], []]
[INFO] [1545223878.439519]: Step leg: 1; target: -0.020625 0.126816 0.294524
[[[1.7951135635375977, 2.6054468154907227, 2.3071067333221436], [1.8851135969161987, 2.645447015762329, 2.3071067333221436]], [['LLeg', 0.5, [-0.020625224336981773, 0.12681624293327332, 0.2945244312286377]]], []]
[INFO] [1545223880.389376]: Step leg: 0; target: -0.001758 -0.094323 0.000000
[[[1.8049999475479126, 2.5450000762939453, 2.601630926132202], [1.8851135969161987, 2.645447015762329, 2.3071064949035645]], [['RLeg', 0.5, [-0.0017582109430804849, -0.09432342648506165, 0.0]]], []]
[INFO] [1545223882.343967]: Step leg: 1; target: -0.025678 0.101196 0.294525
[[[1.8050000667572021, 2.5450000762939453, 2.6016311645507812], [1.8550000190734863, 2.625, 2.6016311645507812]], [['LLeg', 0.5, [-0.025678422302007675, 0.10119590908288956, 0.29452478885650635]]], []]
[INFO] [1545223884.304463]: Step leg: 0; target: 0.031569 -0.084873 0.000000
[[[1.8250000476837158, 2.5250000953674316, 2.896156072616577], [1.8550000190734863, 2.625000238418579, 2.6016311645507812]], [['RLeg', 0.5, [0.03156852722167969, -0.08799999952316284, 0.0]]], []]
[INFO] [1545223886.274341]: Step leg: 1; target: -0.021887 0.131661 0.294524
[[[1.8250000476837158, 2.5250000953674316, 2.896155595779419], [1.8157598972320557, 2.6180334091186523, 2.896155595779419]], [['LLeg', 0.5, [-0.02188699319958687, 0.13166095316410065, 0.2945241928100586]]], []]
[INFO] [1545223888.250070]: Step leg: 0; target: 0.025548 -0.091364 0.000000
[[[1.8049999475479126, 2.4850001335144043, -3.092505693435669], [1.8157600164413452, 2.6180334091186523, 2.89615535736084]], [['RLeg', 0.5, [0.025547772645950317, -0.09136362373828888, 0.0]]], []]
[INFO] [1545223890.255089]: Step leg: 1; target: 0.016367 0.129353 0.294525
[[[1.8049999475479126, 2.4850003719329834, -3.092505931854248], [1.774999976158142, 2.575000286102295, -3.092505931854248]], [['LLeg', 0.5, [0.016366658732295036, 0.12935292720794678, 0.2945249676704407]]], []]
[INFO] [1545223892.234515]: Step leg: 0; target: 0.032910 -0.086121 0.000000
[[[1.7649999856948853, 2.444999933242798, -2.797980785369873], [1.774999976158142, 2.575000286102295, -3.092505931854248]], [['RLeg', 0.5, [0.03291035443544388, -0.08799999952316284, 0.0]]], []]
[INFO] [1545223894.189246]: Step leg: 1; target: 0.024273 0.099402 0.294524
[[[1.7649998664855957, 2.444999933242798, -2.797980785369873], [1.7043670415878296, 2.51676869392395, -2.797980785369873]], [['LLeg', 0.5, [0.024273479357361794, 0.09940177202224731, 0.2945241332054138]]], []]
[INFO] [1545223896.154320]: Step leg: 0; target: 0.050536 -0.099730 0.000000
[[[1.715000033378601, 2.4150002002716064, -2.5034568309783936], [1.7043670415878296, 2.5167689323425293, -2.797980785369873]], [['RLeg', 0.5, [0.050535768270492554, -0.09973040968179703, 1.1613165895596467e-07]]], []]
[INFO] [1545223898.104448]: Step leg: 1; target: 0.023292 0.132127 0.294524
[[[1.7150001525878906, 2.4150002002716064, -2.5034565925598145], [1.6150002479553223, 2.4650003910064697, -2.5034565925598145]], [['LLeg', 0.5, [0.023291759192943573, 0.13212712109088898, 0.2945241928100586]]], []]
[INFO] [1545223900.064094]: Step leg: 0; target: 0.049463 -0.100267 -0.000000
[[[1.6750000715255737, 2.3450000286102295, -2.208932399749756], [1.6150001287460327, 2.4650003910064697, -2.5034565925598145]], [['RLeg', 0.5, [0.04946294054389, -0.1002669557929039, -4.484615701016992e-08]]], []]
[INFO] [1545223902.024205]: Step leg: 1; target: 0.034472 0.087816 0.000000
[[[1.6750001907348633, 2.3450000286102295, -2.208932399749756], [1.5649999380111694, 2.365000009536743, -2.208932399749756]], [['LLeg', 0.5, [0.03447163850069046, 0.08799999952316284, 0.0]]], []]
[INFO] [1545223903.994365]: Step leg: 0; target: 0.049463 -0.100450 0.000000
[[[1.6151474714279175, 2.2848904132843018, -2.208932399749756], [1.5649999380111694, 2.365000009536743, -2.208932399749756]], [['RLeg', 0.5, [0.0494627021253109, -0.10045045614242554, 6.698752486045123e-08]]], []]
[INFO] [1545223905.980623]: Step leg: 1; target: 0.050536 0.099730 0.000000
[[[1.6151474714279175, 2.2848904132843018, -2.208932399749756], [1.5049999952316284, 2.304999828338623, -2.208932399749756]], [['LLeg', 0.5, [0.05053556710481644, 0.09973017871379852, 9.902858089105848e-09]]], []]
[INFO] [1545223907.970272]: Step leg: 0; target: 0.049463 -0.100267 0.000000
[[[1.5550000667572021, 2.2049999237060547, -2.208932399749756], [1.5049999952316284, 2.304999828338623, -2.208932399749756]], [['RLeg', 0.5, [0.04946260154247284, -0.10026692599058151, 7.405614610433986e-08]]], []]
[INFO] [1545223909.985118]: Step leg: 1; target: 0.050536 0.099730 0.000000
[[[1.5550001859664917, 2.205000162124634, -2.208932399749756], [1.4450000524520874, 2.2250001430511475, -2.208932399749756]], [['LLeg', 0.5, [0.050535913556814194, 0.09973032772541046, 2.7166768390429752e-08]]], []]
[INFO] [1545223911.974728]: Step leg: 0; target: 0.049463 -0.100267 0.000000
[[[1.494999885559082, 2.125, -2.208932399749756], [1.4450000524520874, 2.2249999046325684, -2.208932399749756]], [['RLeg', 0.5, [0.04946274682879448, -0.10026677697896957, 5.054218732425397e-08]]], []]
[INFO] [1545223913.979836]: Step leg: 1; target: 0.050536 0.099730 0.000000
[[[1.494999885559082, 2.125, -2.208932399749756], [1.3849999904632568, 2.1449999809265137, -2.208932399749756]], [['LLeg', 0.5, [0.05053573474287987, 0.09973035752773285, 1.1504496022496369e-08]]], []]
[INFO] [1545223915.944434]: Step leg: 0; target: 0.049463 -0.100267 0.000000
[[[1.434999942779541, 2.044999599456787, -2.208932399749756], [1.3849997520446777, 2.1449999809265137, -2.208932399749756]], [['RLeg', 0.5, [0.049462731927633286, -0.10026714950799942, 6.89199168846244e-08]]], []]
[INFO] [1545223917.909203]: Step leg: 1; target: 0.050536 0.099730 0.000000
[[[1.434999942779541, 2.044999837875366, -2.208932399749756], [1.3249998092651367, 2.06499981880188, -2.208932399749756]], [['LLeg', 0.5, [0.05053551122546196, 0.09973040223121643, 1.3883580507467741e-08]]], []]
[INFO] [1545223919.864240]: Step leg: 0; target: 0.049463 -0.100267 0.000000
[[[1.3750001192092896, 1.964999794960022, -2.208932399749756], [1.3249998092651367, 2.06499981880188, -2.208932399749756]], [['RLeg', 0.5, [0.049462735652923584, -0.1002669706940651, 7.755657804864313e-08]]], []]
[INFO] [1545223921.834458]: Step leg: 1; target: 0.050536 0.099730 0.000000
[[[1.3750001192092896, 1.9649996757507324, -2.208932399749756], [1.2649999856948853, 1.9850000143051147, -2.208932399749756]], [['LLeg', 0.5, [0.05053580924868584, 0.09973032772541046, 3.931899428266661e-08]]], []]
[INFO] [1545223923.789230]: Step leg: 0; target: 0.049463 -0.100267 0.000000
[[[1.315000057220459, 1.8849998712539673, -2.208932399749756], [1.2649998664855957, 1.9850000143051147, -2.208932399749756]], [['RLeg', 0.5, [0.049462705850601196, -0.10026685893535614, 5.54623547088795e-08]]], []]
[INFO] [1545223925.754628]: Step leg: 1; target: 0.050536 0.099730 0.000000
[[[1.315000057220459, 1.8849997520446777, -2.208932399749756], [1.2050000429153442, 1.9049997329711914, -2.208932399749756]], [['LLeg', 0.5, [0.05053573474287987, 0.0997302457690239, 1.2824884487727672e-09]]], []]
[INFO] [1545223927.724384]: Step leg: 0; target: 0.049463 -0.100267 0.000000
[[[1.255000114440918, 1.804999828338623, -2.208932399749756], [1.2050000429153442, 1.9049997329711914, -2.208932399749756]], [['RLeg', 0.5, [0.04946264252066612, -0.10026700049638748, 5.299583349938075e-08]]], []]
[INFO] [1545223929.730008]: Step leg: 1; target: 0.050536 0.099730 -0.000000
[[[1.2550002336502075, 1.804999828338623, -2.208932399749756], [1.1449999809265137, 1.8250000476837158, -2.208932399749756]], [['LLeg', 0.5, [0.050535835325717926, 0.09973035752773285, -1.6126711077646405e-09]]], []]
[INFO] [1545223931.709694]: Step leg: 0; target: 0.049463 -0.100267 0.000000
[[[1.1950000524520874, 1.7249997854232788, -2.208932399749756], [1.1449999809265137, 1.8250000476837158, -2.208932399749756]], [['RLeg', 0.5, [0.04946285858750343, -0.1002669557929039, 8.650392402387297e-08]]], []]
[INFO] [1545223933.679396]: Step leg: 1; target: 0.050536 0.099730 0.000000
[[[1.1950000524520874, 1.7249996662139893, -2.208932399749756], [1.084999680519104, 1.744999885559082, -2.208932399749756]], [['LLeg', 0.5, [0.05053555220365524, 0.09973044693470001, 2.9637549303629385e-08]]], []]
[INFO] [1545223935.629522]: Step leg: 0; target: 0.049463 -0.100267 0.000000
[[[1.1349999904632568, 1.6449998617172241, -2.208932399749756], [1.0849995613098145, 1.7449997663497925, -2.208932399749756]], [['RLeg', 0.5, [0.04946272075176239, -0.10026682913303375, 8.740177293020679e-08]]], []]
[INFO] [1545223937.594256]: Step leg: 1; target: 0.050536 0.099730 0.000000
[[[1.1350001096725464, 1.6449997425079346, -2.208932399749756], [1.0250000953674316, 1.6649999618530273, -2.208932399749756]], [['LLeg', 0.5, [0.050535719841718674, 0.0997302308678627, 5.643057932047668e-08]]], []]
[INFO] [1545223939.554252]: Step leg: 0; target: 0.049463 -0.100267 -0.000000
[[[1.0750000476837158, 1.565000057220459, -2.208932399749756], [1.024999976158142, 1.6649999618530273, -2.208932399749756]], [['RLeg', 0.5, [0.04946288838982582, -0.1002669483423233, -1.1785401099473347e-08]]], []]
[INFO] [1545223941.509641]: Step leg: 1; target: 0.050536 0.099730 0.000000
[[[1.075000286102295, 1.5649999380111694, -2.208932399749756], [0.9649999737739563, 1.584999918937683, -2.208932399749756]], [['LLeg', 0.5, [0.0505356527864933, 0.09973043948411942, 6.789573347987243e-08]]], []]
[INFO] [1545223943.469124]: Step leg: 0; target: 0.049463 -0.100267 0.000000
[[[1.0150002241134644, 1.4849998950958252, -2.208932399749756], [0.9649999737739563, 1.584999918937683, -2.208932399749756]], [['RLeg', 0.5, [0.04946281015872955, -0.10026706755161285, 6.174472044762069e-09]]], []]
[INFO] [1545223945.429281]: Step leg: 1; target: 0.022558 0.103881 0.294524
[[[1.015000343322754, 1.4849998950958252, -2.208932399749756], [0.9050000309944153, 1.505000114440918, -2.208932399749756]], [['LLeg', 0.5, [0.02255769446492195, 0.10388055443763733, 0.2945244014263153]]], []]
[INFO] [1545223947.419885]: Step leg: 0; target: 0.046473 -0.100201 -0.000000
[[[0.9750001430511475, 1.4249999523162842, -1.9144079685211182], [0.9050000309944153, 1.5049999952316284, -2.208932638168335]], [['RLeg', 0.5, [0.04647333547472954, -0.10020112991333008, -2.5255078028862954e-09]]], []]
[INFO] [1545223949.409956]: Step leg: 1; target: 0.016757 0.101584 0.294524
[[[0.9750002026557922, 1.4250000715255737, -1.9144080877304077], [0.8649999499320984, 1.4150002002716064, -1.9144080877304077]], [['LLeg', 0.5, [0.01675719954073429, 0.1015835851430893, 0.2945243716239929]]], []]
[INFO] [1545223951.399637]: Step leg: 0; target: 0.054847 -0.097426 -0.000000
[[[0.955000102519989, 1.3650000095367432, -1.61988365650177], [0.8649999499320984, 1.415000319480896, -1.9144082069396973]], [['RLeg', 0.5, [0.05484665557742119, -0.09742628037929535, -2.490280692768465e-08]]], []]
[INFO] [1545223953.359801]: Step leg: 1; target: 0.015069 0.100861 0.294524
[[[0.955000102519989, 1.3650000095367432, -1.61988365650177], [0.8549998998641968, 1.3149999380111694, -1.61988365650177]], [['LLeg', 0.5, [0.015069046057760715, 0.10086096823215485, 0.29452428221702576]]], []]
[INFO] [1545223955.329529]: Step leg: 0; target: 0.038745 -0.133412 0.000000
[[[0.955000102519989, 1.2950000762939453, -1.325359582901001], [0.8549999594688416, 1.3149999380111694, -1.6198838949203491]], [['RLeg', 0.5, [0.03874466195702553, -0.1334124505519867, 2.0316997861868913e-08]]], []]
[INFO] [1545223957.319605]: Step leg: 1; target: 0.024298 0.097003 0.294524
[[[0.9550001621246338, 1.2950000762939453, -1.325359582901001], [0.8349999785423279, 1.225000023841858, -1.325359582901001]], [['LLeg', 0.5, [0.02429797686636448, 0.0970032587647438, 0.2669128179550171]]], []]
[INFO] [1545223959.289560]: Step leg: 0; target: 0.000053 -0.116619 0.294524
[[[0.9350001215934753, 1.225000023841858, -1.0584468841552734], [0.8349999189376831, 1.225000023841858, -1.32535982131958]], [['RLeg', 0.5, [5.3442181524587795e-05, -0.11661902815103531, 0.29452431201934814]]], []]
[INFO] [1545223961.264573]: Step leg: 1; target: -0.030802 0.093548 0.294524
[[[0.9350001215934753, 1.225000023841858, -1.0584471225738525], [0.8333816528320312, 1.1677837371826172, -0.7639227509498596]], [['LLeg', 0.5, [-0.03080226108431816, 0.09354796260595322, 0.29452431201934814]]], []]
[INFO] [1545223963.229263]: Step leg: 0; target: 0.001832 -0.120817 0.294524
[[[0.8758512139320374, 1.2566450834274292, -0.469398558139801], [0.8333816528320312, 1.1677837371826172, -0.7639229893684387]], [['RLeg', 0.5, [0.0018315956695005298, -0.12081657350063324, 0.29452431201934814]]], []]
[INFO] [1545223965.189200]: Step leg: 1; target: -0.034457 0.095983 0.294524
[[[0.8758512735366821, 1.2566452026367188, -0.46939873695373535], [0.8228332996368408, 1.1480674743652344, -0.17487433552742004]], [['LLeg', 0.5, [-0.03445657715201378, 0.09598304331302643, 0.29452431201934814]]], []]
[INFO] [1545223967.154478]: Step leg: 0; target: 0.004892 -0.100268 0.011670
[[[0.8056018352508545, 1.2485816478729248, 0.11964981257915497], [0.8228332996368408, 1.1480673551559448, -0.17487457394599915]], [['RLeg', 0.5, [0.004892455879598856, -0.10026829689741135, 0.011670342646539211]]], []]
[INFO] [1545224795.992090]: Step leg: 1; target: 0.058624 0.118732 0.310466
[[[0.8056018352508545, 1.2485817670822144, 0.11964967101812363], [0.8224278092384338, 1.1496140956878662, 0.13131999969482422]], [['LLeg', 0.5, [0.058624040335416794, 0.118731789290905, 0.310466468334198]]], []]
[INFO] [1545224797.954522]: Step leg: 0; target: 0.020035 -0.097972 -0.294524
[[[0.8650000095367432, 1.2750000953674316, 0.4417865574359894], [0.8224277496337891, 1.1496140956878662, 0.13131998479366302]], [['RLeg', 0.5, [0.020034929737448692, -0.09797248244285583, -0.29452434182167053]]], []]
[INFO] [1545224799.903915]: Step leg: 1; target: 0.024565 0.097450 0.294524
[[[0.8650000095367432, 1.2750002145767212, 0.4417864680290222], [0.925000011920929, 1.195000171661377, 0.14726205170154572]], [['LLeg', 0.5, [0.02456478960812092, 0.09745023399591446, 0.2761164903640747]]], []]
[INFO] [1545224801.879494]: Step leg: 0; target: 0.053295 -0.100795 0.018408
[[[0.9350000023841858, 1.2950000762939453, 0.42337846755981445], [0.9250000715255737, 1.1950000524520874, 0.147261843085289]], [['RLeg', 0.5, [0.05329452455043793, -0.10079535841941833, 0.018407918512821198]]], []]
[INFO] [1545224803.854582]: Step leg: 1; target: 0.024676 0.098950 0.294524
[[[0.9350000619888306, 1.2950000762939453, 0.42337825894355774], [1.024999976158142, 1.2249999046325684, 0.44178617000579834]], [['LLeg', 0.5, [0.024675782769918442, 0.0989501103758812, 0.2945244610309601]]], []]
[INFO] [1545224805.859947]: Step leg: 0; target: 0.047233 -0.096794 0.000000
[[[1.0049998760223389, 1.3250000476837158, 0.7363106608390808], [1.024999976158142, 1.2249999046325684, 0.44178614020347595]], [['RLeg', 0.5, [0.04723282903432846, -0.09679394215345383, 1.738066970347063e-07]]], []]
[INFO] [1545224807.855274]: Step leg: 1; target: 0.051643 0.101651 -0.000000
[[[1.0049998760223389, 1.3250000476837158, 0.7363106608390808], [1.1050000190734863, 1.2850000858306885, 0.7363107800483704]], [['LLeg', 0.5, [0.05164293199777603, 0.10165134817361832, -1.1116045861570001e-08]]], []]
[INFO] [1545224809.860474]: Step leg: 0; target: 0.047233 -0.096794 -0.000000
[[[1.075000286102295, 1.3950001001358032, 0.7363108396530151], [1.1050001382827759, 1.2850000858306885, 0.7363108396530151]], [['RLeg', 0.5, [0.04723263159394264, -0.09679406881332397, -1.8987446281926168e-08]]], []]
[INFO] [1545224811.829329]: Step leg: 1; target: 0.051643 0.101652 -0.000000
[[[1.0750001668930054, 1.3950001001358032, 0.7363108396530151], [1.1750003099441528, 1.3549998998641968, 0.7363108396530151]], [['LLeg', 0.5, [0.05164279788732529, 0.10165168344974518, -9.264127953656498e-08]]], []]
[INFO] [1545224813.784470]: Step leg: 0; target: 0.047233 -0.096794 0.000000
[[[1.1449999809265137, 1.465000033378601, 0.7363108396530151], [1.1750003099441528, 1.3549998998641968, 0.7363110780715942]], [['RLeg', 0.5, [0.04723271727561951, -0.09679397195577621, 4.380239815304776e-08]]], []]
[INFO] [1545224815.759522]: Step leg: 1; target: 0.051643 0.101651 -0.000000
[[[1.1449999809265137, 1.465000033378601, 0.7363108396530151], [1.2450000047683716, 1.4249999523162842, 0.7363110780715942]], [['LLeg', 0.5, [0.051643021404743195, 0.10165141522884369, -1.6191837914902862e-07]]], []]
[INFO] [1545224817.704991]: Step leg: 0; target: 0.047233 -0.096794 -0.000000
[[[1.2149999141693115, 1.534999966621399, 0.7363108396530151], [1.2450000047683716, 1.4249998331069946, 0.7363110184669495]], [['RLeg', 0.5, [0.04723270609974861, -0.09679405391216278, -9.327388283963955e-08]]], []]
[INFO] [1545224819.664584]: Step leg: 1; target: 0.051643 0.101652 -0.000000
[[[1.2149999141693115, 1.534999966621399, 0.7363108396530151], [1.315000057220459, 1.4949997663497925, 0.7363108396530151]], [['LLeg', 0.5, [0.05164305865764618, 0.10165156424045563, -3.6282539639387323e-08]]], []]
[INFO] [1545224821.624337]: Step leg: 0; target: 0.047233 -0.096794 -0.000000
[[[1.284999966621399, 1.6050000190734863, 0.7363110780715942], [1.315000057220459, 1.4949997663497925, 0.7363108396530151]], [['RLeg', 0.5, [0.04723275825381279, -0.09679397940635681, -7.027280446436635e-08]]], []]
[INFO] [1545224823.639494]: Step leg: 1; target: 0.051643 0.101651 -0.000000
[[[1.284999966621399, 1.6050000190734863, 0.7363110780715942], [1.3849999904632568, 1.5649999380111694, 0.7363110780715942]], [['LLeg', 0.5, [0.05164305493235588, 0.10165145248174667, -2.1312052922439761e-07]]], []]
[INFO] [1545224825.589131]: Step leg: 0; target: 0.047233 -0.096794 -0.000000
[[[1.3549998998641968, 1.6750000715255737, 0.7363108396530151], [1.3849999904632568, 1.5649999380111694, 0.7363110780715942]], [['RLeg', 0.5, [0.04723275080323219, -0.09679403901100159, -8.110079363632394e-08]]], []]
[INFO] [1545224827.559766]: Step leg: 1; target: 0.051643 0.101651 -0.000000
[[[1.3549998998641968, 1.6750000715255737, 0.7363108396530151], [1.4550000429153442, 1.6349999904632568, 0.7363108396530151]], [['LLeg', 0.5, [0.051642924547195435, 0.1016513928771019, -3.823132388447448e-08]]], []]
[INFO] [1545224829.520360]: Step leg: 0; target: 0.047233 -0.096794 -0.000000
[[[1.4249999523162842, 1.7450000047683716, 0.7363108396530151], [1.4550000429153442, 1.6349999904632568, 0.7363108396530151]], [['RLeg', 0.5, [0.04723275452852249, -0.09679394215345383, -3.727817698973013e-08]]], []]
[INFO] [1545224831.479577]: Step leg: 1; target: 0.051643 0.101651 -0.000000
[[[1.4249999523162842, 1.7450001239776611, 0.7363108396530151], [1.524999976158142, 1.7050000429153442, 0.7363108396530151]], [['LLeg', 0.5, [0.05164306238293648, 0.10165145248174667, -8.16619589727452e-08]]], []]
[INFO] [1545224833.439813]: Step leg: 0; target: 0.047233 -0.096794 0.000000
[[[1.4950000047683716, 1.8150001764297485, 0.7363108396530151], [1.524999976158142, 1.7050000429153442, 0.7363108396530151]], [['RLeg', 0.5, [0.04723261296749115, -0.09679406881332397, 2.6043121437169248e-08]]], []]
[INFO] [1545224835.399971]: Step leg: 1; target: 0.051643 0.101651 -0.000000
[[[1.494999885559082, 1.8150001764297485, 0.7363108396530151], [1.5950000286102295, 1.774999976158142, 0.7363108396530151]], [['LLeg', 0.5, [0.05164299160242081, 0.10165145993232727, -4.1054342148072465e-08]]], []]
[INFO] [1545224837.375190]: Step leg: 0; target: 0.047233 -0.096794 -0.000000
[[[1.5649999380111694, 1.8850001096725464, 0.7363108396530151], [1.5950000286102295, 1.774999976158142, 0.7363108396530151]], [['RLeg', 0.5, [0.04723276570439339, -0.09679408371448517, -5.009389880683557e-08]]], []]
[INFO] [1545224839.374972]: Step leg: 1; target: 0.051643 0.101651 0.000000
[[[1.5649999380111694, 1.8850001096725464, 0.7363110780715942], [1.6649999618530273, 1.8450000286102295, 0.7363108992576599]], [['LLeg', 0.5, [0.05164288356900215, 0.1016514003276825, 1.4881946786005074e-09]]], []]
[INFO] [1545224841.380158]: Step leg: 0; target: 0.047233 -0.096794 -0.000000
[[[1.6349998712539673, 1.9550000429153442, 0.7363108396530151], [1.6649999618530273, 1.8450000286102295, 0.7363108396530151]], [['RLeg', 0.5, [0.04723285883665085, -0.09679405391216278, -4.268923348149656e-08]]], []]
[INFO] [1545224843.384854]: Step leg: 1; target: 0.051643 0.101651 -0.000000
[[[1.6349998712539673, 1.9550000429153442, 0.7363109588623047], [1.7349998950958252, 1.9149999618530273, 0.7363107204437256]], [['LLeg', 0.5, [0.05164297670125961, 0.10165134817361832, -2.493050388352458e-08]]], []]
[INFO] [1545224845.390234]: Step leg: 0; target: 0.047233 -0.096794 0.000000
[[[1.7049999237060547, 2.0250000953674316, 0.7363108396530151], [1.7349998950958252, 1.9149999618530273, 0.7363108396530151]], [['RLeg', 0.5, [0.04723280295729637, -0.0967940092086792, 1.0205383205175167e-08]]], []]
[INFO] [1545224847.390075]: Step leg: 1; target: 0.051643 0.101651 -0.000000
[[[1.7049998044967651, 2.0250003337860107, 0.7363108396530151], [1.8050000667572021, 1.9850001335144043, 0.7363108396530151]], [['LLeg', 0.5, [0.05164289101958275, 0.10165137052536011, -4.9774534716107155e-08]]], []]
[INFO] [1545224849.384658]: Step leg: 0; target: 0.047233 -0.096794 0.000000
[[[1.774999976158142, 2.0950002670288086, 0.7363107204437256], [1.8050000667572021, 1.9850001335144043, 0.7363109588623047]], [['RLeg', 0.5, [0.04723266512155533, -0.09679403901100159, 5.706569794483585e-08]]], []]
[INFO] [1545224851.354359]: Step leg: 1; target: 0.051643 0.101651 -0.000000
[[[1.774999976158142, 2.0950002670288086, 0.7363108396530151], [1.875, 2.0550003051757812, 0.7363108396530151]], [['LLeg', 0.5, [0.05164286494255066, 0.10165126621723175, -3.8485914899411e-08]]], []]
[INFO] [1545224853.354319]: Step leg: 0; target: 0.047233 -0.096794 -0.000000
[[[1.8450000286102295, 2.1650002002716064, 0.7363108396530151], [1.875, 2.0550005435943604, 0.7363108396530151]], [['RLeg', 0.5, [0.04723257198929787, -0.09679407626390457, -6.695915288901233e-08]]], []]
[INFO] [1545224855.304166]: Step leg: 1; target: 0.051643 0.101651 0.000000
[[[1.84499990940094, 2.1650002002716064, 0.7363110780715942], [1.9449998140335083, 2.125, 0.7363108396530151]], [['LLeg', 0.5, [0.05164293944835663, 0.1016514003276825, 6.251929107747856e-08]]], []]
[INFO] [1545224857.309818]: Step leg: 0; target: 0.047233 -0.096794 -0.000000
[[[1.9149997234344482, 2.2350003719329834, 0.7363110780715942], [1.9449998140335083, 2.125, 0.7363108396530151]], [['RLeg', 0.5, [0.04723281040787697, -0.09679428488016129, -2.3106949242901464e-07]]], []]
[INFO] [1545224859.264072]: Step leg: 1; target: 0.051643 0.101651 -0.000000
[[[1.9149996042251587, 2.2350003719329834, 0.7363112568855286], [2.015000104904175, 2.195000171661377, 0.7363108992576599]], [['LLeg', 0.5, [0.051642730832099915, 0.10165134817361832, -3.5421351185505046e-08]]], []]
[INFO] [1545224861.224353]: Step leg: 0; target: 0.018983 -0.098182 -0.294524
[[[1.9849997758865356, 2.305000066757202, 0.7363108396530151], [2.015000104904175, 2.195000410079956, 0.7363108396530151]], [['RLeg', 0.5, [0.018982572481036186, -0.09818191081285477, -0.2945243716239929]]], []]
[INFO] [1545224863.194466]: Step leg: 1; target: 0.029440 0.085635 0.000000
[[[1.9849997758865356, 2.305000066757202, 0.7363108396530151], [2.06499981880188, 2.244999885559082, 0.4417864680290222]], [['LLeg', 0.5, [0.02944006584584713, 0.08799999952316284, 0.0]]], []]
[INFO] [1545224865.180131]: Step leg: 0; target: 0.051430 -0.104125 -0.000000
[[[2.053988456726074, 2.3371381759643555, 0.44178643822669983], [2.065000057220459, 2.245000123977661, 0.44178643822669983]], [['RLeg', 0.5, [0.05143043398857117, -0.10412462800741196, -5.399821034757224e-08]]], []]
[INFO] [1545224867.180336]: Step leg: 1; target: 0.029440 0.085635 0.000000
[[[2.053988456726074, 2.3371381759643555, 0.4417864680290222], [2.1450002193450928, 2.265000104904175, 0.44178643822669983]], [['LLeg', 0.5, [0.02944006584584713, 0.08799999952316284, 0.0]]], []]
[INFO] [1545224869.149425]: Step leg: 0; target: 0.051430 -0.104125 0.000000
[[[2.133989095687866, 2.3571383953094482, 0.44178643822669983], [2.145000457763672, 2.2649998664855957, 0.44178643822669983]], [['RLeg', 0.5, [0.05143013596534729, -0.10412464290857315, 2.6117554341453797e-08]]], []]
[INFO] [1545224871.104229]: Step leg: 1; target: 0.029440 0.085635 0.000000
[[[2.133989095687866, 2.3571383953094482, 0.44178643822669983], [2.2250003814697266, 2.2850000858306885, 0.44178643822669983]], [['LLeg', 0.5, [0.02944006584584713, 0.08799999952316284, 0.0]]], []]
[INFO] [1545224873.069302]: Step leg: 0; target: 0.051430 -0.104124 0.000000
[[[2.2139892578125, 2.377138137817383, 0.44178643822669983], [2.2250003814697266, 2.2849998474121094, 0.4417864680290222]], [['RLeg', 0.5, [0.051429763436317444, -0.10412445664405823, 4.00715016724007e-08]]], []]
[INFO] [1545224875.029172]: Step leg: 1; target: 0.047031 0.099439 0.000000
[[[2.213989496231079, 2.377138137817383, 0.44178643822669983], [2.3050003051757812, 2.304999828338623, 0.44178643822669983]], [['LLeg', 0.5, [0.04703093320131302, 0.09943906217813492, 7.446677496858456e-09]]], []]
[INFO] [1545224876.994292]: Step leg: 0; target: -0.000042 -0.098254 -0.020647
[[[2.305000066757202, 2.4149999618530273, 0.44178643822669983], [2.3050005435943604, 2.304999828338623, 0.44178643822669983]], [['RLeg', 0.5, [-4.1689880163175985e-05, -0.09825410693883896, -0.020647287368774414]]], []]
[INFO] [1545225057.415522]: Step leg: 1; target: 0.055908 0.105173 0.167910
[[[2.305000066757202, 2.4149999618530273, 0.4417862892150879], [2.3469717502593994, 2.3261613845825195, 0.4211390018463135]], [['LLeg', 0.5, [0.05590812489390373, 0.1051730290055275, 0.1679096221923828]]], []]
[INFO] [1545225059.420168]: Step leg: 0; target: 0.019313 -0.097093 -0.294524
[[[2.3550000190734863, 2.445000171661377, 0.589048445224762], [2.3469717502593994, 2.3261613845825195, 0.42113879323005676]], [['RLeg', 0.5, [0.019312744960188866, -0.0970928892493248, -0.2761164903640747]]], []]
[INFO] [1545225061.419892]: Step leg: 1; target: 0.052892 0.098501 -0.018408
[[[2.3550002574920654, 2.445000171661377, 0.5890486240386963], [2.424999952316284, 2.375, 0.31293201446533203]], [['LLeg', 0.5, [0.052892252802848816, 0.0985008031129837, -0.018407676368951797]]], []]
[INFO] [1545225063.415113]: Step leg: 0; target: 0.021721 -0.100639 -0.294524
[[[2.444999933242798, 2.4850001335144043, 0.29452431201934814], [2.424999952316284, 2.375, 0.31293201446533203]], [['RLeg', 0.5, [0.021721461787819862, -0.10063914209604263, -0.2945244610309601]]], []]
[INFO] [1545225065.420090]: Step leg: 1; target: 0.050000 0.100000 0.000000
[[[2.445000171661377, 2.4850001335144043, 0.29452428221702576], [2.4950003623962402, 2.3949999809265137, -2.086162567138672e-07]], [['LLeg', 0.5, [0.04999975860118866, 0.10000038146972656, 1.137116285576667e-07]]], []]
[INFO] [1545225067.384699]: Step leg: 0; target: 0.050000 -0.100000 0.000000
[[[2.5450000762939453, 2.4950003623962402, -1.1915130926354323e-07], [2.4950003623962402, 2.3949999809265137, -2.3288909289931325e-07]], [['RLeg', 0.5, [0.04999985173344612, -0.10000047087669373, 5.630334243278412e-08]]], []]
[INFO] [1545225069.359275]: Step leg: 1; target: 0.050000 0.100000 0.000000
[[[2.544999837875366, 2.4950003623962402, -1.753253684455558e-07], [2.5950000286102295, 2.3949997425079346, -1.1932959864680015e-07]], [['LLeg', 0.5, [0.05000002682209015, 0.10000024735927582, 6.29848173616665e-08]]], []]
[INFO] [1545225071.324907]: Step leg: 0; target: 0.050000 -0.100000 0.000000
[[[2.6449999809265137, 2.495000123977661, -1.1940028343815356e-07], [2.5950000286102295, 2.3949997425079346, -1.8191531125921756e-07]], [['RLeg', 0.5, [0.050000060349702835, -0.10000018775463104, 5.642657541216067e-08]]], []]
[INFO] [1545225073.339936]: Step leg: 1; target: 0.050000 0.100000 0.000000
[[[2.6449999809265137, 2.495000123977661, -1.7572843091784307e-07], [2.694999933242798, 2.3949999809265137, -1.1938341515360662e-07]], [['LLeg', 0.5, [0.050000011920928955, 0.10000009834766388, 6.77132732107566e-08]]], []]
[INFO] [1545225075.314827]: Step leg: 0; target: 0.050000 -0.100000 0.000000
[[[2.744999885559082, 2.495000123977661, -1.1929869003779459e-07], [2.694999933242798, 2.3949999809265137, -1.8681957669741678e-07]], [['RLeg', 0.5, [0.04999999701976776, -0.09999999403953552, 5.7775896067369104e-08]]], []]
[INFO] [1545225077.264430]: Step leg: 1; target: 0.050000 0.100000 0.000000
[[[2.744999885559082, 2.495000123977661, -1.7727401768752316e-07], [2.794999837875366, 2.3949999809265137, -1.1929918741770962e-07]], [['LLeg', 0.5, [0.050000179558992386, 0.1000000536441803, 6.128740892563656e-08]]], []]
[INFO] [1545225079.229648]: Step leg: 0; target: 0.050000 -0.100000 0.000000
[[[2.8450000286102295, 2.495000123977661, -1.1923928866508504e-07], [2.794999599456787, 2.3949999809265137, -1.8070657858970662e-07]], [['RLeg', 0.5, [0.05000002682209015, -0.10000013560056686, 5.785668122371135e-08]]], []]
[INFO] [1545225081.219629]: Step leg: 1; target: 0.050000 0.100000 0.000000
[[[2.8450000286102295, 2.4950003623962402, -1.7726142687024549e-07], [2.8949999809265137, 2.3949999809265137, -1.1928659660043195e-07]], [['LLeg', 0.5, [0.05000007525086403, 0.09999996423721313, 6.146984077304296e-08]]], []]
[INFO] [1545225083.544768]: Step leg: 0; target: 0.050000 -0.100000 0.000000
[[[2.945000171661377, 2.494999885559082, -1.1930680443583697e-07], [2.8949999809265137, 2.3949997425079346, -1.8042484839497774e-07]], [['RLeg', 0.5, [0.0499998964369297, -0.10000023245811462, 5.786064249946321e-08]]], []]
[INFO] [1545225085.504262]: Step leg: 1; target: 0.050000 0.100001 0.000000
[[[2.945000171661377, 2.494999885559082, -1.773871645127656e-07], [2.995000123977661, 2.3949995040893555, -1.1929591892112512e-07]], [['LLeg', 0.5, [0.049999915063381195, 0.10000059753656387, 6.130995444664222e-08]]], []]
[INFO] [1545225087.469403]: Step leg: 0; target: 0.050000 -0.100000 0.000000
[[[3.0450000762939453, 2.495000123977661, -1.1913311936950777e-07], [2.995000123977661, 2.3949995040893555, -1.810660705814371e-07]], [['RLeg', 0.5, [0.04999997839331627, -0.10000018775463104, 5.7961390353966635e-08]]], []]
[INFO] [1545225089.424318]: Step leg: 1; target: 0.050000 0.100000 0.000000
[[[3.0450000762939453, 2.495000123977661, -1.7718990363846387e-07], [3.0950000286102295, 2.3949997425079346, -1.1933148869047727e-07]], [['LLeg', 0.5, [0.05000000447034836, 0.10000032931566238, 6.124800933093866e-08]]], []]
[INFO] [1545225091.389554]: Step leg: 0; target: 0.050000 -0.100000 0.000000
[[[3.1449999809265137, 2.495000123977661, -1.1932685595184012e-07], [3.0950000286102295, 2.3949997425079346, -1.8067773055463476e-07]], [['RLeg', 0.5, [0.050000060349702835, -0.10000007599592209, 5.8057921137333324e-08]]], []]
[INFO] [1545225093.385029]: Step leg: 1; target: 0.020000 0.100000 0.294524
[[[3.1449999809265137, 2.495000123977661, -1.7703584376249637e-07], [3.1949996948242188, 2.3949999809265137, -1.1941025945816364e-07]], [['LLeg', 0.5, [0.02000020071864128, 0.10000006854534149, 0.2945243716239929]]], []]
[INFO] [1545225095.349626]: Step leg: 0; target: 0.053332 -0.099778 0.000000
[[[3.2149999141693115, 2.495000123977661, 0.29452407360076904], [3.194999933242798, 2.3949999809265137, -3.5762786865234375e-07]], [['RLeg', 0.5, [0.05333248898386955, -0.0997781902551651, 7.675003388385448e-08]]], []]
[INFO] [1545225097.345023]: Step leg: 1; target: 0.019459 0.098597 0.294525
[[[3.2149999141693115, 2.495000123977661, 0.2945238947868347], [3.2950000762939453, 2.4149999618530273, 0.2945239245891571]], [['LLeg', 0.5, [0.01945892535150051, 0.09859693050384521, 0.29452455043792725]]], []]
[INFO] [1545225099.304240]: Step leg: 0; target: 0.049813 -0.105445 0.000000
[[[3.2849998474121094, 2.515000104904175, 0.589048445224762], [3.2950000762939453, 2.4149999618530273, 0.29452377557754517]], [['RLeg', 0.5, [0.04981283098459244, -0.10544537752866745, 1.0320968613086734e-07]]], []]
[INFO] [1545225101.304824]: Step leg: 1; target: 0.016743 0.097055 0.294524
[[[3.2849996089935303, 2.5149998664855957, 0.5890483856201172], [3.3849997520446777, 2.4549999237060547, 0.5890485048294067]], [['LLeg', 0.5, [0.016742637380957603, 0.09705514460802078, 0.2669127583503723]]], []]
[INFO] [1545225103.319829]: Step leg: 0; target: 0.057000 -0.096182 0.027612
[[[3.3449997901916504, 2.5450000762939453, 0.8559611439704895], [3.3849997520446777, 2.455000162124634, 0.5890483856201172]], [['RLeg', 0.5, [0.05700019747018814, -0.09618236869573593, 0.027611704543232918]]], []]
[INFO] [1545225105.279225]: Step leg: 1; target: 0.023777 0.097132 0.294524
[[[3.3449997901916504, 2.5450000762939453, 0.8559609651565552], [3.4549999237060547, 2.5250000953674316, 0.8835726976394653]], [['LLeg', 0.5, [0.023777319118380547, 0.09713240712881088, 0.27611666917800903]]], []]
[INFO] [1545225107.244556]: Step leg: 0; target: 0.053125 -0.096839 0.018408
[[[3.3949997425079346, 2.6050004959106445, 1.1596893072128296], [3.4549999237060547, 2.5250000953674316, 0.8835724592208862]], [['RLeg', 0.5, [0.053125057369470596, -0.0968388170003891, 0.01840784028172493]]], []]
[INFO] [1545225109.245176]: Step leg: 1; target: 0.024818 0.096871 0.294524
[[[3.3949997425079346, 2.6050004959106445, 1.1596894264221191], [3.504999876022339, 2.6150002479553223, 1.1780972480773926]], [['LLeg', 0.5, [0.024818047881126404, 0.09687123447656631, 0.2669127583503723]]], []]
[INFO] [1545225111.254673]: Step leg: 0; target: 0.049609 -0.095598 0.000000
[[[3.424999713897705, 2.6750001907348633, 1.4450099468231201], [3.504999876022339, 2.615000009536743, 1.1780970096588135]], [['RLeg', 0.5, [0.04960910230875015, -0.09559778869152069, 0.0]]], []]
[INFO] [1545225113.254933]: Step leg: 1; target: 0.020054 0.102459 0.294524
[[[3.424999713897705, 2.6750001907348633, 1.4450098276138306], [3.5260660648345947, 2.712224006652832, 1.4450098276138306]], [['LLeg', 0.5, [0.02005382813513279, 0.10245898365974426, 0.29452431201934814]]], []]
[INFO] [1545225115.239701]: Step leg: 0; target: 0.054242 -0.098577 0.027612
[[[3.4269323348999023, 2.7449734210968018, 1.7395341396331787], [3.5260660648345947, 2.712224245071411, 1.4450098276138306]], [['RLeg', 0.5, [0.05424206331372261, -0.0985771119594574, 0.027611834928393364]]], []]
[INFO] [1545225117.199813]: Step leg: 1; target: 0.037120 0.135359 -0.000000
[[[3.4269320964813232, 2.744973659515381, 1.7395340204238892], [3.5149996280670166, 2.815000057220459, 1.7671458721160889]], [['LLeg', 0.5, [0.03712048381567001, 0.13535906374454498, -2.316507519140032e-08]]], []]
[INFO] [1545225119.169875]: Step leg: 0; target: 0.051097 -0.101927 0.000000
[[[3.374999523162842, 2.825000047683716, 1.7671459913253784], [3.5149993896484375, 2.815000057220459, 1.7671459913253784]], [['RLeg', 0.5, [0.05109667032957077, -0.10192745178937912, 1.0687995377622883e-08]]], []]
[INFO] [1545225121.185223]: Step leg: 1; target: 0.015554 0.129453 0.294524
[[[3.3749992847442627, 2.825000047683716, 1.7671458721160889], [3.4649996757507324, 2.8949999809265137, 1.7671458721160889]], [['LLeg', 0.5, [0.015554011799395084, 0.12945301830768585, 0.2945241928100586]]], []]
[INFO] [1545225123.149181]: Step leg: 0; target: 0.051089 -0.095341 0.000000
[[[3.3349995613098145, 2.884999990463257, 2.06166934967041], [3.4649996757507324, 2.8949999809265137, 1.7671452760696411]], [['RLeg', 0.5, [0.051089003682136536, -0.09534122794866562, 2.0197887806716608e-07]]], []]
[INFO] [1545225125.104282]: Step leg: 1; target: 0.051854 0.097011 0.000001
[[[3.3349995613098145, 2.8849997520446777, 2.06166934967041], [3.3949999809265137, 2.9749999046325684, 2.06166934967041]], [['LLeg', 0.5, [0.05185362324118614, 0.09701131284236908, 5.167000267647381e-07]]], []]
[INFO] [1545225127.064575]: Step leg: 0; target: 0.051089 -0.095341 0.000000
[[[3.2849996089935303, 2.9749999046325684, 2.0616700649261475], [3.3949997425079346, 2.9749999046325684, 2.0616695880889893]], [['RLeg', 0.5, [0.05108918249607086, -0.09534130245447159, 1.95554662241193e-07]]], []]
[INFO] [1545225129.024377]: Step leg: 1; target: 0.051854 0.097011 -0.000000
[[[3.2849996089935303, 2.9750001430511475, 2.0616698265075684], [3.3449997901916504, 3.065000057220459, 2.0616698265075684]], [['LLeg', 0.5, [0.05185357481241226, 0.09701105952262878, -2.2100861940543837e-07]]], []]
[INFO] [1545225130.989224]: Step leg: 0; target: 0.051089 -0.095341 0.000000
[[[3.2350001335144043, 3.065000057220459, 2.0616698265075684], [3.3449997901916504, 3.06499981880188, 2.0616698265075684]], [['RLeg', 0.5, [0.05108914151787758, -0.0953407883644104, 4.778958100359887e-07]]], []]
[INFO] [1545225132.949170]: Step leg: 1; target: 0.051854 0.097011 0.000000
[[[3.2350001335144043, 3.065000057220459, 2.0616695880889893], [3.2950000762939453, 3.1549999713897705, 2.0616700649261475]], [['LLeg', 0.5, [0.05185368284583092, 0.09701140969991684, 1.0113633663877408e-07]]], []]
[INFO] [1545225134.904098]: Step leg: 0; target: 0.015204 -0.098838 -0.294524
[[[3.184999942779541, 3.1549999713897705, 2.0616700649261475], [3.2950000762939453, 3.1549999713897705, 2.0616698265075684]], [['RLeg', 0.5, [0.015203575603663921, -0.09883763641119003, -0.29452425241470337]]], []]
[INFO] [1545225136.864554]: Step leg: 1; target: 0.037120 0.135359 0.000000
[[[3.18500018119812, 3.1550002098083496, 2.0616703033447266], [3.265000104904175, 3.2150001525878906, 1.7671458721160889]], [['LLeg', 0.5, [0.037120480090379715, 0.13535918295383453, 1.194858789688169e-08]]], []]
[INFO] [1545225138.824136]: Step leg: 0; target: 0.021673 -0.096074 -0.294524
[[[3.125000238418579, 3.2249999046325684, 1.7671458721160889], [3.265000104904175, 3.2150001525878906, 1.7671458721160889]], [['RLeg', 0.5, [0.021673204377293587, -0.09607432782649994, -0.2485049068927765]]], []]
[INFO] [1545225140.794517]: Step leg: 1; target: -0.001810 0.120402 -0.294524
[[[3.125000238418579, 3.2249999046325684, 1.7671457529067993], [3.2150003910064697, 3.2649998664855957, 1.5186408758163452]], [['LLeg', 0.5, [-0.0018102095928043127, 0.12040233612060547, -0.29452431201934814]]], []]
[INFO] [1545225142.754339]: Step leg: 0; target: 0.019791 -0.100042 -0.294524
[[[3.094667673110962, 3.2694690227508545, 1.224116325378418], [3.215000629425049, 3.2649998664855957, 1.5186407566070557]], [['RLeg', 0.5, [0.019790751859545708, -0.10004162043333054, -0.29452431201934814]]], []]
[INFO] [1545225144.704542]: Step leg: 1; target: 0.004745 0.120322 -0.294524
[[[3.094667673110962, 3.2694687843322754, 1.2241166830062866], [3.195482015609741, 3.2540903091430664, 0.9295922517776489]], [['LLeg', 0.5, [0.004745440557599068, 0.12032240629196167, -0.29452431201934814]]], []]
[INFO] [1545225146.669148]: Step leg: 0; target: -0.030613 -0.099814 -0.294524
[[[3.1018967628479004, 3.3298654556274414, 0.6350681185722351], [3.195482015609741, 3.2540903091430664, 0.929592490196228]], [['RLeg', 0.5, [-0.03061293438076973, -0.09981406480073929, -0.29452431201934814]]], []]
[INFO] [1545225148.629485]: Step leg: 1; target: 0.003223 0.113972 -0.294524
[[[3.1018965244293213, 3.3298654556274414, 0.6350682973861694], [3.136465072631836, 3.231351137161255, 0.3405438959598541]], [['LLeg', 0.5, [0.003223104402422905, 0.11397197842597961, -0.29452431201934814]]], []]
[INFO] [1545225150.599216]: Step leg: 0; target: -0.005000 -0.092500 0.000000
[[[3.1014363765716553, 3.3398547172546387, 0.04601966217160225], [3.136465072631836, 3.231351137161255, 0.34054407477378845]], [['RLeg', 0.5, [-0.005000095348805189, -0.09250004589557648, 0.0]]], []]
[INFO] [1545225243.339623]: Stopping nao_footsteps
[INFO] [1545225243.339826]: nao_footsteps stopped
[INFO] [1545225243.449187]: nao_footsteps stopping...
