

1544006994.064811113  Node Startup
1544006994.240719896 WARN [/tmp/binarydeb/ros-kinetic-robot-state-publisher-1.13.6/src/joint_state_listener.cpp:171(main) [topics: /rosout] The 'state_publisher' executable is deprecated. Please use 'robot_state_publisher' instead
1544006994.665793895 INFO [naoqi_logger.py:64(__init__) [topics: /rosout] Logger initialized
1544006994.632245063 INFO [naoqi_sonar.py:63(connectNaoQi) [topics: /rosout] Connecting to NaoQi at 127.0.0.1:9559
1544006994.740521907 INFO [naoqi_sonar.py:63(connectNaoQi) [topics: /rosout] Connecting to NaoQi at 127.0.0.1:9559
1544006994.867724895 INFO [pose_manager.py:139(readInPoses) [topics: /rosout] Loaded 7 poses: ['crouch', 'zero', 'StandZero', 'init', 'Stand', 'StandInit', 'hello']
1544006995.059489011 INFO [pose_manager.py:73(__init__) [topics: /body_pose/feedback, /joint_trajectory/cancel, /rosout, /body_pose/cancel, /joint_trajectory/status, /body_pose/goal, /joint_trajectory/result, /body_pose/status, /body_pose/result, /joint_trajectory/goal, /joint_trajectory/feedback] pose_manager running, offering poses: ['crouch', 'zero', 'StandZero', 'init', 'Stand', 'StandInit', 'hello']
1544006994.945249080 INFO [nao_walker.py:240(<module>) [topics: /speech, /cmd_step, /rosout, /cmd_pose, /cmd_vel] nao_walker running...
1544006995.024374961 INFO [pose_controller.py:446(<module>) [topics: /joint_trajectory/cancel, /rosout, /body_pose_naoqi/feedback, /joint_trajectory/status, /joint_stiffness_trajectory/result, /body_pose_naoqi/result, /joint_angles_action/result, /body_pose_naoqi/goal, /joint_trajectory/goal, /joint_angles_action/feedback, /body_pose_naoqi/cancel, /joint_stiffness_trajectory/feedback, /joint_stiffness, /joint_stiffness_trajectory/cancel, /joint_stiffness_trajectory/goal, /get_life_state, /joint_angles, /joint_angles_action/cancel, /joint_angles_action/goal, /joint_trajectory/result, /joint_angles_action/status, /joint_stiffness_trajectory/status, /joint_trajectory/feedback, /body_pose_naoqi/status] nao pose_controller running...
1544006995.317225933 INFO [naoqi_camera.py:143(reconfigure) [topics: /rosout, /nao_robot/camera/bottom/camera/parameter_descriptions, /nao_robot/camera/bottom/camera/image_raw, /nao_robot/camera/bottom/camera/camera_info, /nao_robot/camera/bottom/camera/parameter_updates] Changes recorded but not applied as nobody is subscribed to the ROS topics.
1544006995.314409017 INFO [naoqi_camera.py:143(reconfigure) [topics: /nao_robot/camera/top/camera/image_raw, /nao_robot/camera/top/camera/parameter_descriptions, /rosout, /nao_robot/camera/top/camera/camera_info, /nao_robot/camera/top/camera/parameter_updates] Changes recorded but not applied as nobody is subscribed to the ROS topics.
1544006995.265259981 INFO [naoqi_microphone.py:70(reconfigure) [topics: /rosout, /nao_robot/microphone/naoqi_microphone/parameter_updates, /nao_robot/microphone/naoqi_microphone/parameter_descriptions, /nao_robot/microphone/naoqi_microphone/audio_raw] Changes recorded but not applied as nobody is subscribed to the ROS topics.
1544006995.602869033 INFO [naoqi_joint_states.py:111(__init__) [topics: /imu, /odom, /joint_states, /rosout, /tf, /joint_stiffness] nao_joint_states initialized
1544006995.571511983 INFO [naoqi_moveto.py:42(connectNaoQi) [topics: /rosout] Connecting to NaoQi at 127.0.0.1:9559
1544007180.646717196 INFO [/tmp/binarydeb/ros-kinetic-rviz-1.12.16/src/rviz/ogre_helpers/render_system.cpp:430(RenderWindow* rviz::RenderSystem::makeRenderWindow) [topics: /rosout] Stereo is NOT SUPPORTED
1544007180.646780383 INFO [/tmp/binarydeb/ros-kinetic-rviz-1.12.16/src/rviz/ogre_helpers/render_system.cpp:211(RenderSystem::detectGlVersion) [topics: /rosout] OpenGl version: 3 (GLSL 1.3).
1544009002.412857240 INFO [/tmp/binarydeb/ros-kinetic-rviz-1.12.16/src/rviz/ogre_helpers/render_system.cpp:430(RenderWindow* rviz::RenderSystem::makeRenderWindow) [topics: /rosout] Stereo is NOT SUPPORTED
1544013939.664145946 ERROR [pose_controller.py:161(handleJointStiffness) [topics: /joint_trajectory/cancel, /rosout, /body_pose_naoqi/feedback, /joint_trajectory/status, /joint_stiffness_trajectory/result, /body_pose_naoqi/result, /joint_angles_action/result, /body_pose_naoqi/goal, /joint_trajectory/goal, /joint_angles_action/feedback, /body_pose_naoqi/cancel, /joint_stiffness_trajectory/feedback, /joint_stiffness, /joint_stiffness_trajectory/cancel, /joint_stiffness_trajectory/goal, /get_life_state, /joint_angles, /joint_angles_action/cancel, /joint_angles_action/goal, /joint_trajectory/result, /joint_angles_action/status, /joint_stiffness_trajectory/status, /joint_trajectory/feedback, /body_pose_naoqi/status] Exception caught:
	ALMotion::setStiffnesses
	module destroyed
1544013939.673865079 INFO [naoqi_node.py:99(__on_ros_shutdown) [topics: /imu, /odom, /joint_states, /rosout, /tf, /joint_stiffness] Stopping naoqi_joint_states
1544013940.113706111 INFO [naoqi_node.py:99(__on_ros_shutdown) [topics: /rosout, /nao_robot/microphone/naoqi_microphone/parameter_updates, /nao_robot/microphone/naoqi_microphone/parameter_descriptions, /nao_robot/microphone/naoqi_microphone/audio_raw] Stopping ALToRosMics
1544013940.116231918 INFO [naoqi_node.py:99(__on_ros_shutdown) [topics: /rosout, /nao_robot/sonar/right/sonar] Stopping sonar_publisher
1544013940.116537094 INFO [naoqi_node.py:99(__on_ros_shutdown) [topics: /nao_robot/sonar/left/sonar, /rosout] Stopping sonar_publisher
1544013940.116758108 INFO [naoqi_node.py:99(__on_ros_shutdown) [topics: /rosout, /nao_robot/camera/bottom/camera/parameter_descriptions, /nao_robot/camera/bottom/camera/image_raw, /nao_robot/camera/bottom/camera/camera_info, /nao_robot/camera/bottom/camera/parameter_updates] Stopping naoqi_camera
1544013940.117187976 INFO [naoqi_node.py:99(__on_ros_shutdown) [topics: /nao_robot/camera/top/camera/image_raw, /nao_robot/camera/top/camera/parameter_descriptions, /rosout, /nao_robot/camera/top/camera/camera_info, /nao_robot/camera/top/camera/parameter_updates] Stopping naoqi_camera
1544013940.117444038 INFO [naoqi_node.py:99(__on_ros_shutdown) [topics: /joint_trajectory/cancel, /rosout, /body_pose_naoqi/feedback, /joint_trajectory/status, /joint_stiffness_trajectory/result, /body_pose_naoqi/result, /joint_angles_action/result, /body_pose_naoqi/goal, /joint_trajectory/goal, /joint_angles_action/feedback, /body_pose_naoqi/cancel, /joint_stiffness_trajectory/feedback, /joint_stiffness, /joint_stiffness_trajectory/cancel, /joint_stiffness_trajectory/goal, /get_life_state, /joint_angles, /joint_angles_action/cancel, /joint_angles_action/goal, /joint_trajectory/result, /joint_angles_action/status, /joint_stiffness_trajectory/status, /joint_trajectory/feedback, /body_pose_naoqi/status] Stopping pose_controller
1544013940.117587089 INFO [naoqi_node.py:106(__on_ros_shutdown) [topics: /rosout, /nao_robot/camera/bottom/camera/parameter_descriptions, /nao_robot/camera/bottom/camera/image_raw, /nao_robot/camera/bottom/camera/camera_info, /nao_robot/camera/bottom/camera/parameter_updates] naoqi_camera stopped
1544013940.117866992 INFO [naoqi_node.py:99(__on_ros_shutdown) [topics: /tf_static, /move_base_simple/goal, /rosout, /cmd_vel, /tf] Stopping naoqi_moveto_listener
1544013940.118154048 INFO [naoqi_node.py:106(__on_ros_shutdown) [topics: /tf_static, /move_base_simple/goal, /rosout, /cmd_vel, /tf] naoqi_moveto_listener stopped
1544013940.117697000 INFO [naoqi_node.py:99(__on_ros_shutdown) [topics: /rosout] Stopping nao_logger
1544013940.117898941 INFO [naoqi_node.py:106(__on_ros_shutdown) [topics: /rosout] nao_logger stopped
1544013940.117608070 INFO [naoqi_node.py:99(__on_ros_shutdown) [topics: /speech, /cmd_step, /rosout, /cmd_pose, /cmd_vel] Stopping nao_walker
1544013940.117836952 INFO [naoqi_node.py:106(__on_ros_shutdown) [topics: /speech, /cmd_step, /rosout, /cmd_pose, /cmd_vel] nao_walker stopped
1544013940.132555007 INFO [naoqi_node.py:106(__on_ros_shutdown) [topics: /rosout, /nao_robot/sonar/right/sonar] sonar_publisher stopped
1544013940.140513896 INFO [naoqi_node.py:106(__on_ros_shutdown) [topics: /nao_robot/sonar/left/sonar, /rosout] sonar_publisher stopped
1544013940.143815040 INFO [naoqi_node.py:106(__on_ros_shutdown) [topics: /joint_trajectory/cancel, /rosout, /body_pose_naoqi/feedback, /joint_trajectory/status, /joint_stiffness_trajectory/result, /body_pose_naoqi/result, /joint_angles_action/result, /body_pose_naoqi/goal, /joint_trajectory/goal, /joint_angles_action/feedback, /body_pose_naoqi/cancel, /joint_stiffness_trajectory/feedback, /joint_stiffness, /joint_stiffness_trajectory/cancel, /joint_stiffness_trajectory/goal, /get_life_state, /joint_angles, /joint_angles_action/cancel, /joint_angles_action/goal, /joint_trajectory/result, /joint_angles_action/status, /joint_stiffness_trajectory/status, /joint_trajectory/feedback, /body_pose_naoqi/status] pose_controller stopped
1544013940.181449890 INFO [naoqi_node.py:106(__on_ros_shutdown) [topics: /nao_robot/camera/top/camera/image_raw, /nao_robot/camera/top/camera/parameter_descriptions, /rosout, /nao_robot/camera/top/camera/camera_info, /nao_robot/camera/top/camera/parameter_updates] naoqi_camera stopped
1544013940.271548986 INFO [naoqi_node.py:106(__on_ros_shutdown) [topics: /rosout, /nao_robot/microphone/naoqi_microphone/parameter_updates, /nao_robot/microphone/naoqi_microphone/parameter_descriptions, /nao_robot/microphone/naoqi_microphone/audio_raw] ALToRosMics stopped
