

1545215786.471995146  Node Startup
1545215786.748986005 INFO [nao_behaviors.py:136(<module>) [topics: /run_behavior/goal, /run_behavior/status, /run_behavior/cancel, /rosout, /run_behavior/feedback, /run_behavior/result] nao_behaviors running...
1545217640.235405873 INFO [/home/faps/catkin_ws/src/mein_ac/src/ac_node.cpp:11(meinCallback) [topics: /rosout, /run_behavior/goal, /run_behavior/cancel] Trying to start: ros_standup/behavior_1
1545217640.235435656 INFO [/home/faps/catkin_ws/src/mein_ac/src/ac_node.cpp:12(meinCallback) [topics: /rosout, /run_behavior/goal, /run_behavior/cancel] Waiting for action server to start.
1545217640.433403596 INFO [/home/faps/catkin_ws/src/mein_ac/src/ac_node.cpp:15(meinCallback) [topics: /rosout, /run_behavior/goal, /run_behavior/cancel] Action server started, sending goal.
1545217640.470477296 INFO [/home/faps/catkin_ws/src/mein_ac/src/ac_node.cpp:25(meinCallback) [topics: /rosout, /run_behavior/goal, /run_behavior/cancel] Action finished: ABORTED
1545217741.586644348 INFO [/home/faps/catkin_ws/src/mein_ac/src/ac_node.cpp:11(meinCallback) [topics: /rosout, /run_behavior/goal, /run_behavior/cancel] Trying to start: ros_standup/behavior_1
1545217741.586666530 INFO [/home/faps/catkin_ws/src/mein_ac/src/ac_node.cpp:12(meinCallback) [topics: /rosout, /run_behavior/goal, /run_behavior/cancel] Waiting for action server to start.
1545217741.786905871 INFO [/home/faps/catkin_ws/src/mein_ac/src/ac_node.cpp:15(meinCallback) [topics: /rosout, /run_behavior/goal, /run_behavior/cancel] Action server started, sending goal.
1545217741.817206473 INFO [/home/faps/catkin_ws/src/mein_ac/src/ac_node.cpp:25(meinCallback) [topics: /rosout, /run_behavior/goal, /run_behavior/cancel] Action finished: ABORTED
1545217993.731978269 INFO [/home/faps/catkin_ws/src/mein_ac/src/ac_node.cpp:11(meinCallback) [topics: /rosout, /run_behavior/goal, /run_behavior/cancel] Trying to start: ros_standup/behavior_1
1545217993.732014354 INFO [/home/faps/catkin_ws/src/mein_ac/src/ac_node.cpp:12(meinCallback) [topics: /rosout, /run_behavior/goal, /run_behavior/cancel] Waiting for action server to start.
1545217993.915936116 INFO [/home/faps/catkin_ws/src/mein_ac/src/ac_node.cpp:15(meinCallback) [topics: /rosout, /run_behavior/goal, /run_behavior/cancel] Action server started, sending goal.
1545218015.865293707 INFO [/home/faps/catkin_ws/src/mein_ac/src/ac_node.cpp:25(meinCallback) [topics: /rosout, /run_behavior/goal, /run_behavior/cancel] Action finished: SUCCEEDED
1545218416.855193319 INFO [/home/faps/catkin_ws/src/mein_ac/src/ac_node.cpp:11(meinCallback) [topics: /rosout, /run_behavior/goal, /run_behavior/cancel] Trying to start: ros_standup/behavior_1
1545218416.855239724 INFO [/home/faps/catkin_ws/src/mein_ac/src/ac_node.cpp:12(meinCallback) [topics: /rosout, /run_behavior/goal, /run_behavior/cancel] Waiting for action server to start.
1545218417.066187957 INFO [/home/faps/catkin_ws/src/mein_ac/src/ac_node.cpp:15(meinCallback) [topics: /rosout, /run_behavior/goal, /run_behavior/cancel] Action server started, sending goal.
1545218439.024892482 INFO [/home/faps/catkin_ws/src/mein_ac/src/ac_node.cpp:25(meinCallback) [topics: /rosout, /run_behavior/goal, /run_behavior/cancel] Action finished: SUCCEEDED
1545220394.536590999 WARN [/tmp/binarydeb/ros-kinetic-robot-state-publisher-1.13.6/src/joint_state_listener.cpp:171(main) [topics: /rosout] The 'state_publisher' executable is deprecated. Please use 'robot_state_publisher' instead
1545220395.000096911 WARN [:0(getFootGaitConfig) [topics: ] DEPRECATED Function : getFootGaitConfig(). Use getMoveConfig() instead.
1545220394.947140932 INFO [pose_manager.py:139(readInPoses) [topics: /rosout] Loaded 7 poses: ['crouch', 'zero', 'StandZero', 'init', 'Stand', 'StandInit', 'hello']
1545220395.208977937 INFO [pose_manager.py:73(__init__) [topics: /body_pose/feedback, /joint_trajectory/cancel, /rosout, /body_pose/cancel, /joint_trajectory/status, /body_pose/goal, /joint_trajectory/result, /body_pose/status, /body_pose/result, /joint_trajectory/goal, /joint_trajectory/feedback] pose_manager running, offering poses: ['crouch', 'zero', 'StandZero', 'init', 'Stand', 'StandInit', 'hello']
1545220394.979823112 INFO [naoqi_sonar.py:63(connectNaoQi) [topics: /rosout] Connecting to NaoQi at 127.0.0.1:9559
1545220395.200627088 INFO [pose_controller.py:446(<module>) [topics: /joint_trajectory/cancel, /rosout, /body_pose_naoqi/feedback, /joint_trajectory/status, /joint_stiffness_trajectory/result, /body_pose_naoqi/result, /joint_angles_action/result, /body_pose_naoqi/goal, /joint_trajectory/goal, /joint_angles_action/feedback, /body_pose_naoqi/cancel, /joint_stiffness_trajectory/feedback, /joint_stiffness, /joint_stiffness_trajectory/cancel, /joint_stiffness_trajectory/goal, /get_life_state, /joint_angles, /joint_angles_action/cancel, /joint_angles_action/goal, /joint_trajectory/result, /joint_angles_action/status, /joint_stiffness_trajectory/status, /joint_trajectory/feedback, /body_pose_naoqi/status] nao pose_controller running...
1545220395.006767988 INFO [naoqi_sonar.py:63(connectNaoQi) [topics: /rosout] Connecting to NaoQi at 127.0.0.1:9559
1545220395.175694942 INFO [nao_walker.py:240(<module>) [topics: /speech, /cmd_step, /rosout, /cmd_pose, /cmd_vel] nao_walker running...
1545220395.000397612 WARN [:0(getJointNamesAPI) [topics: ] DEPRECATED Function : getJointNames(). Use getBodyNames() instead.
1545220395.000398067 WARN [:0(getJointNamesAPI) [topics: ] DEPRECATED Function : getJointNames(). Use getBodyNames() instead.
1545220395.000474269 WARN [:0(setStiffnessesNoProtection) [topics: ] Hidden method setStiffnesses getCycleNumber: 230672
1545220395.000517526 WARN [:0(setStiffnessesNoProtection) [topics: ] Hidden method setStiffnesses getCycleNumber: 230674
1545220395.405970096 INFO [naoqi_joint_states.py:111(__init__) [topics: /imu, /odom, /joint_states, /rosout, /tf, /joint_stiffness] nao_joint_states initialized
1545220395.000557856 WARN [:0(setStiffnessesNoProtection) [topics: ] Hidden method setStiffnesses getCycleNumber: 230676
1545220395.000598708 WARN [:0(setStiffnessesNoProtection) [topics: ] Hidden method setStiffnesses getCycleNumber: 230678
1545220395.000637449 WARN [:0(setStiffnessesNoProtection) [topics: ] Hidden method setStiffnesses getCycleNumber: 230680
1545220395.433855056 INFO [naoqi_moveto.py:42(connectNaoQi) [topics: /rosout] Connecting to NaoQi at 127.0.0.1:9559
1545220395.470570087 INFO [naoqi_camera.py:143(reconfigure) [topics: /rosout, /nao_robot/camera/bottom/camera/parameter_descriptions, /nao_robot/camera/bottom/camera/image_raw, /nao_robot/camera/bottom/camera/camera_info, /nao_robot/camera/bottom/camera/parameter_updates] Changes recorded but not applied as nobody is subscribed to the ROS topics.
1545220395.472229003 INFO [naoqi_camera.py:143(reconfigure) [topics: /nao_robot/camera/top/camera/image_raw, /nao_robot/camera/top/camera/parameter_descriptions, /rosout, /nao_robot/camera/top/camera/camera_info, /nao_robot/camera/top/camera/parameter_updates] Changes recorded but not applied as nobody is subscribed to the ROS topics.
1545220395.443521976 INFO [naoqi_microphone.py:70(reconfigure) [topics: /rosout, /nao_robot/microphone/naoqi_microphone/parameter_updates, /nao_robot/microphone/naoqi_microphone/parameter_descriptions, /nao_robot/microphone/naoqi_microphone/audio_raw] Changes recorded but not applied as nobody is subscribed to the ROS topics.
1545220395.000679291 WARN [:0(setStiffnessesNoProtection) [topics: ] Hidden method setStiffnesses getCycleNumber: 230682
1545220395.000719119 WARN [:0(setStiffnessesNoProtection) [topics: ] Hidden method setStiffnesses getCycleNumber: 230684
1545220395.000759705 WARN [:0(setStiffnessesNoProtection) [topics: ] Hidden method setStiffnesses getCycleNumber: 230686
1545220395.000798549 WARN [:0(setStiffnessesNoProtection) [topics: ] Hidden method setStiffnesses getCycleNumber: 230688
1545220395.000837625 WARN [:0(setStiffnessesNoProtection) [topics: ] Hidden method setStiffnesses getCycleNumber: 230690
1545220395.000881045 WARN [:0(setStiffnessesNoProtection) [topics: ] Hidden method setStiffnesses getCycleNumber: 230692
1545220395.000919433 WARN [:0(setStiffnessesNoProtection) [topics: ] Hidden method setStiffnesses getCycleNumber: 230694
1545220395.000958288 WARN [:0(setStiffnessesNoProtection) [topics: ] Hidden method setStiffnesses getCycleNumber: 230696
1545220396.000000457 WARN [:0(setStiffnessesNoProtection) [topics: ] Hidden method setStiffnesses getCycleNumber: 230698
1545220396.000037969 WARN [:0(setStiffnessesNoProtection) [topics: ] Hidden method setStiffnesses getCycleNumber: 230700
1545220396.000079243 WARN [:0(setStiffnessesNoProtection) [topics: ] Hidden method setStiffnesses getCycleNumber: 230702
1545220396.000120544 WARN [:0(setStiffnessesNoProtection) [topics: ] Hidden method setStiffnesses getCycleNumber: 230704
1545220396.000156440 WARN [:0(setStiffnessesNoProtection) [topics: ] Hidden method setStiffnesses getCycleNumber: 230706
1545220396.000198084 WARN [:0(setStiffnessesNoProtection) [topics: ] Hidden method setStiffnesses getCycleNumber: 230708
1545220396.000238877 WARN [:0(setStiffnessesNoProtection) [topics: ] Hidden method setStiffnesses getCycleNumber: 230710
1545220396.000278950 WARN [:0(setStiffnessesNoProtection) [topics: ] Hidden method setStiffnesses getCycleNumber: 230712
1545220396.000319731 WARN [:0(setStiffnessesNoProtection) [topics: ] Hidden method setStiffnesses getCycleNumber: 230714
1545220396.000358774 WARN [:0(setStiffnessesNoProtection) [topics: ] Hidden method setStiffnesses getCycleNumber: 230716
1545220396.000398204 WARN [:0(setStiffnessesNoProtection) [topics: ] Hidden method setStiffnesses getCycleNumber: 230718
1545220396.000436885 WARN [:0(setStiffnessesNoProtection) [topics: ] Hidden method setStiffnesses getCycleNumber: 230720
1545220396.000477205 WARN [:0(setStiffnessesNoProtection) [topics: ] Hidden method setStiffnesses getCycleNumber: 230722
1545220396.000515578 WARN [:0(setStiffnessesNoProtection) [topics: ] Hidden method setStiffnesses getCycleNumber: 230724
1545220396.000557236 WARN [:0(setStiffnessesNoProtection) [topics: ] Hidden method setStiffnesses getCycleNumber: 230726
1545220396.000597589 WARN [:0(setStiffnessesNoProtection) [topics: ] Hidden method setStiffnesses getCycleNumber: 230728
1545220396.000639228 WARN [:0(setStiffnessesNoProtection) [topics: ] Hidden method setStiffnesses getCycleNumber: 230730
1545220396.000679041 WARN [:0(setStiffnessesNoProtection) [topics: ] Hidden method setStiffnesses getCycleNumber: 230732
1545220396.000717201 WARN [:0(setStiffnessesNoProtection) [topics: ] Hidden method setStiffnesses getCycleNumber: 230734
1545220396.000758095 WARN [:0(setStiffnessesNoProtection) [topics: ] Hidden method setStiffnesses getCycleNumber: 230736
1545220396.000794193 WARN [:0(setStiffnessesNoProtection) [topics: ] Hidden method setStiffnesses getCycleNumber: 230738
1545220396.000834362 WARN [:0(setStiffnessesNoProtection) [topics: ] Hidden method setStiffnesses getCycleNumber: 230740
1545220396.000874092 WARN [:0(setStiffnessesNoProtection) [topics: ] Hidden method setStiffnesses getCycleNumber: 230742
1545220396.000914298 WARN [:0(setStiffnessesNoProtection) [topics: ] Hidden method setStiffnesses getCycleNumber: 230744
1545220396.000954514 WARN [:0(setStiffnessesNoProtection) [topics: ] Hidden method setStiffnesses getCycleNumber: 230746
1545220396.000994230 WARN [:0(setStiffnessesNoProtection) [topics: ] Hidden method setStiffnesses getCycleNumber: 230748
1545220397.000034234 WARN [:0(setStiffnessesNoProtection) [topics: ] Hidden method setStiffnesses getCycleNumber: 230750
1545220397.000074423 WARN [:0(setStiffnessesNoProtection) [topics: ] Hidden method setStiffnesses getCycleNumber: 230752
1545220397.000114353 WARN [:0(setStiffnessesNoProtection) [topics: ] Hidden method setStiffnesses getCycleNumber: 230754
1545220397.000154361 WARN [:0(setStiffnessesNoProtection) [topics: ] Hidden method setStiffnesses getCycleNumber: 230756
1545220397.000194798 WARN [:0(setStiffnessesNoProtection) [topics: ] Hidden method setStiffnesses getCycleNumber: 230758
1545220397.000234929 WARN [:0(setStiffnessesNoProtection) [topics: ] Hidden method setStiffnesses getCycleNumber: 230760
1545220397.000274193 WARN [:0(setStiffnessesNoProtection) [topics: ] Hidden method setStiffnesses getCycleNumber: 230762
1545220397.000314665 WARN [:0(setStiffnessesNoProtection) [topics: ] Hidden method setStiffnesses getCycleNumber: 230764
1545220397.000354541 WARN [:0(setStiffnessesNoProtection) [topics: ] Hidden method setStiffnesses getCycleNumber: 230766
1545220397.000394726 WARN [:0(setStiffnessesNoProtection) [topics: ] Hidden method setStiffnesses getCycleNumber: 230768
1545220397.000434565 WARN [:0(setStiffnessesNoProtection) [topics: ] Hidden method setStiffnesses getCycleNumber: 230770
1545220397.000474286 WARN [:0(setStiffnessesNoProtection) [topics: ] Hidden method setStiffnesses getCycleNumber: 230772
1545220397.000514568 WARN [:0(setStiffnessesNoProtection) [topics: ] Hidden method setStiffnesses getCycleNumber: 230774
1545220397.000554415 WARN [:0(setStiffnessesNoProtection) [topics: ] Hidden method setStiffnesses getCycleNumber: 230776
1545220397.000594585 WARN [:0(setStiffnessesNoProtection) [topics: ] Hidden method setStiffnesses getCycleNumber: 230778
1545220397.000634361 WARN [:0(setStiffnessesNoProtection) [topics: ] Hidden method setStiffnesses getCycleNumber: 230780
1545220397.000674175 WARN [:0(setStiffnessesNoProtection) [topics: ] Hidden method setStiffnesses getCycleNumber: 230782
1545220397.000714867 WARN [:0(setStiffnessesNoProtection) [topics: ] Hidden method setStiffnesses getCycleNumber: 230784
1545220397.000754338 WARN [:0(setStiffnessesNoProtection) [topics: ] Hidden method setStiffnesses getCycleNumber: 230786
1545220397.000794817 WARN [:0(setStiffnessesNoProtection) [topics: ] Hidden method setStiffnesses getCycleNumber: 230788
1545220397.000835050 WARN [:0(setStiffnessesNoProtection) [topics: ] Hidden method setStiffnesses getCycleNumber: 230790
1545220397.000878461 WARN [:0(setStiffnessesNoProtection) [topics: ] Hidden method setStiffnesses getCycleNumber: 230792
1545220397.000915493 WARN [:0(setStiffnessesNoProtection) [topics: ] Hidden method setStiffnesses getCycleNumber: 230794
1545220397.000958744 WARN [:0(setStiffnessesNoProtection) [topics: ] Hidden method setStiffnesses getCycleNumber: 230796
1545220397.000999202 WARN [:0(setStiffnessesNoProtection) [topics: ] Hidden method setStiffnesses getCycleNumber: 230798
1545220398.000036334 WARN [:0(setStiffnessesNoProtection) [topics: ] Hidden method setStiffnesses getCycleNumber: 230800
1545220398.000079371 WARN [:0(setStiffnessesNoProtection) [topics: ] Hidden method setStiffnesses getCycleNumber: 230802
1545220398.000119961 WARN [:0(setStiffnessesNoProtection) [topics: ] Hidden method setStiffnesses getCycleNumber: 230804
1545220398.000158418 WARN [:0(setStiffnessesNoProtection) [topics: ] Hidden method setStiffnesses getCycleNumber: 230806
1545220398.000200075 WARN [:0(setStiffnessesNoProtection) [topics: ] Hidden method setStiffnesses getCycleNumber: 230808
1545220398.000234917 WARN [:0(setStiffnessesNoProtection) [topics: ] Hidden method setStiffnesses getCycleNumber: 230810
1545220398.000277993 WARN [:0(setStiffnessesNoProtection) [topics: ] Hidden method setStiffnesses getCycleNumber: 230812
1545220398.000319070 WARN [:0(setStiffnessesNoProtection) [topics: ] Hidden method setStiffnesses getCycleNumber: 230814
1545220398.000358207 WARN [:0(setStiffnessesNoProtection) [topics: ] Hidden method setStiffnesses getCycleNumber: 230816
1545220398.000398687 WARN [:0(setStiffnessesNoProtection) [topics: ] Hidden method setStiffnesses getCycleNumber: 230818
1545220398.000434863 WARN [:0(setStiffnessesNoProtection) [topics: ] Hidden method setStiffnesses getCycleNumber: 230820
1545220398.000476713 WARN [:0(setStiffnessesNoProtection) [topics: ] Hidden method setStiffnesses getCycleNumber: 230822
1545220398.000514346 WARN [:0(setStiffnessesNoProtection) [topics: ] Hidden method setStiffnesses getCycleNumber: 230824
1545220398.000554715 WARN [:0(setStiffnessesNoProtection) [topics: ] Hidden method setStiffnesses getCycleNumber: 230826
1545220398.000597517 WARN [:0(setStiffnessesNoProtection) [topics: ] Hidden method setStiffnesses getCycleNumber: 230828
1545220398.000636217 WARN [:0(setStiffnessesNoProtection) [topics: ] Hidden method setStiffnesses getCycleNumber: 230830
1545220398.000678621 WARN [:0(setStiffnessesNoProtection) [topics: ] Hidden method setStiffnesses getCycleNumber: 230832
1545220398.000719001 WARN [:0(setStiffnessesNoProtection) [topics: ] Hidden method setStiffnesses getCycleNumber: 230834
1545220398.000757976 WARN [:0(setStiffnessesNoProtection) [topics: ] Hidden method setStiffnesses getCycleNumber: 230836
1545220398.000794708 WARN [:0(setStiffnessesNoProtection) [topics: ] Hidden method setStiffnesses getCycleNumber: 230838
1545220398.000834920 WARN [:0(setStiffnessesNoProtection) [topics: ] Hidden method setStiffnesses getCycleNumber: 230840
1545220398.000874471 WARN [:0(setStiffnessesNoProtection) [topics: ] Hidden method setStiffnesses getCycleNumber: 230842
1545220398.000914411 WARN [:0(setStiffnessesNoProtection) [topics: ] Hidden method setStiffnesses getCycleNumber: 230844
1545220398.000954115 WARN [:0(setStiffnessesNoProtection) [topics: ] Hidden method setStiffnesses getCycleNumber: 230846
1545220398.000994284 WARN [:0(setStiffnessesNoProtection) [topics: ] Hidden method setStiffnesses getCycleNumber: 230848
1545220399.000034472 WARN [:0(setStiffnessesNoProtection) [topics: ] Hidden method setStiffnesses getCycleNumber: 230850
1545220399.000074446 WARN [:0(setStiffnessesNoProtection) [topics: ] Hidden method setStiffnesses getCycleNumber: 230852
1545220399.000114427 WARN [:0(setStiffnessesNoProtection) [topics: ] Hidden method setStiffnesses getCycleNumber: 230854
1545220399.000154721 WARN [:0(setStiffnessesNoProtection) [topics: ] Hidden method setStiffnesses getCycleNumber: 230856
1545220399.000195581 WARN [:0(setStiffnessesNoProtection) [topics: ] Hidden method setStiffnesses getCycleNumber: 230858
1545220399.000235618 WARN [:0(setStiffnessesNoProtection) [topics: ] Hidden method setStiffnesses getCycleNumber: 230860
1545220399.000275801 WARN [:0(setStiffnessesNoProtection) [topics: ] Hidden method setStiffnesses getCycleNumber: 230862
1545220399.000315693 WARN [:0(setStiffnessesNoProtection) [topics: ] Hidden method setStiffnesses getCycleNumber: 230864
1545220399.000356013 WARN [:0(setStiffnessesNoProtection) [topics: ] Hidden method setStiffnesses getCycleNumber: 230866
1545220399.000395708 WARN [:0(setStiffnessesNoProtection) [topics: ] Hidden method setStiffnesses getCycleNumber: 230868
1545220399.000434723 WARN [:0(setStiffnessesNoProtection) [topics: ] Hidden method setStiffnesses getCycleNumber: 230870
1545220399.000475357 WARN [:0(setStiffnessesNoProtection) [topics: ] Hidden method setStiffnesses getCycleNumber: 230872
1545220399.000515996 WARN [:0(setStiffnessesNoProtection) [topics: ] Hidden method setStiffnesses getCycleNumber: 230874
1545220399.000555337 WARN [:0(setStiffnessesNoProtection) [topics: ] Hidden method setStiffnesses getCycleNumber: 230876
1545220399.000594654 WARN [:0(setStiffnessesNoProtection) [topics: ] Hidden method setStiffnesses getCycleNumber: 230878
1545220399.000635541 WARN [:0(setStiffnessesNoProtection) [topics: ] Hidden method setStiffnesses getCycleNumber: 230880
1545220399.000674114 WARN [:0(setStiffnessesNoProtection) [topics: ] Hidden method setStiffnesses getCycleNumber: 230882
1545220399.000714492 WARN [:0(setStiffnessesNoProtection) [topics: ] Hidden method setStiffnesses getCycleNumber: 230884
1545220399.000754575 WARN [:0(setStiffnessesNoProtection) [topics: ] Hidden method setStiffnesses getCycleNumber: 230886
1545220399.000795575 WARN [:0(setStiffnessesNoProtection) [topics: ] Hidden method setStiffnesses getCycleNumber: 230888
1545220399.000838431 WARN [:0(setStiffnessesNoProtection) [topics: ] Hidden method setStiffnesses getCycleNumber: 230890
1545220399.000878190 WARN [:0(setStiffnessesNoProtection) [topics: ] Hidden method setStiffnesses getCycleNumber: 230892
1545220399.000919309 WARN [:0(setStiffnessesNoProtection) [topics: ] Hidden method setStiffnesses getCycleNumber: 230894
1545220399.000959725 WARN [:0(setStiffnessesNoProtection) [topics: ] Hidden method setStiffnesses getCycleNumber: 230896
1545220399.000997517 WARN [:0(setStiffnessesNoProtection) [topics: ] Hidden method setStiffnesses getCycleNumber: 230898
1545220400.000034911 WARN [:0(setStiffnessesNoProtection) [topics: ] Hidden method setStiffnesses getCycleNumber: 230900
1545220400.000076512 WARN [:0(setStiffnessesNoProtection) [topics: ] Hidden method setStiffnesses getCycleNumber: 230902
1545220400.000119026 WARN [:0(setStiffnessesNoProtection) [topics: ] Hidden method setStiffnesses getCycleNumber: 230904
1545220400.000156316 WARN [:0(setStiffnessesNoProtection) [topics: ] Hidden method setStiffnesses getCycleNumber: 230906
1545220400.000197220 WARN [:0(setStiffnessesNoProtection) [topics: ] Hidden method setStiffnesses getCycleNumber: 230908
1545220400.000234987 WARN [:0(setStiffnessesNoProtection) [topics: ] Hidden method setStiffnesses getCycleNumber: 230910
1545220400.000277444 WARN [:0(setStiffnessesNoProtection) [topics: ] Hidden method setStiffnesses getCycleNumber: 230912
1545220400.000319700 WARN [:0(setStiffnessesNoProtection) [topics: ] Hidden method setStiffnesses getCycleNumber: 230914
1545220400.000358091 WARN [:0(setStiffnessesNoProtection) [topics: ] Hidden method setStiffnesses getCycleNumber: 230916
1545220400.000397298 WARN [:0(setStiffnessesNoProtection) [topics: ] Hidden method setStiffnesses getCycleNumber: 230918
1545220400.000435528 WARN [:0(setStiffnessesNoProtection) [topics: ] Hidden method setStiffnesses getCycleNumber: 230920
1545220400.000478181 WARN [:0(setStiffnessesNoProtection) [topics: ] Hidden method setStiffnesses getCycleNumber: 230922
1545220400.000519652 WARN [:0(setStiffnessesNoProtection) [topics: ] Hidden method setStiffnesses getCycleNumber: 230924
1545220400.000558104 WARN [:0(setStiffnessesNoProtection) [topics: ] Hidden method setStiffnesses getCycleNumber: 230926
1545220400.000595449 WARN [:0(setStiffnessesNoProtection) [topics: ] Hidden method setStiffnesses getCycleNumber: 230928
1545220400.000635896 WARN [:0(setStiffnessesNoProtection) [topics: ] Hidden method setStiffnesses getCycleNumber: 230930
1545220400.000678729 WARN [:0(setStiffnessesNoProtection) [topics: ] Hidden method setStiffnesses getCycleNumber: 230932
1545220400.000719071 WARN [:0(setStiffnessesNoProtection) [topics: ] Hidden method setStiffnesses getCycleNumber: 230934
1545220400.000756717 WARN [:0(setStiffnessesNoProtection) [topics: ] Hidden method setStiffnesses getCycleNumber: 230936
1545220400.000794230 WARN [:0(setStiffnessesNoProtection) [topics: ] Hidden method setStiffnesses getCycleNumber: 230938
1545220400.000835955 WARN [:0(setStiffnessesNoProtection) [topics: ] Hidden method setStiffnesses getCycleNumber: 230940
1545220400.000879034 WARN [:0(setStiffnessesNoProtection) [topics: ] Hidden method setStiffnesses getCycleNumber: 230942
1545220400.000918945 WARN [:0(setStiffnessesNoProtection) [topics: ] Hidden method setStiffnesses getCycleNumber: 230944
1545220400.000956551 WARN [:0(setStiffnessesNoProtection) [topics: ] Hidden method setStiffnesses getCycleNumber: 230946
1545220400.000994092 WARN [:0(setStiffnessesNoProtection) [topics: ] Hidden method setStiffnesses getCycleNumber: 230948
1545220401.000035074 WARN [:0(setStiffnessesNoProtection) [topics: ] Hidden method setStiffnesses getCycleNumber: 230950
1545220401.000075902 WARN [:0(setStiffnessesNoProtection) [topics: ] Hidden method setStiffnesses getCycleNumber: 230952
1545220401.000118039 WARN [:0(setStiffnessesNoProtection) [topics: ] Hidden method setStiffnesses getCycleNumber: 230954
1545220401.000155890 WARN [:0(setStiffnessesNoProtection) [topics: ] Hidden method setStiffnesses getCycleNumber: 230956
1545220401.000197656 WARN [:0(setStiffnessesNoProtection) [topics: ] Hidden method setStiffnesses getCycleNumber: 230958
1545220401.000237191 WARN [:0(setStiffnessesNoProtection) [topics: ] Hidden method setStiffnesses getCycleNumber: 230960
1545220401.000278429 WARN [:0(setStiffnessesNoProtection) [topics: ] Hidden method setStiffnesses getCycleNumber: 230962
1545220401.000318515 WARN [:0(setStiffnessesNoProtection) [topics: ] Hidden method setStiffnesses getCycleNumber: 230964
1545220401.000357028 WARN [:0(setStiffnessesNoProtection) [topics: ] Hidden method setStiffnesses getCycleNumber: 230966
1545220401.000399108 WARN [:0(setStiffnessesNoProtection) [topics: ] Hidden method setStiffnesses getCycleNumber: 230968
1545220401.000435253 WARN [:0(setStiffnessesNoProtection) [topics: ] Hidden method setStiffnesses getCycleNumber: 230970
1545220401.000476256 WARN [:0(setStiffnessesNoProtection) [topics: ] Hidden method setStiffnesses getCycleNumber: 230972
1545220401.000515660 WARN [:0(setStiffnessesNoProtection) [topics: ] Hidden method setStiffnesses getCycleNumber: 230974
1545220401.000554297 WARN [:0(setStiffnessesNoProtection) [topics: ] Hidden method setStiffnesses getCycleNumber: 230976
1545220401.000595264 WARN [:0(setStiffnessesNoProtection) [topics: ] Hidden method setStiffnesses getCycleNumber: 230978
1545220401.000634813 WARN [:0(setStiffnessesNoProtection) [topics: ] Hidden method setStiffnesses getCycleNumber: 230980
1545220401.000675633 WARN [:0(setStiffnessesNoProtection) [topics: ] Hidden method setStiffnesses getCycleNumber: 230982
1545220401.000717782 WARN [:0(setStiffnessesNoProtection) [topics: ] Hidden method setStiffnesses getCycleNumber: 230984
1545220401.000755890 WARN [:0(setStiffnessesNoProtection) [topics: ] Hidden method setStiffnesses getCycleNumber: 230986
1545220401.000794115 WARN [:0(setStiffnessesNoProtection) [topics: ] Hidden method setStiffnesses getCycleNumber: 230988
1545220401.000835844 WARN [:0(setStiffnessesNoProtection) [topics: ] Hidden method setStiffnesses getCycleNumber: 230990
1545220401.000874899 WARN [:0(setStiffnessesNoProtection) [topics: ] Hidden method setStiffnesses getCycleNumber: 230992
1545220401.000915235 WARN [:0(setStiffnessesNoProtection) [topics: ] Hidden method setStiffnesses getCycleNumber: 230994
1545220401.000956046 WARN [:0(setStiffnessesNoProtection) [topics: ] Hidden method setStiffnesses getCycleNumber: 230996
1545220401.000999268 WARN [:0(setStiffnessesNoProtection) [topics: ] Hidden method setStiffnesses getCycleNumber: 230998
1545220402.000035822 WARN [:0(setStiffnessesNoProtection) [topics: ] Hidden method setStiffnesses getCycleNumber: 231000
1545220402.000076993 WARN [:0(setStiffnessesNoProtection) [topics: ] Hidden method setStiffnesses getCycleNumber: 231002
1545220402.000119190 WARN [:0(setStiffnessesNoProtection) [topics: ] Hidden method setStiffnesses getCycleNumber: 231004
1545220402.000157094 WARN [:0(setStiffnessesNoProtection) [topics: ] Hidden method setStiffnesses getCycleNumber: 231006
1545220402.000199534 WARN [:0(setStiffnessesNoProtection) [topics: ] Hidden method setStiffnesses getCycleNumber: 231008
1545220402.000235284 WARN [:0(setStiffnessesNoProtection) [topics: ] Hidden method setStiffnesses getCycleNumber: 231010
1545220402.000278441 WARN [:0(setStiffnessesNoProtection) [topics: ] Hidden method setStiffnesses getCycleNumber: 231012
1545220402.000318849 WARN [:0(setStiffnessesNoProtection) [topics: ] Hidden method setStiffnesses getCycleNumber: 231014
1545220402.000354205 WARN [:0(setStiffnessesNoProtection) [topics: ] Hidden method setStiffnesses getCycleNumber: 231016
1545220402.000397126 WARN [:0(setStiffnessesNoProtection) [topics: ] Hidden method setStiffnesses getCycleNumber: 231018
1545220402.000438851 WARN [:0(setStiffnessesNoProtection) [topics: ] Hidden method setStiffnesses getCycleNumber: 231020
1545220402.000478454 WARN [:0(setStiffnessesNoProtection) [topics: ] Hidden method setStiffnesses getCycleNumber: 231022
1545220402.000517488 WARN [:0(setStiffnessesNoProtection) [topics: ] Hidden method setStiffnesses getCycleNumber: 231024
1545220402.000556394 WARN [:0(setStiffnessesNoProtection) [topics: ] Hidden method setStiffnesses getCycleNumber: 231026
1545220402.000599295 WARN [:0(setStiffnessesNoProtection) [topics: ] Hidden method setStiffnesses getCycleNumber: 231028
1545220402.000634622 WARN [:0(setStiffnessesNoProtection) [topics: ] Hidden method setStiffnesses getCycleNumber: 231030
1545220402.000666985 DEBUG [:0(_wrap) [topics: ] 0.00660937%  10  0.0001328 7.7e-05 0.000217  0.0001322 7.7e-05 0.000216  0 0 0
1545220402.000677367 WARN [:0(setStiffnessesNoProtection) [topics: ] Hidden method setStiffnesses getCycleNumber: 231032
1545220402.000718858 WARN [:0(setStiffnessesNoProtection) [topics: ] Hidden method setStiffnesses getCycleNumber: 231034
1545220402.000756620 WARN [:0(setStiffnessesNoProtection) [topics: ] Hidden method setStiffnesses getCycleNumber: 231036
1545220402.000798421 WARN [:0(setStiffnessesNoProtection) [topics: ] Hidden method setStiffnesses getCycleNumber: 231038
1545220402.000838781 WARN [:0(setStiffnessesNoProtection) [topics: ] Hidden method setStiffnesses getCycleNumber: 231040
1545220402.000877829 WARN [:0(setStiffnessesNoProtection) [topics: ] Hidden method setStiffnesses getCycleNumber: 231042
1545220402.000917322 WARN [:0(setStiffnessesNoProtection) [topics: ] Hidden method setStiffnesses getCycleNumber: 231044
1545220402.000956719 WARN [:0(setStiffnessesNoProtection) [topics: ] Hidden method setStiffnesses getCycleNumber: 231046
1545220402.000999543 WARN [:0(setStiffnessesNoProtection) [topics: ] Hidden method setStiffnesses getCycleNumber: 231048
1545220403.000035000 WARN [:0(setStiffnessesNoProtection) [topics: ] Hidden method setStiffnesses getCycleNumber: 231050
1545220403.000074079 WARN [:0(setStiffnessesNoProtection) [topics: ] Hidden method setStiffnesses getCycleNumber: 231052
1545220403.000117320 WARN [:0(setStiffnessesNoProtection) [topics: ] Hidden method setStiffnesses getCycleNumber: 231054
1545220403.000156748 WARN [:0(setStiffnessesNoProtection) [topics: ] Hidden method setStiffnesses getCycleNumber: 231056
1545220403.000199103 WARN [:0(setStiffnessesNoProtection) [topics: ] Hidden method setStiffnesses getCycleNumber: 231058
1545220403.000235363 WARN [:0(setStiffnessesNoProtection) [topics: ] Hidden method setStiffnesses getCycleNumber: 231060
1545220403.000275876 WARN [:0(setStiffnessesNoProtection) [topics: ] Hidden method setStiffnesses getCycleNumber: 231062
1545220403.000319532 WARN [:0(setStiffnessesNoProtection) [topics: ] Hidden method setStiffnesses getCycleNumber: 231064
1545220403.000357587 WARN [:0(setStiffnessesNoProtection) [topics: ] Hidden method setStiffnesses getCycleNumber: 231066
1545220403.000400166 WARN [:0(setStiffnessesNoProtection) [topics: ] Hidden method setStiffnesses getCycleNumber: 231068
1545220403.000434672 WARN [:0(setStiffnessesNoProtection) [topics: ] Hidden method setStiffnesses getCycleNumber: 231070
1545220403.000478031 WARN [:0(setStiffnessesNoProtection) [topics: ] Hidden method setStiffnesses getCycleNumber: 231072
1545220403.000516407 WARN [:0(setStiffnessesNoProtection) [topics: ] Hidden method setStiffnesses getCycleNumber: 231074
1545220403.000556040 WARN [:0(setStiffnessesNoProtection) [topics: ] Hidden method setStiffnesses getCycleNumber: 231076
1545220403.000598301 WARN [:0(setStiffnessesNoProtection) [topics: ] Hidden method setStiffnesses getCycleNumber: 231078
1545220403.000636055 WARN [:0(setStiffnessesNoProtection) [topics: ] Hidden method setStiffnesses getCycleNumber: 231080
1545220403.000677953 WARN [:0(setStiffnessesNoProtection) [topics: ] Hidden method setStiffnesses getCycleNumber: 231082
1545220403.000719522 WARN [:0(setStiffnessesNoProtection) [topics: ] Hidden method setStiffnesses getCycleNumber: 231084
1545220403.000755517 WARN [:0(setStiffnessesNoProtection) [topics: ] Hidden method setStiffnesses getCycleNumber: 231086
1545220403.000799268 WARN [:0(setStiffnessesNoProtection) [topics: ] Hidden method setStiffnesses getCycleNumber: 231088
1545220403.000834245 WARN [:0(setStiffnessesNoProtection) [topics: ] Hidden method setStiffnesses getCycleNumber: 231090
1545220403.000877148 WARN [:0(setStiffnessesNoProtection) [topics: ] Hidden method setStiffnesses getCycleNumber: 231092
1545220403.000916945 WARN [:0(setStiffnessesNoProtection) [topics: ] Hidden method setStiffnesses getCycleNumber: 231094
1545220403.000954146 WARN [:0(setStiffnessesNoProtection) [topics: ] Hidden method setStiffnesses getCycleNumber: 231096
1545220403.000995926 WARN [:0(setStiffnessesNoProtection) [topics: ] Hidden method setStiffnesses getCycleNumber: 231098
1545220404.000034500 WARN [:0(setStiffnessesNoProtection) [topics: ] Hidden method setStiffnesses getCycleNumber: 231100
1545220404.000076379 WARN [:0(setStiffnessesNoProtection) [topics: ] Hidden method setStiffnesses getCycleNumber: 231102
1545220404.000118965 WARN [:0(setStiffnessesNoProtection) [topics: ] Hidden method setStiffnesses getCycleNumber: 231104
1545220404.000156355 WARN [:0(setStiffnessesNoProtection) [topics: ] Hidden method setStiffnesses getCycleNumber: 231106
1545220404.000196943 WARN [:0(setStiffnessesNoProtection) [topics: ] Hidden method setStiffnesses getCycleNumber: 231108
1545220404.000234477 WARN [:0(setStiffnessesNoProtection) [topics: ] Hidden method setStiffnesses getCycleNumber: 231110
1545220404.000275762 DEBUG [:0(_wrap) [topics: ] 0.134424%  997  2.71164e-05 6e-06 0.000105  2.6982e-05 6e-06 0.000104  0 0 0
1545220404.000276960 WARN [:0(setStiffnessesNoProtection) [topics: ] Hidden method setStiffnesses getCycleNumber: 231112
1545220404.000290768 DEBUG [:0(_wrap) [topics: ] 0.0266005%  997  5.83852e-06 1e-06 0.000108  5.33802e-06 1e-06 0.000107  0 0 0
1545220404.000290840 DEBUG [:0(_wrap) [topics: ] 0.0230817%  997  5.41424e-06 1e-06 4.4e-05  4.6319e-06 1e-06 3.9e-05  0 0 0
1545220404.000318371 WARN [:0(setStiffnessesNoProtection) [topics: ] Hidden method setStiffnesses getCycleNumber: 231114
1545220404.000355531 WARN [:0(setStiffnessesNoProtection) [topics: ] Hidden method setStiffnesses getCycleNumber: 231116
1545220404.000398419 WARN [:0(setStiffnessesNoProtection) [topics: ] Hidden method setStiffnesses getCycleNumber: 231118
1545220404.000434296 WARN [:0(setStiffnessesNoProtection) [topics: ] Hidden method setStiffnesses getCycleNumber: 231120
1545220404.000475321 WARN [:0(setStiffnessesNoProtection) [topics: ] Hidden method setStiffnesses getCycleNumber: 231122
1545220404.000495871 DEBUG [:0(_wrap) [topics: ] 0.376462%  994  7.65251e-05 2.8e-05 0.00019  7.57776e-05 2.8e-05 0.000188  0 0 0
1545220404.000519006 WARN [:0(setStiffnessesNoProtection) [topics: ] Hidden method setStiffnesses getCycleNumber: 231124
1545220404.000548044 DEBUG [:0(_wrap) [topics: ] 0.00385394%  100  8.67e-06 3e-06 6.1e-05  7.71e-06 3e-06 3.6e-05  0 0 0
1545220404.000548170 DEBUG [:0(_wrap) [topics: ] 0.00215941%  100  5.25e-06 1e-06 4.1e-05  4.32e-06 1e-06 3.8e-05  0 0 0
1545220404.000548226 DEBUG [:0(_wrap) [topics: ] 0.00240432%  100  5.33e-06 1e-06 4.4e-05  4.81e-06 1e-06 4.3e-05  0 0 0
1545220404.000548225 DEBUG [:0(_wrap) [topics: ] 0.00200444%  100  4.85e-06 1e-06 3.5e-05  4.01e-06 1e-06 3.5e-05  0 0 0
1545220404.000548338 DEBUG [:0(_wrap) [topics: ] 0.00217439%  100  4.93e-06 1e-06 4.6e-05  4.35e-06 1e-06 4e-05  0 0 0
1545220404.000548106 DEBUG [:0(_wrap) [topics: ] 0.00188448%  100  5.1e-06 1e-06 9.8e-05  3.77e-06 1e-06 3.2e-05  0 0 0
1545220404.000548156 DEBUG [:0(_wrap) [topics: ] 0.00189948%  100  4.31e-06 1e-06 2.2e-05  3.8e-06 1e-06 1.3e-05  0 0 0
1545220404.000548164 DEBUG [:0(_wrap) [topics: ] 0.00217939%  100  4.82e-06 1e-06 4.4e-05  4.36e-06 1e-06 3.1e-05  0 0 0
1545220404.000548232 DEBUG [:0(_wrap) [topics: ] 0.00174952%  100  3.99e-06 1e-06 2e-05  3.5e-06 1e-06 1.6e-05  0 0 0
1545220404.000548817 DEBUG [:0(_wrap) [topics: ] 0.00215439%  100  4.96e-06 1e-06 8.3e-05  4.31e-06 1e-06 5.1e-05  0 0 0
1545220404.000548975 DEBUG [:0(_wrap) [topics: ] 0.00207442%  100  4.49e-06 1e-06 8.3e-05  4.15e-06 1e-06 8.2e-05  0 0 0
1545220404.000549015 DEBUG [:0(_wrap) [topics: ] 0.00233435%  100  5.42e-06 1e-06 5e-05  4.67e-06 1e-06 4.1e-05  0 0 0
1545220404.000549065 DEBUG [:0(_wrap) [topics: ] 0.00192946%  100  4.24e-06 1e-06 1.7e-05  3.86e-06 1e-06 1.6e-05  0 0 0
1545220404.000548222 DEBUG [:0(_wrap) [topics: ] 0.00197446%  100  4.12e-06 1e-06 1.2e-05  3.95e-06 1e-06 1.1e-05  0 0 0
1545220404.000555829 WARN [:0(setStiffnessesNoProtection) [topics: ] Hidden method setStiffnesses getCycleNumber: 231126
1545220404.000597460 WARN [:0(setStiffnessesNoProtection) [topics: ] Hidden method setStiffnesses getCycleNumber: 231128
1545220404.000634059 WARN [:0(setStiffnessesNoProtection) [topics: ] Hidden method setStiffnesses getCycleNumber: 231130
1545220404.000676943 WARN [:0(setStiffnessesNoProtection) [topics: ] Hidden method setStiffnesses getCycleNumber: 231132
1545220404.000719848 WARN [:0(setStiffnessesNoProtection) [topics: ] Hidden method setStiffnesses getCycleNumber: 231134
1545220404.000755203 WARN [:0(setStiffnessesNoProtection) [topics: ] Hidden method setStiffnesses getCycleNumber: 231136
1545220404.000797265 WARN [:0(setStiffnessesNoProtection) [topics: ] Hidden method setStiffnesses getCycleNumber: 231138
1545220404.000834086 WARN [:0(setStiffnessesNoProtection) [topics: ] Hidden method setStiffnesses getCycleNumber: 231140
1545220404.000876596 WARN [:0(setStiffnessesNoProtection) [topics: ] Hidden method setStiffnesses getCycleNumber: 231142
1545220404.000919261 WARN [:0(setStiffnessesNoProtection) [topics: ] Hidden method setStiffnesses getCycleNumber: 231144
1545220404.000955633 WARN [:0(setStiffnessesNoProtection) [topics: ] Hidden method setStiffnesses getCycleNumber: 231146
1545220404.000997704 WARN [:0(setStiffnessesNoProtection) [topics: ] Hidden method setStiffnesses getCycleNumber: 231148
1545220405.000034418 WARN [:0(setStiffnessesNoProtection) [topics: ] Hidden method setStiffnesses getCycleNumber: 231150
1545220405.000077716 WARN [:0(setStiffnessesNoProtection) [topics: ] Hidden method setStiffnesses getCycleNumber: 231152
1545220405.000119016 WARN [:0(setStiffnessesNoProtection) [topics: ] Hidden method setStiffnesses getCycleNumber: 231154
1545220405.000158287 WARN [:0(setStiffnessesNoProtection) [topics: ] Hidden method setStiffnesses getCycleNumber: 231156
1545220405.000199990 WARN [:0(setStiffnessesNoProtection) [topics: ] Hidden method setStiffnesses getCycleNumber: 231158
1545220405.000234070 WARN [:0(setStiffnessesNoProtection) [topics: ] Hidden method setStiffnesses getCycleNumber: 231160
1545220405.000274337 WARN [:0(setStiffnessesNoProtection) [topics: ] Hidden method setStiffnesses getCycleNumber: 231162
1545220405.000319051 WARN [:0(setStiffnessesNoProtection) [topics: ] Hidden method setStiffnesses getCycleNumber: 231164
1545220405.000362455 WARN [:0(setStiffnessesNoProtection) [topics: ] Hidden method setStiffnesses getCycleNumber: 231167
1545220405.000407218 WARN [:0(setStiffnessesNoProtection) [topics: ] Hidden method setStiffnesses getCycleNumber: 231169
1545220405.000451177 WARN [:0(setStiffnessesNoProtection) [topics: ] Hidden method setStiffnesses getCycleNumber: 231171
1545220405.000494860 WARN [:0(setStiffnessesNoProtection) [topics: ] Hidden method setStiffnesses getCycleNumber: 231173
1545220405.000538572 WARN [:0(setStiffnessesNoProtection) [topics: ] Hidden method setStiffnesses getCycleNumber: 231175
1545220405.000582714 WARN [:0(setStiffnessesNoProtection) [topics: ] Hidden method setStiffnesses getCycleNumber: 231178
1545220405.000630267 WARN [:0(setStiffnessesNoProtection) [topics: ] Hidden method setStiffnesses getCycleNumber: 231180
1545220405.000674766 WARN [:0(setStiffnessesNoProtection) [topics: ] Hidden method setStiffnesses getCycleNumber: 231182
1545220405.000719006 WARN [:0(setStiffnessesNoProtection) [topics: ] Hidden method setStiffnesses getCycleNumber: 231184
1545220405.000720542 WARN [:0(setStiffnessesNoProtection) [topics: ] Hidden method setStiffnesses getCycleNumber: 231184
1545220405.000762589 WARN [:0(setStiffnessesNoProtection) [topics: ] Hidden method setStiffnesses getCycleNumber: 231187
1545220405.000799235 WARN [:0(setStiffnessesNoProtection) [topics: ] Hidden method setStiffnesses getCycleNumber: 231188
1545220405.000842412 WARN [:0(setStiffnessesNoProtection) [topics: ] Hidden method setStiffnesses getCycleNumber: 231191
1545220405.000886657 WARN [:0(setStiffnessesNoProtection) [topics: ] Hidden method setStiffnesses getCycleNumber: 231193
1545220405.000930466 WARN [:0(setStiffnessesNoProtection) [topics: ] Hidden method setStiffnesses getCycleNumber: 231195
1545220405.000974882 WARN [:0(setStiffnessesNoProtection) [topics: ] Hidden method setStiffnesses getCycleNumber: 231197
1545220406.000018952 WARN [:0(setStiffnessesNoProtection) [topics: ] Hidden method setStiffnesses getCycleNumber: 231199
1545220406.000062651 WARN [:0(setStiffnessesNoProtection) [topics: ] Hidden method setStiffnesses getCycleNumber: 231202
1545220406.000107498 WARN [:0(setStiffnessesNoProtection) [topics: ] Hidden method setStiffnesses getCycleNumber: 231204
1545220406.000150304 WARN [:0(setStiffnessesNoProtection) [topics: ] Hidden method setStiffnesses getCycleNumber: 231206
1545220406.000194893 WARN [:0(setStiffnessesNoProtection) [topics: ] Hidden method setStiffnesses getCycleNumber: 231208
1545220406.000203845 DEBUG [:0(_wrap) [topics: ] 0.449595%  100  0.00090407 0.000412 0.001846  0.00090348 0.000412 0.001847  0 0 0
1545220406.000242290 WARN [:0(setStiffnessesNoProtection) [topics: ] Hidden method setStiffnesses getCycleNumber: 231211
1545220406.000242839 WARN [:0(setStiffnessesNoProtection) [topics: ] Hidden method setStiffnesses getCycleNumber: 231211
1545220406.000286510 WARN [:0(setStiffnessesNoProtection) [topics: ] Hidden method setStiffnesses getCycleNumber: 231213
1545220406.000318654 WARN [:0(setStiffnessesNoProtection) [topics: ] Hidden method setStiffnesses getCycleNumber: 231214
1545220406.000358460 WARN [:0(setStiffnessesNoProtection) [topics: ] Hidden method setStiffnesses getCycleNumber: 231216
1545220406.000403184 WARN [:0(setStiffnessesNoProtection) [topics: ] Hidden method setStiffnesses getCycleNumber: 231219
1545220406.000450470 WARN [:0(setStiffnessesNoProtection) [topics: ] Hidden method setStiffnesses getCycleNumber: 231221
1545220406.000494998 WARN [:0(setStiffnessesNoProtection) [topics: ] Hidden method setStiffnesses getCycleNumber: 231223
1545220406.000542559 WARN [:0(setStiffnessesNoProtection) [topics: ] Hidden method setStiffnesses getCycleNumber: 231226
1545220406.000586634 WARN [:0(setStiffnessesNoProtection) [topics: ] Hidden method setStiffnesses getCycleNumber: 231228
1545220406.000630313 WARN [:0(setStiffnessesNoProtection) [topics: ] Hidden method setStiffnesses getCycleNumber: 231230
1545220406.000674878 WARN [:0(setStiffnessesNoProtection) [topics: ] Hidden method setStiffnesses getCycleNumber: 231232
1545220406.000718995 WARN [:0(setStiffnessesNoProtection) [topics: ] Hidden method setStiffnesses getCycleNumber: 231234
1545220406.000762454 WARN [:0(setStiffnessesNoProtection) [topics: ] Hidden method setStiffnesses getCycleNumber: 231237
1545220406.000763209 WARN [:0(setStiffnessesNoProtection) [topics: ] Hidden method setStiffnesses getCycleNumber: 231237
1545220406.000806863 WARN [:0(setStiffnessesNoProtection) [topics: ] Hidden method setStiffnesses getCycleNumber: 231239
1545220406.000834023 WARN [:0(setStiffnessesNoProtection) [topics: ] Hidden method setStiffnesses getCycleNumber: 231240
1545220406.000876448 WARN [:0(setStiffnessesNoProtection) [topics: ] Hidden method setStiffnesses getCycleNumber: 231242
1545220406.000918205 WARN [:0(setStiffnessesNoProtection) [topics: ] Hidden method setStiffnesses getCycleNumber: 231244
1545220406.000962384 WARN [:0(setStiffnessesNoProtection) [topics: ] Hidden method setStiffnesses getCycleNumber: 231247
1545220407.000006508 WARN [:0(setStiffnessesNoProtection) [topics: ] Hidden method setStiffnesses getCycleNumber: 231249
1545220407.000050577 WARN [:0(setStiffnessesNoProtection) [topics: ] Hidden method setStiffnesses getCycleNumber: 231251
1545220407.000094886 WARN [:0(setStiffnessesNoProtection) [topics: ] Hidden method setStiffnesses getCycleNumber: 231253
1545220407.000138501 WARN [:0(setStiffnessesNoProtection) [topics: ] Hidden method setStiffnesses getCycleNumber: 231255
1545220407.000183017 WARN [:0(setStiffnessesNoProtection) [topics: ] Hidden method setStiffnesses getCycleNumber: 231258
1545220407.000226316 WARN [:0(setStiffnessesNoProtection) [topics: ] Hidden method setStiffnesses getCycleNumber: 231260
1545220407.000270357 WARN [:0(setStiffnessesNoProtection) [topics: ] Hidden method setStiffnesses getCycleNumber: 231262
1545220407.000314644 WARN [:0(setStiffnessesNoProtection) [topics: ] Hidden method setStiffnesses getCycleNumber: 231264
1545220407.000358887 WARN [:0(setStiffnessesNoProtection) [topics: ] Hidden method setStiffnesses getCycleNumber: 231266
1545220407.000360192 WARN [:0(setStiffnessesNoProtection) [topics: ] Hidden method setStiffnesses getCycleNumber: 231266
1545220407.000403027 WARN [:0(setStiffnessesNoProtection) [topics: ] Hidden method setStiffnesses getCycleNumber: 231269
1545220407.000434289 WARN [:0(setStiffnessesNoProtection) [topics: ] Hidden method setStiffnesses getCycleNumber: 231270
1545220407.000482823 WARN [:0(setStiffnessesNoProtection) [topics: ] Hidden method setStiffnesses getCycleNumber: 231273
1545220407.000526534 WARN [:0(setStiffnessesNoProtection) [topics: ] Hidden method setStiffnesses getCycleNumber: 231275
1545220407.000570867 WARN [:0(setStiffnessesNoProtection) [topics: ] Hidden method setStiffnesses getCycleNumber: 231277
1545220407.000615072 WARN [:0(setStiffnessesNoProtection) [topics: ] Hidden method setStiffnesses getCycleNumber: 231279
1545220407.000658432 WARN [:0(setStiffnessesNoProtection) [topics: ] Hidden method setStiffnesses getCycleNumber: 231281
1545220407.000702647 WARN [:0(setStiffnessesNoProtection) [topics: ] Hidden method setStiffnesses getCycleNumber: 231284
1545220407.000746487 WARN [:0(setStiffnessesNoProtection) [topics: ] Hidden method setStiffnesses getCycleNumber: 231286
1545220407.000790727 WARN [:0(setStiffnessesNoProtection) [topics: ] Hidden method setStiffnesses getCycleNumber: 231288
1545220407.000834468 WARN [:0(setStiffnessesNoProtection) [topics: ] Hidden method setStiffnesses getCycleNumber: 231290
1545220407.000878935 WARN [:0(setStiffnessesNoProtection) [topics: ] Hidden method setStiffnesses getCycleNumber: 231292
1545220407.000880326 WARN [:0(setStiffnessesNoProtection) [topics: ] Hidden method setStiffnesses getCycleNumber: 231292
1545220407.000926810 WARN [:0(setStiffnessesNoProtection) [topics: ] Hidden method setStiffnesses getCycleNumber: 231295
1545220407.000955478 WARN [:0(setStiffnessesNoProtection) [topics: ] Hidden method setStiffnesses getCycleNumber: 231296
1545220407.000999103 WARN [:0(setStiffnessesNoProtection) [topics: ] Hidden method setStiffnesses getCycleNumber: 231298
1545220408.000042512 WARN [:0(setStiffnessesNoProtection) [topics: ] Hidden method setStiffnesses getCycleNumber: 231301
1545220408.000086892 WARN [:0(setStiffnessesNoProtection) [topics: ] Hidden method setStiffnesses getCycleNumber: 231303
1545220408.000130319 WARN [:0(setStiffnessesNoProtection) [topics: ] Hidden method setStiffnesses getCycleNumber: 231305
1545220408.000174741 WARN [:0(setStiffnessesNoProtection) [topics: ] Hidden method setStiffnesses getCycleNumber: 231307
1545220408.000219174 WARN [:0(setStiffnessesNoProtection) [topics: ] Hidden method setStiffnesses getCycleNumber: 231309
1545220408.000262779 WARN [:0(setStiffnessesNoProtection) [topics: ] Hidden method setStiffnesses getCycleNumber: 231312
1545220408.000307171 WARN [:0(setStiffnessesNoProtection) [topics: ] Hidden method setStiffnesses getCycleNumber: 231314
1545220408.000350559 WARN [:0(setStiffnessesNoProtection) [topics: ] Hidden method setStiffnesses getCycleNumber: 231316
1545220408.000395210 WARN [:0(setStiffnessesNoProtection) [topics: ] Hidden method setStiffnesses getCycleNumber: 231318
1545220408.000438337 WARN [:0(setStiffnessesNoProtection) [topics: ] Hidden method setStiffnesses getCycleNumber: 231320
1545220408.000438952 WARN [:0(setStiffnessesNoProtection) [topics: ] Hidden method setStiffnesses getCycleNumber: 231320
1545220408.000482902 WARN [:0(setStiffnessesNoProtection) [topics: ] Hidden method setStiffnesses getCycleNumber: 231323
1545220408.000519536 WARN [:0(setStiffnessesNoProtection) [topics: ] Hidden method setStiffnesses getCycleNumber: 231324
1545220408.000562714 WARN [:0(setStiffnessesNoProtection) [topics: ] Hidden method setStiffnesses getCycleNumber: 231327
1545220408.000579924 DEBUG [:0(_wrap) [topics: ] 0.0663468%  100  0.00013803 4.8e-05 0.00048  0.00013282 4.8e-05 0.000261  0 0 0
1545220408.000607134 WARN [:0(setStiffnessesNoProtection) [topics: ] Hidden method setStiffnesses getCycleNumber: 231329
1545220408.000650415 WARN [:0(setStiffnessesNoProtection) [topics: ] Hidden method setStiffnesses getCycleNumber: 231331
1545220408.000698603 WARN [:0(setStiffnessesNoProtection) [topics: ] Hidden method setStiffnesses getCycleNumber: 231333
1545220408.000742498 WARN [:0(setStiffnessesNoProtection) [topics: ] Hidden method setStiffnesses getCycleNumber: 231336
1545220408.000786954 WARN [:0(setStiffnessesNoProtection) [topics: ] Hidden method setStiffnesses getCycleNumber: 231338
1545220408.000830290 WARN [:0(setStiffnessesNoProtection) [topics: ] Hidden method setStiffnesses getCycleNumber: 231340
1545220408.000874439 WARN [:0(setStiffnessesNoProtection) [topics: ] Hidden method setStiffnesses getCycleNumber: 231342
1545220408.000919236 WARN [:0(setStiffnessesNoProtection) [topics: ] Hidden method setStiffnesses getCycleNumber: 231344
1545220408.000920959 WARN [:0(setStiffnessesNoProtection) [topics: ] Hidden method setStiffnesses getCycleNumber: 231344
1545220408.000962439 WARN [:0(setStiffnessesNoProtection) [topics: ] Hidden method setStiffnesses getCycleNumber: 231347
1545220408.000998209 WARN [:0(setStiffnessesNoProtection) [topics: ] Hidden method setStiffnesses getCycleNumber: 231348
1545220409.000042215 WARN [:0(setStiffnessesNoProtection) [topics: ] Hidden method setStiffnesses getCycleNumber: 231351
1545220409.000086706 WARN [:0(setStiffnessesNoProtection) [topics: ] Hidden method setStiffnesses getCycleNumber: 231353
1545220409.000130256 WARN [:0(setStiffnessesNoProtection) [topics: ] Hidden method setStiffnesses getCycleNumber: 231355
1545220409.000179209 WARN [:0(setStiffnessesNoProtection) [topics: ] Hidden method setStiffnesses getCycleNumber: 231357
1545220409.000223066 WARN [:0(setStiffnessesNoProtection) [topics: ] Hidden method setStiffnesses getCycleNumber: 231360
1545220409.000266739 WARN [:0(setStiffnessesNoProtection) [topics: ] Hidden method setStiffnesses getCycleNumber: 231362
1545220409.000311822 WARN [:0(setStiffnessesNoProtection) [topics: ] Hidden method setStiffnesses getCycleNumber: 231364
1545220409.000354590 WARN [:0(setStiffnessesNoProtection) [topics: ] Hidden method setStiffnesses getCycleNumber: 231366
1545220409.000398761 WARN [:0(setStiffnessesNoProtection) [topics: ] Hidden method setStiffnesses getCycleNumber: 231368
1545220409.000399962 WARN [:0(setStiffnessesNoProtection) [topics: ] Hidden method setStiffnesses getCycleNumber: 231368
1545220409.000442230 WARN [:0(setStiffnessesNoProtection) [topics: ] Hidden method setStiffnesses getCycleNumber: 231371
1545220409.000475950 WARN [:0(setStiffnessesNoProtection) [topics: ] Hidden method setStiffnesses getCycleNumber: 231372
1545220409.000518845 WARN [:0(setStiffnessesNoProtection) [topics: ] Hidden method setStiffnesses getCycleNumber: 231374
1545220409.000562469 WARN [:0(setStiffnessesNoProtection) [topics: ] Hidden method setStiffnesses getCycleNumber: 231377
1545220409.000607034 WARN [:0(setStiffnessesNoProtection) [topics: ] Hidden method setStiffnesses getCycleNumber: 231379
1545220409.000650613 WARN [:0(setStiffnessesNoProtection) [topics: ] Hidden method setStiffnesses getCycleNumber: 231381
1545220409.000695151 WARN [:0(setStiffnessesNoProtection) [topics: ] Hidden method setStiffnesses getCycleNumber: 231383
1545220409.000742302 WARN [:0(setStiffnessesNoProtection) [topics: ] Hidden method setStiffnesses getCycleNumber: 231386
1545220409.000787198 WARN [:0(setStiffnessesNoProtection) [topics: ] Hidden method setStiffnesses getCycleNumber: 231388
1545220409.000830282 WARN [:0(setStiffnessesNoProtection) [topics: ] Hidden method setStiffnesses getCycleNumber: 231390
1545220409.000874810 WARN [:0(setStiffnessesNoProtection) [topics: ] Hidden method setStiffnesses getCycleNumber: 231392
1545220409.000919108 WARN [:0(setStiffnessesNoProtection) [topics: ] Hidden method setStiffnesses getCycleNumber: 231394
1545220409.000920215 WARN [:0(setStiffnessesNoProtection) [topics: ] Hidden method setStiffnesses getCycleNumber: 231394
1545220409.000962508 WARN [:0(setStiffnessesNoProtection) [topics: ] Hidden method setStiffnesses getCycleNumber: 231397
1545220409.000997853 WARN [:0(setStiffnessesNoProtection) [topics: ] Hidden method setStiffnesses getCycleNumber: 231398
1545220410.000038236 WARN [:0(setStiffnessesNoProtection) [topics: ] Hidden method setStiffnesses getCycleNumber: 231400
1545220410.000086740 WARN [:0(setStiffnessesNoProtection) [topics: ] Hidden method setStiffnesses getCycleNumber: 231403
1545220410.000130320 WARN [:0(setStiffnessesNoProtection) [topics: ] Hidden method setStiffnesses getCycleNumber: 231405
1545220410.000174819 WARN [:0(setStiffnessesNoProtection) [topics: ] Hidden method setStiffnesses getCycleNumber: 231407
1545220410.000219532 WARN [:0(setStiffnessesNoProtection) [topics: ] Hidden method setStiffnesses getCycleNumber: 231409
1545220410.000263113 WARN [:0(setStiffnessesNoProtection) [topics: ] Hidden method setStiffnesses getCycleNumber: 231412
1545220410.000307398 WARN [:0(setStiffnessesNoProtection) [topics: ] Hidden method setStiffnesses getCycleNumber: 231414
1545220410.000350563 WARN [:0(setStiffnessesNoProtection) [topics: ] Hidden method setStiffnesses getCycleNumber: 231416
1545220410.000394679 WARN [:0(setStiffnessesNoProtection) [topics: ] Hidden method setStiffnesses getCycleNumber: 231418
1545220410.000438379 WARN [:0(setStiffnessesNoProtection) [topics: ] Hidden method setStiffnesses getCycleNumber: 231420
1545220410.000438950 WARN [:0(setStiffnessesNoProtection) [topics: ] Hidden method setStiffnesses getCycleNumber: 231420
1545220410.000482430 WARN [:0(setStiffnessesNoProtection) [topics: ] Hidden method setStiffnesses getCycleNumber: 231423
1545220410.000517634 WARN [:0(setStiffnessesNoProtection) [topics: ] Hidden method setStiffnesses getCycleNumber: 231424
1545220410.000558366 WARN [:0(setStiffnessesNoProtection) [topics: ] Hidden method setStiffnesses getCycleNumber: 231426
1545220410.000602981 WARN [:0(setStiffnessesNoProtection) [topics: ] Hidden method setStiffnesses getCycleNumber: 231429
1545220410.000646448 WARN [:0(setStiffnessesNoProtection) [topics: ] Hidden method setStiffnesses getCycleNumber: 231431
1545220410.000690240 WARN [:0(setStiffnessesNoProtection) [topics: ] Hidden method setStiffnesses getCycleNumber: 231433
1545220410.000734240 WARN [:0(setStiffnessesNoProtection) [topics: ] Hidden method setStiffnesses getCycleNumber: 231435
1545220410.000778712 WARN [:0(setStiffnessesNoProtection) [topics: ] Hidden method setStiffnesses getCycleNumber: 231437
1545220410.000784939 DEBUG [:0(_wrap) [topics: ] 0.129344%  100  0.00026319 0.000106 0.000502  0.0002591 0.000107 0.000469  0 0 0
1545220410.000822623 WARN [:0(setStiffnessesNoProtection) [topics: ] Hidden method setStiffnesses getCycleNumber: 231440
1545220410.000866686 WARN [:0(setStiffnessesNoProtection) [topics: ] Hidden method setStiffnesses getCycleNumber: 231442
1545220410.000911210 WARN [:0(setStiffnessesNoProtection) [topics: ] Hidden method setStiffnesses getCycleNumber: 231444
1545220410.000954557 WARN [:0(setStiffnessesNoProtection) [topics: ] Hidden method setStiffnesses getCycleNumber: 231446
1545220410.000999105 WARN [:0(setStiffnessesNoProtection) [topics: ] Hidden method setStiffnesses getCycleNumber: 231448
1545220411.000000435 WARN [:0(setStiffnessesNoProtection) [topics: ] Hidden method setStiffnesses getCycleNumber: 231448
1545220411.000042221 WARN [:0(setStiffnessesNoProtection) [topics: ] Hidden method setStiffnesses getCycleNumber: 231451
1545220411.000076519 WARN [:0(setStiffnessesNoProtection) [topics: ] Hidden method setStiffnesses getCycleNumber: 231452
1545220411.000119887 WARN [:0(setStiffnessesNoProtection) [topics: ] Hidden method setStiffnesses getCycleNumber: 231454
1545220411.000162501 WARN [:0(setStiffnessesNoProtection) [topics: ] Hidden method setStiffnesses getCycleNumber: 231457
1545220411.000207365 WARN [:0(setStiffnessesNoProtection) [topics: ] Hidden method setStiffnesses getCycleNumber: 231459
1545220411.000254430 WARN [:0(setStiffnessesNoProtection) [topics: ] Hidden method setStiffnesses getCycleNumber: 231461
1545220411.000298970 WARN [:0(setStiffnessesNoProtection) [topics: ] Hidden method setStiffnesses getCycleNumber: 231463
1545220411.000346431 WARN [:0(setStiffnessesNoProtection) [topics: ] Hidden method setStiffnesses getCycleNumber: 231466
1545220411.000390937 WARN [:0(setStiffnessesNoProtection) [topics: ] Hidden method setStiffnesses getCycleNumber: 231468
1545220411.000435042 WARN [:0(setStiffnessesNoProtection) [topics: ] Hidden method setStiffnesses getCycleNumber: 231470
1545220411.000479521 WARN [:0(setStiffnessesNoProtection) [topics: ] Hidden method setStiffnesses getCycleNumber: 231472
1545220411.000523013 WARN [:0(setStiffnessesNoProtection) [topics: ] Hidden method setStiffnesses getCycleNumber: 231475
1545220411.000524440 WARN [:0(setStiffnessesNoProtection) [topics: ] Hidden method setStiffnesses getCycleNumber: 231475
1545220411.000566563 WARN [:0(setStiffnessesNoProtection) [topics: ] Hidden method setStiffnesses getCycleNumber: 231477
1545220411.000598723 WARN [:0(setStiffnessesNoProtection) [topics: ] Hidden method setStiffnesses getCycleNumber: 231478
1545220411.000643055 WARN [:0(setStiffnessesNoProtection) [topics: ] Hidden method setStiffnesses getCycleNumber: 231481
1545220411.000690777 WARN [:0(setStiffnessesNoProtection) [topics: ] Hidden method setStiffnesses getCycleNumber: 231483
1545220411.000735053 WARN [:0(setStiffnessesNoProtection) [topics: ] Hidden method setStiffnesses getCycleNumber: 231485
1545220411.000782680 WARN [:0(setStiffnessesNoProtection) [topics: ] Hidden method setStiffnesses getCycleNumber: 231488
1545220411.000827090 WARN [:0(setStiffnessesNoProtection) [topics: ] Hidden method setStiffnesses getCycleNumber: 231490
1545220411.000870240 WARN [:0(setStiffnessesNoProtection) [topics: ] Hidden method setStiffnesses getCycleNumber: 231492
1545220411.000914995 WARN [:0(setStiffnessesNoProtection) [topics: ] Hidden method setStiffnesses getCycleNumber: 231494
1545220411.000959392 WARN [:0(setStiffnessesNoProtection) [topics: ] Hidden method setStiffnesses getCycleNumber: 231496
1545220412.000003230 WARN [:0(setStiffnessesNoProtection) [topics: ] Hidden method setStiffnesses getCycleNumber: 231499
1545220412.000004835 WARN [:0(setStiffnessesNoProtection) [topics: ] Hidden method setStiffnesses getCycleNumber: 231499
1545220412.000046707 WARN [:0(setStiffnessesNoProtection) [topics: ] Hidden method setStiffnesses getCycleNumber: 231501
1545220412.000079043 WARN [:0(setStiffnessesNoProtection) [topics: ] Hidden method setStiffnesses getCycleNumber: 231502
1545220412.000118716 WARN [:0(setStiffnessesNoProtection) [topics: ] Hidden method setStiffnesses getCycleNumber: 231504
1545220412.000162792 WARN [:0(setStiffnessesNoProtection) [topics: ] Hidden method setStiffnesses getCycleNumber: 231507
1545220412.000206729 WARN [:0(setStiffnessesNoProtection) [topics: ] Hidden method setStiffnesses getCycleNumber: 231509
1545220412.000250457 WARN [:0(setStiffnessesNoProtection) [topics: ] Hidden method setStiffnesses getCycleNumber: 231511
1545220412.000295240 WARN [:0(setStiffnessesNoProtection) [topics: ] Hidden method setStiffnesses getCycleNumber: 231513
1545220412.000339032 WARN [:0(setStiffnessesNoProtection) [topics: ] Hidden method setStiffnesses getCycleNumber: 231515
1545220412.000382464 WARN [:0(setStiffnessesNoProtection) [topics: ] Hidden method setStiffnesses getCycleNumber: 231518
1545220412.000426273 WARN [:0(setStiffnessesNoProtection) [topics: ] Hidden method setStiffnesses getCycleNumber: 231520
1545220412.000470759 WARN [:0(setStiffnessesNoProtection) [topics: ] Hidden method setStiffnesses getCycleNumber: 231522
1545220412.000515199 WARN [:0(setStiffnessesNoProtection) [topics: ] Hidden method setStiffnesses getCycleNumber: 231524
1545220412.000558887 WARN [:0(setStiffnessesNoProtection) [topics: ] Hidden method setStiffnesses getCycleNumber: 231526
1545220412.000560290 WARN [:0(setStiffnessesNoProtection) [topics: ] Hidden method setStiffnesses getCycleNumber: 231526
1545220412.000602967 WARN [:0(setStiffnessesNoProtection) [topics: ] Hidden method setStiffnesses getCycleNumber: 231529
1545220412.000640249 WARN [:0(setStiffnessesNoProtection) [topics: ] Hidden method setStiffnesses getCycleNumber: 231530
1545220412.000682849 WARN [:0(setStiffnessesNoProtection) [topics: ] Hidden method setStiffnesses getCycleNumber: 231533
1545220412.000726642 WARN [:0(setStiffnessesNoProtection) [topics: ] Hidden method setStiffnesses getCycleNumber: 231535
1545220412.000771342 WARN [:0(setStiffnessesNoProtection) [topics: ] Hidden method setStiffnesses getCycleNumber: 231537
1545220412.000815006 WARN [:0(setStiffnessesNoProtection) [topics: ] Hidden method setStiffnesses getCycleNumber: 231539
1545220412.000859021 WARN [:0(setStiffnessesNoProtection) [topics: ] Hidden method setStiffnesses getCycleNumber: 231541
1545220412.000903165 WARN [:0(setStiffnessesNoProtection) [topics: ] Hidden method setStiffnesses getCycleNumber: 231544
1545220412.000947507 WARN [:0(setStiffnessesNoProtection) [topics: ] Hidden method setStiffnesses getCycleNumber: 231546
1545220412.000991145 WARN [:0(setStiffnessesNoProtection) [topics: ] Hidden method setStiffnesses getCycleNumber: 231548
1545220413.000039030 WARN [:0(setStiffnessesNoProtection) [topics: ] Hidden method setStiffnesses getCycleNumber: 231550
1545220413.000082687 WARN [:0(setStiffnessesNoProtection) [topics: ] Hidden method setStiffnesses getCycleNumber: 231553
1545220413.000083713 WARN [:0(setStiffnessesNoProtection) [topics: ] Hidden method setStiffnesses getCycleNumber: 231553
1545220413.000131224 WARN [:0(setStiffnessesNoProtection) [topics: ] Hidden method setStiffnesses getCycleNumber: 231555
1545220413.000159318 WARN [:0(setStiffnessesNoProtection) [topics: ] Hidden method setStiffnesses getCycleNumber: 231556
1545220413.000203237 WARN [:0(setStiffnessesNoProtection) [topics: ] Hidden method setStiffnesses getCycleNumber: 231559
1545220413.000246767 WARN [:0(setStiffnessesNoProtection) [topics: ] Hidden method setStiffnesses getCycleNumber: 231561
1545220413.000290644 WARN [:0(setStiffnessesNoProtection) [topics: ] Hidden method setStiffnesses getCycleNumber: 231563
1545220413.000334782 WARN [:0(setStiffnessesNoProtection) [topics: ] Hidden method setStiffnesses getCycleNumber: 231565
1545220413.000379278 WARN [:0(setStiffnessesNoProtection) [topics: ] Hidden method setStiffnesses getCycleNumber: 231567
1545220413.000423156 WARN [:0(setStiffnessesNoProtection) [topics: ] Hidden method setStiffnesses getCycleNumber: 231570
1545220413.000467189 WARN [:0(setStiffnessesNoProtection) [topics: ] Hidden method setStiffnesses getCycleNumber: 231572
1545220413.000511531 WARN [:0(setStiffnessesNoProtection) [topics: ] Hidden method setStiffnesses getCycleNumber: 231574
1545220413.000555308 WARN [:0(setStiffnessesNoProtection) [topics: ] Hidden method setStiffnesses getCycleNumber: 231576
1545220413.000599118 WARN [:0(setStiffnessesNoProtection) [topics: ] Hidden method setStiffnesses getCycleNumber: 231578
1545220413.000642795 WARN [:0(setStiffnessesNoProtection) [topics: ] Hidden method setStiffnesses getCycleNumber: 231581
1545220413.000643934 WARN [:0(setStiffnessesNoProtection) [topics: ] Hidden method setStiffnesses getCycleNumber: 231581
1545220413.000686831 WARN [:0(setStiffnessesNoProtection) [topics: ] Hidden method setStiffnesses getCycleNumber: 231583
1545220413.000719130 WARN [:0(setStiffnessesNoProtection) [topics: ] Hidden method setStiffnesses getCycleNumber: 231584
1545220413.000758848 WARN [:0(setStiffnessesNoProtection) [topics: ] Hidden method setStiffnesses getCycleNumber: 231586
1545220413.000803170 WARN [:0(setStiffnessesNoProtection) [topics: ] Hidden method setStiffnesses getCycleNumber: 231589
1545220413.000847107 WARN [:0(setStiffnessesNoProtection) [topics: ] Hidden method setStiffnesses getCycleNumber: 231591
1545220413.000890980 WARN [:0(setStiffnessesNoProtection) [topics: ] Hidden method setStiffnesses getCycleNumber: 231593
1545220413.000938797 WARN [:0(setStiffnessesNoProtection) [topics: ] Hidden method setStiffnesses getCycleNumber: 231595
1545220413.000982915 WARN [:0(setStiffnessesNoProtection) [topics: ] Hidden method setStiffnesses getCycleNumber: 231598
1545220414.000027676 WARN [:0(setStiffnessesNoProtection) [topics: ] Hidden method setStiffnesses getCycleNumber: 231600
1545220414.000071344 WARN [:0(setStiffnessesNoProtection) [topics: ] Hidden method setStiffnesses getCycleNumber: 231602
1545220414.000114656 WARN [:0(setStiffnessesNoProtection) [topics: ] Hidden method setStiffnesses getCycleNumber: 231604
1545220414.000159145 WARN [:0(setStiffnessesNoProtection) [topics: ] Hidden method setStiffnesses getCycleNumber: 231606
1545220414.000160710 WARN [:0(setStiffnessesNoProtection) [topics: ] Hidden method setStiffnesses getCycleNumber: 231606
1545220414.000202927 WARN [:0(setStiffnessesNoProtection) [topics: ] Hidden method setStiffnesses getCycleNumber: 231609
1545220414.000238057 WARN [:0(setStiffnessesNoProtection) [topics: ] Hidden method setStiffnesses getCycleNumber: 231610
1545220414.000280167 WARN [:0(setStiffnessesNoProtection) [topics: ] Hidden method setStiffnesses getCycleNumber: 231612
1545220414.000322756 WARN [:0(setStiffnessesNoProtection) [topics: ] Hidden method setStiffnesses getCycleNumber: 231615
1545220414.000367080 WARN [:0(setStiffnessesNoProtection) [topics: ] Hidden method setStiffnesses getCycleNumber: 231617
1545220414.000411272 WARN [:0(setStiffnessesNoProtection) [topics: ] Hidden method setStiffnesses getCycleNumber: 231619
1545220414.000455418 WARN [:0(setStiffnessesNoProtection) [topics: ] Hidden method setStiffnesses getCycleNumber: 231621
1545220414.000503457 WARN [:0(setStiffnessesNoProtection) [topics: ] Hidden method setStiffnesses getCycleNumber: 231624
1545220414.000546761 WARN [:0(setStiffnessesNoProtection) [topics: ] Hidden method setStiffnesses getCycleNumber: 231626
1545220414.000595205 WARN [:0(setStiffnessesNoProtection) [topics: ] Hidden method setStiffnesses getCycleNumber: 231628
1545220414.000639021 WARN [:0(setStiffnessesNoProtection) [topics: ] Hidden method setStiffnesses getCycleNumber: 231630
1545220414.000640402 WARN [:0(setStiffnessesNoProtection) [topics: ] Hidden method setStiffnesses getCycleNumber: 231630
1545220414.000683403 WARN [:0(setStiffnessesNoProtection) [topics: ] Hidden method setStiffnesses getCycleNumber: 231633
1545220414.000718269 WARN [:0(setStiffnessesNoProtection) [topics: ] Hidden method setStiffnesses getCycleNumber: 231634
1545220414.000758717 WARN [:0(setStiffnessesNoProtection) [topics: ] Hidden method setStiffnesses getCycleNumber: 231636
1545220414.000802912 WARN [:0(setStiffnessesNoProtection) [topics: ] Hidden method setStiffnesses getCycleNumber: 231639
1545220414.000846915 WARN [:0(setStiffnessesNoProtection) [topics: ] Hidden method setStiffnesses getCycleNumber: 231641
1545220414.000891130 WARN [:0(setStiffnessesNoProtection) [topics: ] Hidden method setStiffnesses getCycleNumber: 231643
1545220414.000935218 WARN [:0(setStiffnessesNoProtection) [topics: ] Hidden method setStiffnesses getCycleNumber: 231645
1545220414.000979171 WARN [:0(setStiffnessesNoProtection) [topics: ] Hidden method setStiffnesses getCycleNumber: 231647
1545220415.000027435 WARN [:0(setStiffnessesNoProtection) [topics: ] Hidden method setStiffnesses getCycleNumber: 231650
1545220415.000071101 WARN [:0(setStiffnessesNoProtection) [topics: ] Hidden method setStiffnesses getCycleNumber: 231652
1545220415.000114880 WARN [:0(setStiffnessesNoProtection) [topics: ] Hidden method setStiffnesses getCycleNumber: 231654
1545220415.000158762 WARN [:0(setStiffnessesNoProtection) [topics: ] Hidden method setStiffnesses getCycleNumber: 231656
1545220415.000159909 WARN [:0(setStiffnessesNoProtection) [topics: ] Hidden method setStiffnesses getCycleNumber: 231656
1545220415.000203408 WARN [:0(setStiffnessesNoProtection) [topics: ] Hidden method setStiffnesses getCycleNumber: 231659
1545220415.000238391 WARN [:0(setStiffnessesNoProtection) [topics: ] Hidden method setStiffnesses getCycleNumber: 231660
1545220415.000278619 WARN [:0(setStiffnessesNoProtection) [topics: ] Hidden method setStiffnesses getCycleNumber: 231662
1545220415.000322608 WARN [:0(setStiffnessesNoProtection) [topics: ] Hidden method setStiffnesses getCycleNumber: 231665
1545220415.000366458 WARN [:0(setStiffnessesNoProtection) [topics: ] Hidden method setStiffnesses getCycleNumber: 231667
1545220415.000410315 WARN [:0(setStiffnessesNoProtection) [topics: ] Hidden method setStiffnesses getCycleNumber: 231669
1545220415.000454539 WARN [:0(setStiffnessesNoProtection) [topics: ] Hidden method setStiffnesses getCycleNumber: 231671
1545220415.000499188 WARN [:0(setStiffnessesNoProtection) [topics: ] Hidden method setStiffnesses getCycleNumber: 231673
1545220415.000547832 WARN [:0(setStiffnessesNoProtection) [topics: ] Hidden method setStiffnesses getCycleNumber: 231676
1545220415.000590924 WARN [:0(setStiffnessesNoProtection) [topics: ] Hidden method setStiffnesses getCycleNumber: 231678
1545220415.000634885 WARN [:0(setStiffnessesNoProtection) [topics: ] Hidden method setStiffnesses getCycleNumber: 231680
1545220415.000678904 WARN [:0(setStiffnessesNoProtection) [topics: ] Hidden method setStiffnesses getCycleNumber: 231682
1545220415.000680249 WARN [:0(setStiffnessesNoProtection) [topics: ] Hidden method setStiffnesses getCycleNumber: 231682
1545220415.000722673 WARN [:0(setStiffnessesNoProtection) [topics: ] Hidden method setStiffnesses getCycleNumber: 231685
1545220415.000758127 WARN [:0(setStiffnessesNoProtection) [topics: ] Hidden method setStiffnesses getCycleNumber: 231686
1545220415.000800591 WARN [:0(setStiffnessesNoProtection) [topics: ] Hidden method setStiffnesses getCycleNumber: 231688
1545220415.000842669 WARN [:0(setStiffnessesNoProtection) [topics: ] Hidden method setStiffnesses getCycleNumber: 231691
1545220415.000886575 WARN [:0(setStiffnessesNoProtection) [topics: ] Hidden method setStiffnesses getCycleNumber: 231693
1545220415.000930787 WARN [:0(setStiffnessesNoProtection) [topics: ] Hidden method setStiffnesses getCycleNumber: 231695
1545220415.000974955 WARN [:0(setStiffnessesNoProtection) [topics: ] Hidden method setStiffnesses getCycleNumber: 231697
1545220416.000022965 WARN [:0(setStiffnessesNoProtection) [topics: ] Hidden method setStiffnesses getCycleNumber: 231700
1545220416.000067023 WARN [:0(setStiffnessesNoProtection) [topics: ] Hidden method setStiffnesses getCycleNumber: 231702
1545220416.000110458 WARN [:0(setStiffnessesNoProtection) [topics: ] Hidden method setStiffnesses getCycleNumber: 231704
1545220416.000154644 WARN [:0(setStiffnessesNoProtection) [topics: ] Hidden method setStiffnesses getCycleNumber: 231706
1545220416.000198575 WARN [:0(setStiffnessesNoProtection) [topics: ] Hidden method setStiffnesses getCycleNumber: 231708
1545220416.000199494 WARN [:0(setStiffnessesNoProtection) [topics: ] Hidden method setStiffnesses getCycleNumber: 231708
1545220416.000242722 WARN [:0(setStiffnessesNoProtection) [topics: ] Hidden method setStiffnesses getCycleNumber: 231711
1545220416.000276154 WARN [:0(setStiffnessesNoProtection) [topics: ] Hidden method setStiffnesses getCycleNumber: 231712
1545220416.000318530 WARN [:0(setStiffnessesNoProtection) [topics: ] Hidden method setStiffnesses getCycleNumber: 231714
1545220416.000362901 WARN [:0(setStiffnessesNoProtection) [topics: ] Hidden method setStiffnesses getCycleNumber: 231717
1545220416.000406422 WARN [:0(setStiffnessesNoProtection) [topics: ] Hidden method setStiffnesses getCycleNumber: 231719
1545220416.000450298 WARN [:0(setStiffnessesNoProtection) [topics: ] Hidden method setStiffnesses getCycleNumber: 231721
1545220416.000494254 WARN [:0(setStiffnessesNoProtection) [topics: ] Hidden method setStiffnesses getCycleNumber: 231723
1545220416.000538252 WARN [:0(setStiffnessesNoProtection) [topics: ] Hidden method setStiffnesses getCycleNumber: 231725
1545220416.000586294 WARN [:0(setStiffnessesNoProtection) [topics: ] Hidden method setStiffnesses getCycleNumber: 231728
1545220416.000634289 WARN [:0(setStiffnessesNoProtection) [topics: ] Hidden method setStiffnesses getCycleNumber: 231730
1545220416.000678207 WARN [:0(setStiffnessesNoProtection) [topics: ] Hidden method setStiffnesses getCycleNumber: 231732
1545220416.000678728 WARN [:0(setStiffnessesNoProtection) [topics: ] Hidden method setStiffnesses getCycleNumber: 231732
1545220416.000722260 WARN [:0(setStiffnessesNoProtection) [topics: ] Hidden method setStiffnesses getCycleNumber: 231735
1545220416.000754311 WARN [:0(setStiffnessesNoProtection) [topics: ] Hidden method setStiffnesses getCycleNumber: 231736
1545220416.000798200 WARN [:0(setStiffnessesNoProtection) [topics: ] Hidden method setStiffnesses getCycleNumber: 231738
1545220416.000842325 WARN [:0(setStiffnessesNoProtection) [topics: ] Hidden method setStiffnesses getCycleNumber: 231741
1545220416.000886727 WARN [:0(setStiffnessesNoProtection) [topics: ] Hidden method setStiffnesses getCycleNumber: 231743
1545220416.000930348 WARN [:0(setStiffnessesNoProtection) [topics: ] Hidden method setStiffnesses getCycleNumber: 231745
1545220416.000975230 WARN [:0(setStiffnessesNoProtection) [topics: ] Hidden method setStiffnesses getCycleNumber: 231747
1545220417.000019205 WARN [:0(setStiffnessesNoProtection) [topics: ] Hidden method setStiffnesses getCycleNumber: 231749
1545220417.000063301 WARN [:0(setStiffnessesNoProtection) [topics: ] Hidden method setStiffnesses getCycleNumber: 231752
1545220417.000106882 WARN [:0(setStiffnessesNoProtection) [topics: ] Hidden method setStiffnesses getCycleNumber: 231754
1545220417.000151056 WARN [:0(setStiffnessesNoProtection) [topics: ] Hidden method setStiffnesses getCycleNumber: 231756
1545220417.000194678 WARN [:0(setStiffnessesNoProtection) [topics: ] Hidden method setStiffnesses getCycleNumber: 231758
1545220417.000238764 WARN [:0(setStiffnessesNoProtection) [topics: ] Hidden method setStiffnesses getCycleNumber: 231760
1545220417.000239886 WARN [:0(setStiffnessesNoProtection) [topics: ] Hidden method setStiffnesses getCycleNumber: 231760
1545220417.000282612 WARN [:0(setStiffnessesNoProtection) [topics: ] Hidden method setStiffnesses getCycleNumber: 231763
1545220417.000318754 WARN [:0(setStiffnessesNoProtection) [topics: ] Hidden method setStiffnesses getCycleNumber: 231764
1545220417.000359162 WARN [:0(setStiffnessesNoProtection) [topics: ] Hidden method setStiffnesses getCycleNumber: 231766
1545220417.000402363 WARN [:0(setStiffnessesNoProtection) [topics: ] Hidden method setStiffnesses getCycleNumber: 231769
1545220417.000446242 WARN [:0(setStiffnessesNoProtection) [topics: ] Hidden method setStiffnesses getCycleNumber: 231771
1545220417.000490833 WARN [:0(setStiffnessesNoProtection) [topics: ] Hidden method setStiffnesses getCycleNumber: 231773
1545220417.000534810 WARN [:0(setStiffnessesNoProtection) [topics: ] Hidden method setStiffnesses getCycleNumber: 231775
1545220417.000579399 WARN [:0(setStiffnessesNoProtection) [topics: ] Hidden method setStiffnesses getCycleNumber: 231777
1545220417.000623092 WARN [:0(setStiffnessesNoProtection) [topics: ] Hidden method setStiffnesses getCycleNumber: 231780
1545220417.000666931 WARN [:0(setStiffnessesNoProtection) [topics: ] Hidden method setStiffnesses getCycleNumber: 231782
1545220417.000710930 WARN [:0(setStiffnessesNoProtection) [topics: ] Hidden method setStiffnesses getCycleNumber: 231784
1545220417.000754799 WARN [:0(setStiffnessesNoProtection) [topics: ] Hidden method setStiffnesses getCycleNumber: 231786
1545220417.000798503 WARN [:0(setStiffnessesNoProtection) [topics: ] Hidden method setStiffnesses getCycleNumber: 231788
1545220417.000799367 WARN [:0(setStiffnessesNoProtection) [topics: ] Hidden method setStiffnesses getCycleNumber: 231788
1545220417.000842574 WARN [:0(setStiffnessesNoProtection) [topics: ] Hidden method setStiffnesses getCycleNumber: 231791
1545220417.000878112 WARN [:0(setStiffnessesNoProtection) [topics: ] Hidden method setStiffnesses getCycleNumber: 231792
1545220417.000922354 WARN [:0(setStiffnessesNoProtection) [topics: ] Hidden method setStiffnesses getCycleNumber: 231795
1545220417.000966283 WARN [:0(setStiffnessesNoProtection) [topics: ] Hidden method setStiffnesses getCycleNumber: 231797
1545220418.000010347 WARN [:0(setStiffnessesNoProtection) [topics: ] Hidden method setStiffnesses getCycleNumber: 231799
1545220418.000058260 WARN [:0(setStiffnessesNoProtection) [topics: ] Hidden method setStiffnesses getCycleNumber: 231801
1545220418.000106285 WARN [:0(setStiffnessesNoProtection) [topics: ] Hidden method setStiffnesses getCycleNumber: 231804
1545220418.000150342 WARN [:0(setStiffnessesNoProtection) [topics: ] Hidden method setStiffnesses getCycleNumber: 231806
1545220418.000194256 WARN [:0(setStiffnessesNoProtection) [topics: ] Hidden method setStiffnesses getCycleNumber: 231808
1545220418.000194829 WARN [:0(setStiffnessesNoProtection) [topics: ] Hidden method setStiffnesses getCycleNumber: 231808
1545220418.000238275 WARN [:0(setStiffnessesNoProtection) [topics: ] Hidden method setStiffnesses getCycleNumber: 231810
1545220418.000274776 WARN [:0(setStiffnessesNoProtection) [topics: ] Hidden method setStiffnesses getCycleNumber: 231812
1545220418.000318245 WARN [:0(setStiffnessesNoProtection) [topics: ] Hidden method setStiffnesses getCycleNumber: 231814
1545220418.000362244 WARN [:0(setStiffnessesNoProtection) [topics: ] Hidden method setStiffnesses getCycleNumber: 231817
1545220418.000406319 WARN [:0(setStiffnessesNoProtection) [topics: ] Hidden method setStiffnesses getCycleNumber: 231819
1545220418.000450265 WARN [:0(setStiffnessesNoProtection) [topics: ] Hidden method setStiffnesses getCycleNumber: 231821
1545220418.000494259 WARN [:0(setStiffnessesNoProtection) [topics: ] Hidden method setStiffnesses getCycleNumber: 231823
1545220418.000538324 WARN [:0(setStiffnessesNoProtection) [topics: ] Hidden method setStiffnesses getCycleNumber: 231825
1545220418.000586279 WARN [:0(setStiffnessesNoProtection) [topics: ] Hidden method setStiffnesses getCycleNumber: 231828
1545220418.000626260 WARN [:0(setStiffnessesNoProtection) [topics: ] Hidden method setStiffnesses getCycleNumber: 231830
1545220418.000670295 WARN [:0(setStiffnessesNoProtection) [topics: ] Hidden method setStiffnesses getCycleNumber: 231832
1545220418.000718200 WARN [:0(setStiffnessesNoProtection) [topics: ] Hidden method setStiffnesses getCycleNumber: 231834
1545220418.000718643 WARN [:0(setStiffnessesNoProtection) [topics: ] Hidden method setStiffnesses getCycleNumber: 231834
1545220418.000762246 WARN [:0(setStiffnessesNoProtection) [topics: ] Hidden method setStiffnesses getCycleNumber: 231837
1545220418.000794550 WARN [:0(setStiffnessesNoProtection) [topics: ] Hidden method setStiffnesses getCycleNumber: 231838
1545220418.000838307 WARN [:0(setStiffnessesNoProtection) [topics: ] Hidden method setStiffnesses getCycleNumber: 231840
1545220418.000886248 WARN [:0(setStiffnessesNoProtection) [topics: ] Hidden method setStiffnesses getCycleNumber: 231843
1545220418.000934510 WARN [:0(setStiffnessesNoProtection) [topics: ] Hidden method setStiffnesses getCycleNumber: 231845
1545220418.000978866 WARN [:0(setStiffnessesNoProtection) [topics: ] Hidden method setStiffnesses getCycleNumber: 231847
1545220419.000022781 WARN [:0(setStiffnessesNoProtection) [topics: ] Hidden method setStiffnesses getCycleNumber: 231850
1545220419.000066387 WARN [:0(setStiffnessesNoProtection) [topics: ] Hidden method setStiffnesses getCycleNumber: 231852
1545220419.000115085 WARN [:0(setStiffnessesNoProtection) [topics: ] Hidden method setStiffnesses getCycleNumber: 231854
1545220419.152158021 INFO [naoqi_node.py:99(__on_ros_shutdown) [topics: /rosout] Stopping nao_logger
1545220419.152410030 INFO [naoqi_node.py:106(__on_ros_shutdown) [topics: /rosout] nao_logger stopped
1545220419.259884119 INFO [naoqi_node.py:99(__on_ros_shutdown) [topics: /imu, /odom, /joint_states, /rosout, /tf, /joint_stiffness] Stopping naoqi_joint_states
1545220419.272164106 INFO [naoqi_node.py:106(__on_ros_shutdown) [topics: /imu, /odom, /joint_states, /rosout, /tf, /joint_stiffness] naoqi_joint_states stopped
1545220519.231139898 INFO [naoqi_node.py:99(__on_ros_shutdown) [topics: /run_behavior/goal, /run_behavior/status, /run_behavior/cancel, /rosout, /run_behavior/feedback, /run_behavior/result] Stopping nao_behaviors
1545220519.231355905 INFO [naoqi_node.py:106(__on_ros_shutdown) [topics: /run_behavior/goal, /run_behavior/status, /run_behavior/cancel, /rosout, /run_behavior/feedback, /run_behavior/result] nao_behaviors stopped
