[rosmaster.main][INFO] 2018-11-21 11:24:34,411: initialization complete, waiting for shutdown
[rosmaster.main][INFO] 2018-11-21 11:24:34,411: Starting ROS Master Node
[xmlrpc][INFO] 2018-11-21 11:24:34,412: XML-RPC server binding to 0.0.0.0:11311
[xmlrpc][INFO] 2018-11-21 11:24:34,412: Started XML-RPC server [http://NAOrobUSB001:11311/]
[rosmaster.master][INFO] 2018-11-21 11:24:34,412: Master initialized: port[11311], uri[http://NAOrobUSB001:11311/]
[xmlrpc][INFO] 2018-11-21 11:24:34,412: xml rpc node: starting XML-RPC server
[rosmaster.master][INFO] 2018-11-21 11:24:34,479: +PARAM [/run_id] by /roslaunch
[rosmaster.master][INFO] 2018-11-21 11:24:34,480: +PARAM [/roslaunch/uris/host_naorobusb001__44603] by /roslaunch
[rosmaster.master][INFO] 2018-11-21 11:24:34,520: +PARAM [/rosversion] by /roslaunch
[rosmaster.master][INFO] 2018-11-21 11:24:34,520: +PARAM [/rosdistro] by /roslaunch
[rosmaster.master][INFO] 2018-11-21 11:24:34,600: +SERVICE [/rosout/get_loggers] /rosout http://NAOrobUSB001:42197/
[rosmaster.master][INFO] 2018-11-21 11:24:34,601: +SERVICE [/rosout/set_logger_level] /rosout http://NAOrobUSB001:42197/
[rosmaster.master][INFO] 2018-11-21 11:24:34,602: +PUB [/rosout_agg] /rosout http://NAOrobUSB001:42197/
[rosmaster.master][INFO] 2018-11-21 11:24:34,604: +SUB [/rosout] /rosout http://NAOrobUSB001:42197/
[rosmaster.master][INFO] 2018-11-21 11:25:19,575: +PUB [/rosout] /talker http://NAOrobUSB001:44611/
[rosmaster.master][INFO] 2018-11-21 11:25:19,577: +SERVICE [/talker/get_loggers] /talker http://NAOrobUSB001:44611/
[rosmaster.master][INFO] 2018-11-21 11:25:19,577: +SERVICE [/talker/set_logger_level] /talker http://NAOrobUSB001:44611/
[rosmaster.master][INFO] 2018-11-21 11:25:19,578: +PUB [/chatter] /talker http://NAOrobUSB001:44611/
[rosmaster.master][INFO] 2018-11-21 11:25:19,666: publisherUpdate[/rosout] -> http://NAOrobUSB001:42197/ ['http://NAOrobUSB001:44611/']
[rosmaster.master][INFO] 2018-11-21 11:25:19,667: publisherUpdate[/rosout] -> http://NAOrobUSB001:42197/ ['http://NAOrobUSB001:44611/']: sec=0.00, result=[1, '', 0]
[rosmaster.master][INFO] 2018-11-21 11:26:05,503: +PUB [/rosout] /listener http://NAOrobUSB001:35873/
[rosmaster.master][INFO] 2018-11-21 11:26:05,503: +SERVICE [/listener/get_loggers] /listener http://NAOrobUSB001:35873/
[rosmaster.master][INFO] 2018-11-21 11:26:05,504: +SERVICE [/listener/set_logger_level] /listener http://NAOrobUSB001:35873/
[rosmaster.master][INFO] 2018-11-21 11:26:05,506: +SUB [/chatter] /listener http://NAOrobUSB001:35873/
[rosmaster.master][INFO] 2018-11-21 11:26:05,521: publisherUpdate[/rosout] -> http://NAOrobUSB001:42197/ ['http://NAOrobUSB001:44611/', 'http://NAOrobUSB001:35873/']
[rosmaster.master][INFO] 2018-11-21 11:26:05,522: publisherUpdate[/rosout] -> http://NAOrobUSB001:42197/ ['http://NAOrobUSB001:44611/', 'http://NAOrobUSB001:35873/']: sec=0.00, result=[1, '', 0]
[rosmaster.master][INFO] 2018-11-21 11:26:18,438: -PUB [/rosout] /listener http://NAOrobUSB001:35873/
[rosmaster.master][INFO] 2018-11-21 11:26:18,439: -SUB [/chatter] /listener http://NAOrobUSB001:35873/
[rosmaster.master][INFO] 2018-11-21 11:26:18,439: -SERVICE [/listener/get_loggers] /listener rosrpc://NAOrobUSB001:57385
[rosmaster.master][INFO] 2018-11-21 11:26:18,440: -SERVICE [/listener/set_logger_level] /listener rosrpc://NAOrobUSB001:57385
[rosmaster.master][INFO] 2018-11-21 11:26:18,537: publisherUpdate[/rosout] -> http://NAOrobUSB001:42197/ ['http://NAOrobUSB001:44611/']
[rosmaster.master][INFO] 2018-11-21 11:26:18,538: publisherUpdate[/rosout] -> http://NAOrobUSB001:42197/ ['http://NAOrobUSB001:44611/']: sec=0.00, result=[1, '', 0]
[rosmaster.master][INFO] 2018-11-21 11:26:24,444: -PUB [/rosout] /talker http://NAOrobUSB001:44611/
[rosmaster.master][INFO] 2018-11-21 11:26:24,444: publisherUpdate[/rosout] -> http://NAOrobUSB001:42197/ []
[rosmaster.master][INFO] 2018-11-21 11:26:24,445: publisherUpdate[/rosout] -> http://NAOrobUSB001:42197/ []: sec=0.00, result=[1, '', 0]
[rosmaster.master][INFO] 2018-11-21 11:26:24,445: -PUB [/chatter] /talker http://NAOrobUSB001:44611/
[rosmaster.master][INFO] 2018-11-21 11:26:24,446: -SERVICE [/talker/get_loggers] /talker rosrpc://NAOrobUSB001:55103
[rosmaster.master][INFO] 2018-11-21 11:26:24,446: -SERVICE [/talker/set_logger_level] /talker rosrpc://NAOrobUSB001:55103
[rosmaster.master][INFO] 2018-11-21 11:27:33,285: +PUB [/rosout] /talker http://NAOrobUSB001:33725/
[rosmaster.master][INFO] 2018-11-21 11:27:33,286: +SERVICE [/talker/get_loggers] /talker http://NAOrobUSB001:33725/
[rosmaster.master][INFO] 2018-11-21 11:27:33,286: +SERVICE [/talker/set_logger_level] /talker http://NAOrobUSB001:33725/
[rosmaster.master][INFO] 2018-11-21 11:27:33,287: +PUB [/chatter] /talker http://NAOrobUSB001:33725/
[rosmaster.master][INFO] 2018-11-21 11:27:33,325: publisherUpdate[/rosout] -> http://NAOrobUSB001:42197/ ['http://NAOrobUSB001:33725/']
[rosmaster.master][INFO] 2018-11-21 11:27:33,326: publisherUpdate[/rosout] -> http://NAOrobUSB001:42197/ ['http://NAOrobUSB001:33725/']: sec=0.00, result=[1, '', 0]
[rosmaster.master][INFO] 2018-11-21 11:27:38,083: +PUB [/rosout] /listener http://NAOrobUSB001:33621/
[rosmaster.master][INFO] 2018-11-21 11:27:38,084: +SERVICE [/listener/get_loggers] /listener http://NAOrobUSB001:33621/
[rosmaster.master][INFO] 2018-11-21 11:27:38,084: +SERVICE [/listener/set_logger_level] /listener http://NAOrobUSB001:33621/
[rosmaster.master][INFO] 2018-11-21 11:27:38,087: +SUB [/chatter] /listener http://NAOrobUSB001:33621/
[rosmaster.master][INFO] 2018-11-21 11:27:38,131: publisherUpdate[/rosout] -> http://NAOrobUSB001:42197/ ['http://NAOrobUSB001:33725/', 'http://NAOrobUSB001:33621/']
[rosmaster.master][INFO] 2018-11-21 11:27:38,132: publisherUpdate[/rosout] -> http://NAOrobUSB001:42197/ ['http://NAOrobUSB001:33725/', 'http://NAOrobUSB001:33621/']: sec=0.00, result=[1, '', 0]
[rosmaster.master][INFO] 2018-11-21 11:32:40,880: +SERVICE [/rostopic_5968_1542796360761/get_loggers] /rostopic_5968_1542796360761 http://NAOrobUSB001:39441/
[rosmaster.master][INFO] 2018-11-21 11:32:40,881: +SERVICE [/rostopic_5968_1542796360761/set_logger_level] /rostopic_5968_1542796360761 http://NAOrobUSB001:39441/
[rosmaster.master][INFO] 2018-11-21 11:32:40,882: +PUB [/chatter] /rostopic_5968_1542796360761 http://NAOrobUSB001:39441/
[rosmaster.master][INFO] 2018-11-21 11:32:40,885: publisherUpdate[/chatter] -> http://NAOrobUSB001:33621/ ['http://NAOrobUSB001:33725/', 'http://NAOrobUSB001:39441/']
[rosmaster.master][INFO] 2018-11-21 11:32:40,886: publisherUpdate[/chatter] -> http://NAOrobUSB001:33621/ ['http://NAOrobUSB001:33725/', 'http://NAOrobUSB001:39441/']: sec=0.00, result=[1, '', 0]
[rosmaster.master][INFO] 2018-11-21 11:32:51,863: -PUB [/chatter] /rostopic_5968_1542796360761 http://NAOrobUSB001:39441/
[rosmaster.master][INFO] 2018-11-21 11:32:51,864: -SERVICE [/rostopic_5968_1542796360761/set_logger_level] /rostopic_5968_1542796360761 rosrpc://NAOrobUSB001:43803
[rosmaster.master][INFO] 2018-11-21 11:32:51,864: -SERVICE [/rostopic_5968_1542796360761/get_loggers] /rostopic_5968_1542796360761 rosrpc://NAOrobUSB001:43803
[rosmaster.master][INFO] 2018-11-21 11:32:51,897: publisherUpdate[/chatter] -> http://NAOrobUSB001:33621/ ['http://NAOrobUSB001:33725/']
[rosmaster.master][INFO] 2018-11-21 11:32:51,898: publisherUpdate[/chatter] -> http://NAOrobUSB001:33621/ ['http://NAOrobUSB001:33725/']: sec=0.00, result=[1, '', 0]
[rosmaster.master][INFO] 2018-11-21 11:34:31,655: +PUB [/rosout] /rostopic_6015_1542796471362 http://NAOrobUSB001:46351/
[rosmaster.master][INFO] 2018-11-21 11:34:31,656: +SERVICE [/rostopic_6015_1542796471362/get_loggers] /rostopic_6015_1542796471362 http://NAOrobUSB001:46351/
[rosmaster.master][INFO] 2018-11-21 11:34:31,657: +SERVICE [/rostopic_6015_1542796471362/set_logger_level] /rostopic_6015_1542796471362 http://NAOrobUSB001:46351/
[rosmaster.master][INFO] 2018-11-21 11:34:31,660: +SUB [/chatter] /rostopic_6015_1542796471362 http://NAOrobUSB001:46351/
[rosmaster.master][INFO] 2018-11-21 11:34:31,714: publisherUpdate[/rosout] -> http://NAOrobUSB001:42197/ ['http://NAOrobUSB001:33725/', 'http://NAOrobUSB001:33621/', 'http://NAOrobUSB001:46351/']
[rosmaster.master][INFO] 2018-11-21 11:34:31,715: publisherUpdate[/rosout] -> http://NAOrobUSB001:42197/ ['http://NAOrobUSB001:33725/', 'http://NAOrobUSB001:33621/', 'http://NAOrobUSB001:46351/']: sec=0.00, result=[1, '', 0]
[rosmaster.master][INFO] 2018-11-21 11:35:13,443: +PUB [/rosout] /rqt_gui_py_node_6094 http://NAOrobUSB001:39811/
[rosmaster.master][INFO] 2018-11-21 11:35:13,446: +SERVICE [/rqt_gui_py_node_6094/get_loggers] /rqt_gui_py_node_6094 http://NAOrobUSB001:39811/
[rosmaster.master][INFO] 2018-11-21 11:35:13,446: +SERVICE [/rqt_gui_py_node_6094/set_logger_level] /rqt_gui_py_node_6094 http://NAOrobUSB001:39811/
[rosmaster.master][INFO] 2018-11-21 11:35:13,465: publisherUpdate[/rosout] -> http://NAOrobUSB001:42197/ ['http://NAOrobUSB001:33725/', 'http://NAOrobUSB001:33621/', 'http://NAOrobUSB001:46351/', 'http://NAOrobUSB001:39811/']
[rosmaster.master][INFO] 2018-11-21 11:35:13,466: publisherUpdate[/rosout] -> http://NAOrobUSB001:42197/ ['http://NAOrobUSB001:33725/', 'http://NAOrobUSB001:33621/', 'http://NAOrobUSB001:46351/', 'http://NAOrobUSB001:39811/']: sec=0.00, result=[1, '', 0]
[rosmaster.master][INFO] 2018-11-21 11:35:13,479: +SUB [/statistics] /rqt_gui_py_node_6094 http://NAOrobUSB001:39811/
[rosmaster.master][INFO] 2018-11-21 11:39:23,462: -SUB [/statistics] /rqt_gui_py_node_6094 http://NAOrobUSB001:39811/
[rosmaster.master][INFO] 2018-11-21 11:39:23,462: -PUB [/rosout] /rqt_gui_py_node_6094 http://NAOrobUSB001:39811/
[rosmaster.master][INFO] 2018-11-21 11:39:23,462: -SERVICE [/rqt_gui_py_node_6094/set_logger_level] /rqt_gui_py_node_6094 rosrpc://NAOrobUSB001:41207
[rosmaster.master][INFO] 2018-11-21 11:39:23,462: -SERVICE [/rqt_gui_py_node_6094/get_loggers] /rqt_gui_py_node_6094 rosrpc://NAOrobUSB001:41207
[rosmaster.master][INFO] 2018-11-21 11:39:23,555: publisherUpdate[/rosout] -> http://NAOrobUSB001:42197/ ['http://NAOrobUSB001:33725/', 'http://NAOrobUSB001:33621/', 'http://NAOrobUSB001:46351/']
[rosmaster.master][INFO] 2018-11-21 11:39:23,556: publisherUpdate[/rosout] -> http://NAOrobUSB001:42197/ ['http://NAOrobUSB001:33725/', 'http://NAOrobUSB001:33621/', 'http://NAOrobUSB001:46351/']: sec=0.00, result=[1, '', 0]
[rosmaster.master][INFO] 2018-11-21 11:39:27,751: -SUB [/chatter] /rostopic_6015_1542796471362 http://NAOrobUSB001:46351/
[rosmaster.master][INFO] 2018-11-21 11:39:27,751: -PUB [/rosout] /rostopic_6015_1542796471362 http://NAOrobUSB001:46351/
[rosmaster.master][INFO] 2018-11-21 11:39:27,751: -SERVICE [/rostopic_6015_1542796471362/set_logger_level] /rostopic_6015_1542796471362 rosrpc://NAOrobUSB001:36777
[rosmaster.master][INFO] 2018-11-21 11:39:27,751: -SERVICE [/rostopic_6015_1542796471362/get_loggers] /rostopic_6015_1542796471362 rosrpc://NAOrobUSB001:36777
[rosmaster.master][INFO] 2018-11-21 11:39:27,760: publisherUpdate[/rosout] -> http://NAOrobUSB001:42197/ ['http://NAOrobUSB001:33725/', 'http://NAOrobUSB001:33621/']
[rosmaster.master][INFO] 2018-11-21 11:39:27,761: publisherUpdate[/rosout] -> http://NAOrobUSB001:42197/ ['http://NAOrobUSB001:33725/', 'http://NAOrobUSB001:33621/']: sec=0.00, result=[1, '', 0]
[rosmaster.master][INFO] 2018-11-21 11:39:33,775: -PUB [/rosout] /listener http://NAOrobUSB001:33621/
[rosmaster.master][INFO] 2018-11-21 11:39:33,776: -SUB [/chatter] /listener http://NAOrobUSB001:33621/
[rosmaster.master][INFO] 2018-11-21 11:39:33,776: -SERVICE [/listener/get_loggers] /listener rosrpc://NAOrobUSB001:38375
[rosmaster.master][INFO] 2018-11-21 11:39:33,777: -SERVICE [/listener/set_logger_level] /listener rosrpc://NAOrobUSB001:38375
[rosmaster.master][INFO] 2018-11-21 11:39:33,868: publisherUpdate[/rosout] -> http://NAOrobUSB001:42197/ ['http://NAOrobUSB001:33725/']
[rosmaster.master][INFO] 2018-11-21 11:39:33,869: publisherUpdate[/rosout] -> http://NAOrobUSB001:42197/ ['http://NAOrobUSB001:33725/']: sec=0.00, result=[1, '', 0]
[rosmaster.master][INFO] 2018-11-21 11:39:37,167: -PUB [/rosout] /talker http://NAOrobUSB001:33725/
[rosmaster.master][INFO] 2018-11-21 11:39:37,168: -PUB [/chatter] /talker http://NAOrobUSB001:33725/
[rosmaster.master][INFO] 2018-11-21 11:39:37,169: -SERVICE [/talker/get_loggers] /talker rosrpc://NAOrobUSB001:45907
[rosmaster.master][INFO] 2018-11-21 11:39:37,169: -SERVICE [/talker/set_logger_level] /talker rosrpc://NAOrobUSB001:45907
[rosmaster.master][INFO] 2018-11-21 11:39:37,172: publisherUpdate[/rosout] -> http://NAOrobUSB001:42197/ []
[rosmaster.master][INFO] 2018-11-21 11:39:37,173: publisherUpdate[/rosout] -> http://NAOrobUSB001:42197/ []: sec=0.00, result=[1, '', 0]
[rosmaster.master][INFO] 2018-11-21 11:39:58,697: -PUB [/rosout_agg] /rosout http://NAOrobUSB001:42197/
[rosmaster.master][INFO] 2018-11-21 11:39:58,698: -SUB [/rosout] /rosout http://NAOrobUSB001:42197/
[rosmaster.master][INFO] 2018-11-21 11:39:58,698: -SERVICE [/rosout/get_loggers] /rosout rosrpc://NAOrobUSB001:36065
[rosmaster.master][INFO] 2018-11-21 11:39:58,699: -SERVICE [/rosout/set_logger_level] /rosout rosrpc://NAOrobUSB001:36065
[rosmaster.main][INFO] 2018-11-21 11:39:58,789: keyboard interrupt, will exit
[rosmaster.main][INFO] 2018-11-21 11:39:58,789: stopping master...
[rospy.core][INFO] 2018-11-21 11:39:58,789: signal_shutdown [atexit]
