Determining if the pthread_create exist failed with the following output:
Change Dir: /home/faps/catkin_ws/build/CMakeFiles/CMakeTmp

Run Build Command:"/usr/bin/make" "cmTC_02348/fast"
/usr/bin/make -f CMakeFiles/cmTC_02348.dir/build.make CMakeFiles/cmTC_02348.dir/build
make[1]: Entering directory '/home/faps/catkin_ws/build/CMakeFiles/CMakeTmp'
Building C object CMakeFiles/cmTC_02348.dir/CheckSymbolExists.c.o
/usr/bin/cc     -o CMakeFiles/cmTC_02348.dir/CheckSymbolExists.c.o   -c /home/faps/catkin_ws/build/CMakeFiles/CMakeTmp/CheckSymbolExists.c
Linking C executable cmTC_02348
/usr/bin/cmake -E cmake_link_script CMakeFiles/cmTC_02348.dir/link.txt --verbose=1
/usr/bin/cc       CMakeFiles/cmTC_02348.dir/CheckSymbolExists.c.o  -o cmTC_02348 -rdynamic 
CMakeFiles/cmTC_02348.dir/CheckSymbolExists.c.o: In function `main':
CheckSymbolExists.c:(.text+0x16): undefined reference to `pthread_create'
collect2: error: ld returned 1 exit status
CMakeFiles/cmTC_02348.dir/build.make:97: recipe for target 'cmTC_02348' failed
make[1]: *** [cmTC_02348] Error 1
make[1]: Leaving directory '/home/faps/catkin_ws/build/CMakeFiles/CMakeTmp'
Makefile:126: recipe for target 'cmTC_02348/fast' failed
make: *** [cmTC_02348/fast] Error 2

File /home/faps/catkin_ws/build/CMakeFiles/CMakeTmp/CheckSymbolExists.c:
/* */
#include <pthread.h>

int main(int argc, char** argv)
{
  (void)argv;
#ifndef pthread_create
  return ((int*)(&pthread_create))[argc];
#else
  (void)argc;
  return 0;
#endif
}

Determining if the function pthread_create exists in the pthreads failed with the following output:
Change Dir: /home/faps/catkin_ws/build/CMakeFiles/CMakeTmp

Run Build Command:"/usr/bin/make" "cmTC_a9ca1/fast"
/usr/bin/make -f CMakeFiles/cmTC_a9ca1.dir/build.make CMakeFiles/cmTC_a9ca1.dir/build
make[1]: Entering directory '/home/faps/catkin_ws/build/CMakeFiles/CMakeTmp'
Building C object CMakeFiles/cmTC_a9ca1.dir/CheckFunctionExists.c.o
/usr/bin/cc    -DCHECK_FUNCTION_EXISTS=pthread_create   -o CMakeFiles/cmTC_a9ca1.dir/CheckFunctionExists.c.o   -c /usr/share/cmake-3.5/Modules/CheckFunctionExists.c
Linking C executable cmTC_a9ca1
/usr/bin/cmake -E cmake_link_script CMakeFiles/cmTC_a9ca1.dir/link.txt --verbose=1
/usr/bin/cc   -DCHECK_FUNCTION_EXISTS=pthread_create    CMakeFiles/cmTC_a9ca1.dir/CheckFunctionExists.c.o  -o cmTC_a9ca1 -rdynamic -lpthreads 
/usr/bin/ld: cannot find -lpthreads
collect2: error: ld returned 1 exit status
CMakeFiles/cmTC_a9ca1.dir/build.make:97: recipe for target 'cmTC_a9ca1' failed
make[1]: *** [cmTC_a9ca1] Error 1
make[1]: Leaving directory '/home/faps/catkin_ws/build/CMakeFiles/CMakeTmp'
Makefile:126: recipe for target 'cmTC_a9ca1/fast' failed
make: *** [cmTC_a9ca1/fast] Error 2


Determining if the CL_VERSION_2_0 exist failed with the following output:
Change Dir: /home/faps/catkin_ws/build/CMakeFiles/CMakeTmp

Run Build Command:"/usr/bin/make" "cmTC_dba86/fast"
/usr/bin/make -f CMakeFiles/cmTC_dba86.dir/build.make CMakeFiles/cmTC_dba86.dir/build
make[1]: Entering directory '/home/faps/catkin_ws/build/CMakeFiles/CMakeTmp'
Building C object CMakeFiles/cmTC_dba86.dir/CheckSymbolExists.c.o
/usr/bin/cc     -o CMakeFiles/cmTC_dba86.dir/CheckSymbolExists.c.o   -c /home/faps/catkin_ws/build/CMakeFiles/CMakeTmp/CheckSymbolExists.c
/home/faps/catkin_ws/build/CMakeFiles/CMakeTmp/CheckSymbolExists.c:2:47: fatal error: OpenCL_INCLUDE_DIR-NOTFOUND/CL/cl.h: No such file or directory
compilation terminated.
CMakeFiles/cmTC_dba86.dir/build.make:65: recipe for target 'CMakeFiles/cmTC_dba86.dir/CheckSymbolExists.c.o' failed
make[1]: *** [CMakeFiles/cmTC_dba86.dir/CheckSymbolExists.c.o] Error 1
make[1]: Leaving directory '/home/faps/catkin_ws/build/CMakeFiles/CMakeTmp'
Makefile:126: recipe for target 'cmTC_dba86/fast' failed
make: *** [cmTC_dba86/fast] Error 2

File /home/faps/catkin_ws/build/CMakeFiles/CMakeTmp/CheckSymbolExists.c:
/* */
#include <OpenCL_INCLUDE_DIR-NOTFOUND/CL/cl.h>

int main(int argc, char** argv)
{
  (void)argv;
#ifndef CL_VERSION_2_0
  return ((int*)(&CL_VERSION_2_0))[argc];
#else
  (void)argc;
  return 0;
#endif
}

Determining if the CL_VERSION_1_2 exist failed with the following output:
Change Dir: /home/faps/catkin_ws/build/CMakeFiles/CMakeTmp

Run Build Command:"/usr/bin/make" "cmTC_656ca/fast"
/usr/bin/make -f CMakeFiles/cmTC_656ca.dir/build.make CMakeFiles/cmTC_656ca.dir/build
make[1]: Entering directory '/home/faps/catkin_ws/build/CMakeFiles/CMakeTmp'
Building C object CMakeFiles/cmTC_656ca.dir/CheckSymbolExists.c.o
/usr/bin/cc     -o CMakeFiles/cmTC_656ca.dir/CheckSymbolExists.c.o   -c /home/faps/catkin_ws/build/CMakeFiles/CMakeTmp/CheckSymbolExists.c
/home/faps/catkin_ws/build/CMakeFiles/CMakeTmp/CheckSymbolExists.c:2:47: fatal error: OpenCL_INCLUDE_DIR-NOTFOUND/CL/cl.h: No such file or directory
compilation terminated.
CMakeFiles/cmTC_656ca.dir/build.make:65: recipe for target 'CMakeFiles/cmTC_656ca.dir/CheckSymbolExists.c.o' failed
make[1]: *** [CMakeFiles/cmTC_656ca.dir/CheckSymbolExists.c.o] Error 1
make[1]: Leaving directory '/home/faps/catkin_ws/build/CMakeFiles/CMakeTmp'
Makefile:126: recipe for target 'cmTC_656ca/fast' failed
make: *** [cmTC_656ca/fast] Error 2

File /home/faps/catkin_ws/build/CMakeFiles/CMakeTmp/CheckSymbolExists.c:
/* */
#include <OpenCL_INCLUDE_DIR-NOTFOUND/CL/cl.h>

int main(int argc, char** argv)
{
  (void)argv;
#ifndef CL_VERSION_1_2
  return ((int*)(&CL_VERSION_1_2))[argc];
#else
  (void)argc;
  return 0;
#endif
}

Determining if the CL_VERSION_1_1 exist failed with the following output:
Change Dir: /home/faps/catkin_ws/build/CMakeFiles/CMakeTmp

Run Build Command:"/usr/bin/make" "cmTC_fe720/fast"
/usr/bin/make -f CMakeFiles/cmTC_fe720.dir/build.make CMakeFiles/cmTC_fe720.dir/build
make[1]: Entering directory '/home/faps/catkin_ws/build/CMakeFiles/CMakeTmp'
Building C object CMakeFiles/cmTC_fe720.dir/CheckSymbolExists.c.o
/usr/bin/cc     -o CMakeFiles/cmTC_fe720.dir/CheckSymbolExists.c.o   -c /home/faps/catkin_ws/build/CMakeFiles/CMakeTmp/CheckSymbolExists.c
/home/faps/catkin_ws/build/CMakeFiles/CMakeTmp/CheckSymbolExists.c:2:47: fatal error: OpenCL_INCLUDE_DIR-NOTFOUND/CL/cl.h: No such file or directory
compilation terminated.
CMakeFiles/cmTC_fe720.dir/build.make:65: recipe for target 'CMakeFiles/cmTC_fe720.dir/CheckSymbolExists.c.o' failed
make[1]: *** [CMakeFiles/cmTC_fe720.dir/CheckSymbolExists.c.o] Error 1
make[1]: Leaving directory '/home/faps/catkin_ws/build/CMakeFiles/CMakeTmp'
Makefile:126: recipe for target 'cmTC_fe720/fast' failed
make: *** [cmTC_fe720/fast] Error 2

File /home/faps/catkin_ws/build/CMakeFiles/CMakeTmp/CheckSymbolExists.c:
/* */
#include <OpenCL_INCLUDE_DIR-NOTFOUND/CL/cl.h>

int main(int argc, char** argv)
{
  (void)argv;
#ifndef CL_VERSION_1_1
  return ((int*)(&CL_VERSION_1_1))[argc];
#else
  (void)argc;
  return 0;
#endif
}

Determining if the CL_VERSION_1_0 exist failed with the following output:
Change Dir: /home/faps/catkin_ws/build/CMakeFiles/CMakeTmp

Run Build Command:"/usr/bin/make" "cmTC_48ca1/fast"
/usr/bin/make -f CMakeFiles/cmTC_48ca1.dir/build.make CMakeFiles/cmTC_48ca1.dir/build
make[1]: Entering directory '/home/faps/catkin_ws/build/CMakeFiles/CMakeTmp'
Building C object CMakeFiles/cmTC_48ca1.dir/CheckSymbolExists.c.o
/usr/bin/cc     -o CMakeFiles/cmTC_48ca1.dir/CheckSymbolExists.c.o   -c /home/faps/catkin_ws/build/CMakeFiles/CMakeTmp/CheckSymbolExists.c
/home/faps/catkin_ws/build/CMakeFiles/CMakeTmp/CheckSymbolExists.c:2:47: fatal error: OpenCL_INCLUDE_DIR-NOTFOUND/CL/cl.h: No such file or directory
compilation terminated.
CMakeFiles/cmTC_48ca1.dir/build.make:65: recipe for target 'CMakeFiles/cmTC_48ca1.dir/CheckSymbolExists.c.o' failed
make[1]: *** [CMakeFiles/cmTC_48ca1.dir/CheckSymbolExists.c.o] Error 1
make[1]: Leaving directory '/home/faps/catkin_ws/build/CMakeFiles/CMakeTmp'
Makefile:126: recipe for target 'cmTC_48ca1/fast' failed
make: *** [cmTC_48ca1/fast] Error 2

File /home/faps/catkin_ws/build/CMakeFiles/CMakeTmp/CheckSymbolExists.c:
/* */
#include <OpenCL_INCLUDE_DIR-NOTFOUND/CL/cl.h>

int main(int argc, char** argv)
{
  (void)argv;
#ifndef CL_VERSION_1_0
  return ((int*)(&CL_VERSION_1_0))[argc];
#else
  (void)argc;
  return 0;
#endif
}

