[rospy.client][INFO] 2019-01-17 13:39:32,223: init_node, name[/pepper_robot/pose/pose_manager], pid[17379]
[xmlrpc][INFO] 2019-01-17 13:39:32,223: XML-RPC server binding to 0.0.0.0:0
[xmlrpc][INFO] 2019-01-17 13:39:32,223: Started XML-RPC server [http://NAOrobUSB001:33911/]
[rospy.init][INFO] 2019-01-17 13:39:32,223: ROS Slave URI: [http://NAOrobUSB001:33911/]
[rospy.impl.masterslave][INFO] 2019-01-17 13:39:32,223: _ready: http://NAOrobUSB001:33911/
[rospy.registration][INFO] 2019-01-17 13:39:32,224: Registering with master node http://localhost:11311
[xmlrpc][INFO] 2019-01-17 13:39:32,224: xml rpc node: starting XML-RPC server
[rospy.init][INFO] 2019-01-17 13:39:32,324: registered with master
[rospy.rosout][INFO] 2019-01-17 13:39:32,324: initializing /rosout core topic
[rospy.rosout][INFO] 2019-01-17 13:39:32,326: connected to core topic /rosout
[rospy.simtime][INFO] 2019-01-17 13:39:32,327: /use_sim_time is not set, will not subscribe to simulated time [/clock] topic
[rosout][INFO] 2019-01-17 13:39:32,345: Loaded 7 poses: ['crouch', 'zero', 'StandZero', 'init', 'Stand', 'StandInit', 'hello']
[rospy.internal][INFO] 2019-01-17 13:39:32,597: topic[/rosout] adding connection to [/rosout], count 0
[rospy.internal][INFO] 2019-01-17 13:39:33,608: topic[/pepper_robot/pose/joint_trajectory/feedback] adding connection to [http://NAOrobUSB001:39591/], count 0
[rospy.internal][INFO] 2019-01-17 13:39:33,609: topic[/pepper_robot/pose/joint_trajectory/result] adding connection to [http://NAOrobUSB001:39591/], count 0
[rospy.internal][INFO] 2019-01-17 13:39:33,610: topic[/pepper_robot/pose/joint_trajectory/status] adding connection to [http://NAOrobUSB001:39591/], count 0
[rospy.internal][INFO] 2019-01-17 13:39:33,620: topic[/pepper_robot/pose/joint_trajectory/cancel] adding connection to [/pepper_robot/pose/pose_controller], count 0
[rospy.internal][INFO] 2019-01-17 13:39:33,623: topic[/pepper_robot/pose/joint_trajectory/goal] adding connection to [/pepper_robot/pose/pose_controller], count 0
[rosout][WARNING] 2019-01-17 13:39:35,739: stop_walk_srv not available, pose_manager will not stop the walker before executing a trajectory. This is normal if there is no nao_walker running.
[rosout][INFO] 2019-01-17 13:39:35,753: pose_manager running, offering poses: ['crouch', 'zero', 'StandZero', 'init', 'Stand', 'StandInit', 'hello']
[rospy.core][INFO] 2019-01-17 13:39:43,355: signal_shutdown [signal-2]
[rospy.internal][INFO] 2019-01-17 13:39:43,372: topic[/pepper_robot/pose/joint_trajectory/cancel] removing connection to /pepper_robot/pose/pose_controller
[rospy.internal][INFO] 2019-01-17 13:39:43,372: topic[/rosout] removing connection to /rosout
[rospy.internal][INFO] 2019-01-17 13:39:43,373: topic[/pepper_robot/pose/joint_trajectory/goal] removing connection to /pepper_robot/pose/pose_controller
[rospy.internal][INFO] 2019-01-17 13:39:43,373: topic[/pepper_robot/pose/joint_trajectory/result] removing connection to http://NAOrobUSB001:39591/
[rospy.internal][INFO] 2019-01-17 13:39:43,373: topic[/pepper_robot/pose/joint_trajectory/status] removing connection to http://NAOrobUSB001:39591/
[rospy.internal][INFO] 2019-01-17 13:39:43,374: topic[/pepper_robot/pose/joint_trajectory/feedback] removing connection to http://NAOrobUSB001:39591/
[rospy.impl.masterslave][INFO] 2019-01-17 13:39:43,374: signal-2
[rospy.core][INFO] 2019-01-17 13:39:43,553: signal_shutdown [atexit]
