[rospy.client][INFO] 2018-12-19 14:14:53,977: init_node, name[/nao_footsteps], pid[32736]
[xmlrpc][INFO] 2018-12-19 14:14:53,977: XML-RPC server binding to 0.0.0.0:0
[xmlrpc][INFO] 2018-12-19 14:14:53,977: Started XML-RPC server [http://NAOrobUSB001:36557/]
[rospy.init][INFO] 2018-12-19 14:14:53,977: ROS Slave URI: [http://NAOrobUSB001:36557/]
[rospy.impl.masterslave][INFO] 2018-12-19 14:14:53,977: _ready: http://NAOrobUSB001:36557/
[rospy.registration][INFO] 2018-12-19 14:14:53,978: Registering with master node http://localhost:11311
[xmlrpc][INFO] 2018-12-19 14:14:53,978: xml rpc node: starting XML-RPC server
[rospy.init][INFO] 2018-12-19 14:14:54,078: registered with master
[rospy.rosout][INFO] 2018-12-19 14:14:54,078: initializing /rosout core topic
[rospy.rosout][INFO] 2018-12-19 14:14:54,080: connected to core topic /rosout
[rospy.simtime][INFO] 2018-12-19 14:14:54,081: /use_sim_time is not set, will not subscribe to simulated time [/clock] topic
[rosout][INFO] 2018-12-19 14:14:54,089: Connecting to NaoQi at 127.0.0.1:9559
[rosout][INFO] 2018-12-19 14:14:54,121: nao_footsteps initialized
[rosout][INFO] 2018-12-19 14:14:54,121: nao_footsteps running...
[rospy.internal][INFO] 2018-12-19 14:14:54,156: topic[/footsteps_execution/cancel] adding connection to [http://NAOrobUSB001:33141/], count 0
[rospy.internal][INFO] 2018-12-19 14:14:54,157: topic[/footsteps_execution/goal] adding connection to [http://NAOrobUSB001:33141/], count 0
[rospy.internal][INFO] 2018-12-19 14:14:54,257: topic[/footsteps_execution/status] adding connection to [/footstep_navigation], count 0
[rospy.internal][INFO] 2018-12-19 14:14:54,258: topic[/footsteps_execution/result] adding connection to [/footstep_navigation], count 0
[rospy.internal][INFO] 2018-12-19 14:14:54,258: topic[/footsteps_execution/feedback] adding connection to [/footstep_navigation], count 0
[rospy.internal][INFO] 2018-12-19 14:14:54,332: topic[/rosout] adding connection to [/rosout], count 0
[rosout][INFO] 2018-12-19 14:19:24,493: Step leg: 1; target: 0.057784 0.108130 0.265383
[rosout][INFO] 2018-12-19 14:19:35,441: Step leg: 0; target: 0.053951 -0.099837 -0.262363
[rosout][INFO] 2018-12-19 14:19:37,435: Step leg: 1; target: 0.020000 0.100000 0.294524
[rosout][INFO] 2018-12-19 14:19:39,411: Step leg: 0; target: 0.053332 -0.099778 -0.000000
[rosout][INFO] 2018-12-19 14:19:41,421: Step leg: 1; target: 0.051070 0.099458 0.000000
[rosout][INFO] 2018-12-19 14:19:43,416: Step leg: 0; target: 0.021721 -0.100639 -0.294524
[rosout][INFO] 2018-12-19 14:19:45,380: Step leg: 1; target: 0.020000 0.100000 0.294524
[rosout][INFO] 2018-12-19 14:19:47,381: Step leg: 0; target: 0.021721 -0.100639 -0.294524
[rosout][INFO] 2018-12-19 14:19:49,376: Step leg: 1; target: 0.050000 0.100000 0.000000
[rosout][INFO] 2018-12-19 14:19:51,346: Step leg: 0; target: 0.050000 -0.100000 0.000000
[rosout][INFO] 2018-12-19 14:19:53,300: Step leg: 1; target: 0.050000 0.100000 0.000000
[rosout][INFO] 2018-12-19 14:19:55,300: Step leg: 0; target: 0.050000 -0.100000 0.000000
[rosout][INFO] 2018-12-19 14:19:57,265: Step leg: 1; target: 0.050000 0.100000 0.000000
[rosout][INFO] 2018-12-19 14:19:59,230: Step leg: 0; target: 0.050000 -0.100000 0.000000
[rosout][INFO] 2018-12-19 14:20:01,180: Step leg: 1; target: 0.050000 0.100000 0.000000
[rosout][INFO] 2018-12-19 14:20:03,151: Step leg: 0; target: 0.050000 -0.100000 0.000000
[rosout][INFO] 2018-12-19 14:20:05,115: Step leg: 1; target: 0.050000 0.100000 0.000000
[rosout][INFO] 2018-12-19 14:20:07,075: Step leg: 0; target: 0.050000 -0.100000 0.000000
[rosout][INFO] 2018-12-19 14:20:09,136: Step leg: 1; target: 0.020000 0.100000 0.294524
[rosout][INFO] 2018-12-19 14:20:11,105: Step leg: 0; target: 0.053333 -0.099778 0.000000
[rosout][INFO] 2018-12-19 14:20:13,060: Step leg: 1; target: 0.051070 0.099458 0.000000
[rosout][INFO] 2018-12-19 14:20:15,020: Step leg: 0; target: 0.053332 -0.099778 0.000000
[rosout][INFO] 2018-12-19 14:20:16,985: Step leg: 1; target: 0.051070 0.099458 -0.000000
[rosout][INFO] 2018-12-19 14:20:18,940: Step leg: 0; target: 0.053333 -0.099778 -0.000000
[rosout][INFO] 2018-12-19 14:20:20,900: Step leg: 1; target: 0.051070 0.099458 0.000000
[rosout][INFO] 2018-12-19 14:20:22,901: Step leg: 0; target: 0.053333 -0.099778 -0.000000
[rosout][INFO] 2018-12-19 14:20:24,860: Step leg: 1; target: 0.051070 0.099458 0.000000
[rosout][INFO] 2018-12-19 14:20:26,825: Step leg: 0; target: 0.053332 -0.099778 -0.000000
[rosout][INFO] 2018-12-19 14:20:28,821: Step leg: 1; target: 0.051070 0.099458 0.000000
[rosout][INFO] 2018-12-19 14:20:30,780: Step leg: 0; target: 0.053333 -0.099778 -0.000000
[rosout][INFO] 2018-12-19 14:20:32,766: Step leg: 1; target: 0.051070 0.099458 0.000000
[rosout][INFO] 2018-12-19 14:20:34,781: Step leg: 0; target: 0.053332 -0.099778 0.000000
[rosout][INFO] 2018-12-19 14:20:36,775: Step leg: 1; target: 0.051070 0.099458 0.000000
[rosout][INFO] 2018-12-19 14:20:38,776: Step leg: 0; target: 0.053332 -0.099778 0.000000
[rosout][INFO] 2018-12-19 14:20:40,766: Step leg: 1; target: 0.051070 0.099458 0.000000
[rosout][INFO] 2018-12-19 14:20:42,771: Step leg: 0; target: 0.053332 -0.099778 0.000000
[rosout][INFO] 2018-12-19 14:20:44,771: Step leg: 1; target: 0.051070 0.099458 0.000000
[rosout][INFO] 2018-12-19 14:20:46,766: Step leg: 0; target: 0.053332 -0.099778 0.000000
[rosout][INFO] 2018-12-19 14:20:48,776: Step leg: 1; target: 0.051070 0.099458 0.000000
[rosout][INFO] 2018-12-19 14:20:50,740: Step leg: 0; target: 0.053332 -0.099778 0.000000
[rosout][INFO] 2018-12-19 14:20:52,705: Step leg: 1; target: 0.019459 0.098597 0.294524
[rosout][INFO] 2018-12-19 14:20:54,660: Step leg: 0; target: 0.049813 -0.105445 0.000000
[rosout][INFO] 2018-12-19 14:20:56,620: Step leg: 1; target: 0.016743 0.097055 0.294524
[rosout][INFO] 2018-12-19 14:20:58,580: Step leg: 0; target: 0.057000 -0.096182 0.027612
[rosout][INFO] 2018-12-19 14:21:00,540: Step leg: 1; target: 0.045581 0.102090 0.000000
[rosout][INFO] 2018-12-19 14:21:02,511: Step leg: 0; target: 0.054323 -0.097719 -0.000000
[rosout][INFO] 2018-12-19 14:21:04,460: Step leg: 1; target: 0.045581 0.102090 -0.000000
[rosout][INFO] 2018-12-19 14:21:06,425: Step leg: 0; target: 0.054323 -0.097719 -0.000000
[rosout][INFO] 2018-12-19 14:21:08,385: Step leg: 1; target: 0.030121 0.089402 0.000000
[rosout][INFO] 2018-12-19 14:21:10,340: Step leg: 0; target: 0.054323 -0.097719 0.000000
[rosout][INFO] 2018-12-19 14:21:12,335: Step leg: 1; target: 0.045581 0.102090 -0.000000
[rosout][INFO] 2018-12-19 14:21:14,321: Step leg: 0; target: 0.054323 -0.097719 -0.000000
[rosout][INFO] 2018-12-19 14:21:16,326: Step leg: 1; target: 0.045581 0.102090 0.000000
[rosout][INFO] 2018-12-19 14:21:18,326: Step leg: 0; target: 0.054323 -0.097719 -0.000000
[rosout][INFO] 2018-12-19 14:21:20,321: Step leg: 1; target: 0.045582 0.102090 -0.000000
[rosout][INFO] 2018-12-19 14:21:22,300: Step leg: 0; target: 0.054323 -0.097719 -0.000000
[rosout][INFO] 2018-12-19 14:21:24,301: Step leg: 1; target: 0.045582 0.102090 0.000000
[rosout][INFO] 2018-12-19 14:21:26,265: Step leg: 0; target: 0.054323 -0.097719 0.000000
[rosout][INFO] 2018-12-19 14:21:28,541: Step leg: 1; target: 0.045581 0.102090 0.000000
[rosout][INFO] 2018-12-19 14:21:30,500: Step leg: 0; target: 0.054323 -0.097719 -0.000000
[rosout][INFO] 2018-12-19 14:21:32,460: Step leg: 1; target: 0.045581 0.102090 0.000000
[rosout][INFO] 2018-12-19 14:21:34,420: Step leg: 0; target: 0.054323 -0.097719 -0.000000
[rosout][INFO] 2018-12-19 14:21:36,416: Step leg: 1; target: 0.045581 0.102090 0.000000
[rosout][INFO] 2018-12-19 14:21:38,451: Step leg: 0; target: 0.054323 -0.097719 -0.000000
[rosout][INFO] 2018-12-19 14:21:40,445: Step leg: 1; target: 0.045582 0.102090 0.000000
[rosout][INFO] 2018-12-19 14:21:42,430: Step leg: 0; target: 0.054323 -0.097719 -0.000000
[rosout][INFO] 2018-12-19 14:21:44,380: Step leg: 1; target: 0.045581 0.102090 0.000000
[rosout][INFO] 2018-12-19 14:21:46,345: Step leg: 0; target: 0.054323 -0.097719 0.000000
[rosout][INFO] 2018-12-19 14:21:48,310: Step leg: 1; target: 0.045581 0.102090 0.000000
[rosout][INFO] 2018-12-19 14:21:50,296: Step leg: 0; target: 0.054323 -0.097719 -0.000000
[rosout][INFO] 2018-12-19 14:21:52,296: Step leg: 1; target: 0.045582 0.102090 -0.000000
[rosout][INFO] 2018-12-19 14:21:54,286: Step leg: 0; target: 0.054323 -0.097719 0.000000
[rosout][INFO] 2018-12-19 14:21:56,301: Step leg: 1; target: 0.045581 0.102090 -0.000000
[rosout][INFO] 2018-12-19 14:21:58,306: Step leg: 0; target: 0.054323 -0.097719 0.000000
[rosout][INFO] 2018-12-19 14:22:00,276: Step leg: 1; target: 0.045582 0.102090 0.000000
[rosout][INFO] 2018-12-19 14:22:02,220: Step leg: 0; target: 0.054323 -0.097719 -0.000000
[rosout][INFO] 2018-12-19 14:22:04,220: Step leg: 1; target: 0.023777 0.097132 0.294524
[rosout][INFO] 2018-12-19 14:22:06,190: Step leg: 0; target: 0.053126 -0.096839 0.018408
[rosout][INFO] 2018-12-19 14:22:08,140: Step leg: 1; target: 0.047122 0.095287 0.000000
[rosout][INFO] 2018-12-19 14:22:10,115: Step leg: 0; target: 0.051334 -0.097800 0.000000
[rosout][INFO] 2018-12-19 14:22:12,075: Step leg: 1; target: 0.047123 0.095286 0.000000
[rosout][INFO] 2018-12-19 14:22:14,035: Step leg: 0; target: 0.051334 -0.097800 -0.000000
[rosout][INFO] 2018-12-19 14:22:15,980: Step leg: 1; target: 0.047122 0.095286 -0.000000
[rosout][INFO] 2018-12-19 14:22:17,946: Step leg: 0; target: 0.051334 -0.097800 -0.000000
[rosout][INFO] 2018-12-19 14:22:19,900: Step leg: 1; target: 0.047122 0.095286 -0.000000
[rosout][INFO] 2018-12-19 14:22:21,860: Step leg: 0; target: 0.051334 -0.097800 0.000000
[rosout][INFO] 2018-12-19 14:22:23,840: Step leg: 1; target: 0.047122 0.095286 -0.000000
[rosout][INFO] 2018-12-19 14:22:25,851: Step leg: 0; target: 0.051334 -0.097800 -0.000000
[rosout][INFO] 2018-12-19 14:22:27,851: Step leg: 1; target: 0.047123 0.095286 -0.000000
[rosout][INFO] 2018-12-19 14:22:29,835: Step leg: 0; target: 0.051334 -0.097800 -0.000000
[rosout][INFO] 2018-12-19 14:22:32,291: Step leg: 1; target: 0.047123 0.095286 -0.000000
[rosout][INFO] 2018-12-19 14:22:34,296: Step leg: 0; target: 0.051334 -0.097800 -0.000000
[rosout][INFO] 2018-12-19 14:22:36,266: Step leg: 1; target: 0.047122 0.095286 -0.000000
[rosout][INFO] 2018-12-19 14:22:38,220: Step leg: 0; target: 0.051334 -0.097800 -0.000000
[rosout][INFO] 2018-12-19 14:22:40,180: Step leg: 1; target: 0.047122 0.095286 -0.000000
[rosout][INFO] 2018-12-19 14:22:42,145: Step leg: 0; target: 0.051334 -0.097800 0.000000
[rosout][INFO] 2018-12-19 14:22:44,100: Step leg: 1; target: 0.024818 0.096871 0.294524
[rosout][INFO] 2018-12-19 14:22:46,060: Step leg: 0; target: 0.049609 -0.095598 0.000000
[rosout][INFO] 2018-12-19 14:22:48,030: Step leg: 1; target: 0.020054 0.102459 0.294524
[rosout][INFO] 2018-12-19 14:22:49,985: Step leg: 0; target: 0.054242 -0.098577 0.027612
[rosout][INFO] 2018-12-19 14:22:51,950: Step leg: 1; target: 0.037120 0.135359 0.000000
[rosout][INFO] 2018-12-19 14:22:53,915: Step leg: 0; target: 0.051097 -0.101927 0.000000
[rosout][INFO] 2018-12-19 14:22:55,880: Step leg: 1; target: 0.015554 0.129453 0.294525
[rosout][INFO] 2018-12-19 14:22:57,891: Step leg: 0; target: 0.051089 -0.095341 0.000000
[rosout][INFO] 2018-12-19 14:22:59,896: Step leg: 1; target: 0.051853 0.097012 0.000000
[rosout][INFO] 2018-12-19 14:23:01,891: Step leg: 0; target: 0.051089 -0.095341 0.000000
[rosout][INFO] 2018-12-19 14:23:03,901: Step leg: 1; target: 0.051854 0.097012 0.000000
[rosout][INFO] 2018-12-19 14:23:05,890: Step leg: 0; target: 0.051089 -0.095341 0.000000
[rosout][INFO] 2018-12-19 14:23:07,860: Step leg: 1; target: 0.051854 0.097011 0.000000
[rosout][INFO] 2018-12-19 14:23:09,830: Step leg: 0; target: 0.015204 -0.098838 -0.294524
[rosout][INFO] 2018-12-19 14:23:11,790: Step leg: 1; target: 0.037120 0.135359 0.000000
[rosout][INFO] 2018-12-19 14:23:13,755: Step leg: 0; target: 0.021673 -0.096074 -0.294524
[rosout][INFO] 2018-12-19 14:23:15,715: Step leg: 1; target: -0.001810 0.120402 -0.294524
[rosout][INFO] 2018-12-19 14:23:17,686: Step leg: 0; target: 0.019791 -0.100042 -0.294524
[rosout][INFO] 2018-12-19 14:23:19,692: Step leg: 1; target: 0.004745 0.120322 -0.294524
[rosout][INFO] 2018-12-19 14:23:21,660: Step leg: 0; target: -0.030613 -0.099814 -0.294524
[rosout][INFO] 2018-12-19 14:23:23,625: Step leg: 1; target: 0.003223 0.113972 -0.294524
[rosout][INFO] 2018-12-19 14:23:25,585: Step leg: 0; target: -0.005000 -0.092500 0.000000
[rospy.core][INFO] 2018-12-19 14:35:15,886: signal_shutdown [signal-2]
[rosout][INFO] 2018-12-19 14:35:15,886: Stopping nao_footsteps
[rosout][INFO] 2018-12-19 14:35:15,886: nao_footsteps stopped
[rospy.internal][INFO] 2018-12-19 14:35:15,890: topic[/footsteps_execution/feedback] removing connection to /footstep_navigation
[rospy.internal][INFO] 2018-12-19 14:35:15,890: topic[/footsteps_execution/status] removing connection to /footstep_navigation
[rospy.internal][INFO] 2018-12-19 14:35:15,890: topic[/rosout] removing connection to /rosout
[rospy.internal][INFO] 2018-12-19 14:35:15,890: topic[/footsteps_execution/result] removing connection to /footstep_navigation
[rospy.internal][INFO] 2018-12-19 14:35:15,890: topic[/footsteps_execution/goal] removing connection to http://NAOrobUSB001:33141/
[rospy.internal][INFO] 2018-12-19 14:35:15,890: topic[/footsteps_execution/cancel] removing connection to http://NAOrobUSB001:33141/
[rospy.impl.masterslave][INFO] 2018-12-19 14:35:15,891: signal-2
[rosout][INFO] 2018-12-19 14:35:15,998: nao_footsteps stopping...
[rospy.core][INFO] 2018-12-19 14:35:15,998: signal_shutdown [atexit]
