[INFO] [1545225294.089460]: Connecting to NaoQi at 127.0.0.1:9559
[I] 32736 qimessaging.session: Session listener created on tcp://0.0.0.0:0
[I] 32736 qimessaging.transportserver: TransportServer will listen on: tcp://131.188.143.105:46095
[I] 32736 qimessaging.transportserver: TransportServer will listen on: tcp://127.0.0.1:46095
[INFO] [1545225294.121294]: nao_footsteps initialized
[INFO] [1545225294.121570]: nao_footsteps running...
[INFO] [1545225564.493958]: Step leg: 1; target: 0.057784 0.108130 0.265383
[[[0.0, 0.0, 0.0], [0.0, 0.0, 0.0]], [], []]
[INFO] [1545225575.441084]: Step leg: 0; target: 0.053951 -0.099837 -0.262363
[[[0.057001229375600815, 0.05742717534303665, 0.2623627483844757], [-0.0011090467451140285, -0.050528187304735184, -0.003020038129761815]], [['RLeg', 0.5, [0.05395107716321945, -0.09983650594949722, -0.26236268877983093]]], []]
[INFO] [1545225577.435990]: Step leg: 1; target: 0.020000 0.100000 0.294524
[[[0.05700123310089111, 0.05742719769477844, 0.2623627185821533], [0.13500003516674042, -0.025000035762786865, -2.9802318834981634e-08]], [['LLeg', 0.5, [0.01999998651444912, 0.10000006854534149, 0.29452434182167053]]], []]
[INFO] [1545225579.411083]: Step leg: 0; target: 0.053332 -0.099778 -0.000000
[[[0.15500003099441528, 0.07500007748603821, 0.294524222612381], [0.13500002026557922, -0.025000058114528656, -2.086162567138672e-07]], [['RLeg', 0.5, [0.05333242192864418, -0.09977809339761734, -3.5920568741687475e-09]]], []]
[INFO] [1545225581.421302]: Step leg: 1; target: 0.051070 0.099458 0.000000
[[[0.15500003099441528, 0.07500012218952179, 0.29452407360076904], [0.23500001430511475, -0.005000058561563492, 0.29452407360076904]], [['LLeg', 0.5, [0.05107010528445244, 0.09945783764123917, 8.23155232865247e-08]]], []]
[INFO] [1545225583.416159]: Step leg: 0; target: 0.021721 -0.100639 -0.294524
[[[0.2549999952316284, 0.10500004887580872, 0.29452407360076904], [0.23500002920627594, -0.00500008137896657, 0.29452401399612427]], [['RLeg', 0.5, [0.02172139100730419, -0.10063894093036652, -0.2945241630077362]]], []]
[INFO] [1545225585.380854]: Step leg: 1; target: 0.020000 0.100000 0.294524
[[[0.2549999952316284, 0.1050000786781311, 0.294524222612381], [0.304999977350235, 0.014999937266111374, -1.4901162970204496e-08]], [['LLeg', 0.5, [0.019999993965029716, 0.10000009834766388, 0.2945244312286377]]], []]
[INFO] [1545225587.381379]: Step leg: 0; target: 0.021721 -0.100639 -0.294524
[[[0.32499995827674866, 0.11500008404254913, 0.29452431201934814], [0.304999977350235, 0.01499992050230503, -2.086162709247219e-07]], [['RLeg', 0.5, [0.02172141708433628, -0.1006389856338501, -0.29452449083328247]]], []]
[INFO] [1545225589.376216]: Step leg: 1; target: 0.050000 0.100000 0.000000
[[[0.32499998807907104, 0.11500011384487152, 0.29452425241470337], [0.3750000596046448, 0.02499992772936821, -3.427267074584961e-07]], [['LLeg', 0.5, [0.04999995976686478, 0.10000009834766388, 2.291847920332657e-07]]], []]
[INFO] [1545225591.346220]: Step leg: 0; target: 0.050000 -0.100000 0.000000
[[[0.42500001192092896, 0.1250000149011612, -1.1905265040468294e-07], [0.375, 0.02499988302588463, -3.487400874746527e-07]], [['RLeg', 0.5, [0.04999998211860657, -0.10000007599592209, 8.12032610042479e-08]]], []]
[INFO] [1545225593.300427]: Step leg: 1; target: 0.050000 0.100000 0.000000
[[[0.42500001192092896, 0.12500004470348358, -2.0045416704306263e-07], [0.47499996423721313, 0.024999897927045822, -1.1919625819700741e-07]], [['LLeg', 0.5, [0.050000034272670746, 0.10000013560056686, 3.806405857176287e-08]]], []]
[INFO] [1545225595.300980]: Step leg: 0; target: 0.050000 -0.100000 0.000000
[[[0.5249999761581421, 0.12500008940696716, -1.1920080567051627e-07], [0.47499993443489075, 0.02499987930059433, -1.5715220058609702e-07]], [['RLeg', 0.5, [0.05000002309679985, -0.10000010579824448, 8.11237939046805e-08]]], []]
[INFO] [1545225597.265695]: Step leg: 1; target: 0.050000 0.100000 0.000000
[[[0.5249999165534973, 0.12500011920928955, -2.0079362172964466e-07], [0.5749999284744263, 0.024999920278787613, -1.1918650244524542e-07]], [['LLeg', 0.5, [0.05000004172325134, 0.10000010579824448, 3.792206371144857e-08]]], []]
[INFO] [1545225599.230582]: Step leg: 0; target: 0.050000 -0.100000 0.000000
[[[0.625, 0.12500008940696716, -1.1942600508518808e-07], [0.5749999284744263, 0.02499989978969097, -1.569117387134611e-07]], [['RLeg', 0.5, [0.050000015646219254, -0.10000009089708328, 8.132943207783683e-08]]], []]
[INFO] [1545225601.180447]: Step leg: 1; target: 0.050000 0.100000 0.000000
[[[0.6249999403953552, 0.12500014901161194, -2.00240734216095e-07], [0.6749999523162842, 0.024999957531690598, -1.193320855463753e-07]], [['LLeg', 0.5, [0.05000000819563866, 0.10000009089708328, 3.793820724240504e-08]]], []]
[INFO] [1545225603.151232]: Step leg: 0; target: 0.050000 -0.100000 0.000000
[[[0.7249999642372131, 0.12500005960464478, -1.192332632626858e-07], [0.6749998927116394, 0.024999920278787613, -1.570682428564396e-07]], [['RLeg', 0.5, [0.05000004544854164, -0.10000010579824448, 8.141184082433028e-08]]], []]
[INFO] [1545225605.115985]: Step leg: 1; target: 0.050000 0.100000 0.000000
[[[0.7249999642372131, 0.12500007450580597, -2.0030424252581724e-07], [0.7749999165534973, 0.024999890476465225, -1.1916276321244368e-07]], [['LLeg', 0.5, [0.05000005662441254, 0.10000013560056686, 3.793060798784609e-08]]], []]
[INFO] [1545225607.075996]: Step leg: 0; target: 0.050000 -0.100000 0.000000
[[[0.8249999284744263, 0.12500004470348358, -1.1917532560801192e-07], [0.7749998569488525, 0.02499987743794918, -1.568938898799388e-07]], [['RLeg', 0.5, [0.05000003054738045, -0.10000008344650269, 8.146211172288531e-08]]], []]
[INFO] [1545225609.136884]: Step leg: 1; target: 0.020000 0.100000 0.294524
[[[0.8249998688697815, 0.12500008940696716, -2.008161885669324e-07], [0.8749998807907104, 0.02499992772936821, -1.1920904086082373e-07]], [['LLeg', 0.5, [0.020000020042061806, 0.10000012069940567, 0.2945243716239929]]], []]
[INFO] [1545225611.105790]: Step leg: 0; target: 0.053333 -0.099778 0.000000
[[[0.8949999213218689, 0.12500005960464478, 0.29452407360076904], [0.8749998807907104, 0.02499990165233612, -3.725290298461914e-07]], [['RLeg', 0.5, [0.05333252251148224, -0.09977813065052032, 9.47490903513426e-08]]], []]
[INFO] [1545225613.060357]: Step leg: 1; target: 0.051070 0.099458 0.000000
[[[0.8950000405311584, 0.12500010430812836, 0.2945238947868347], [0.9750000834465027, 0.044999923557043076, 0.2945239245891571]], [['LLeg', 0.5, [0.051070086658000946, 0.09945786744356155, 1.8842790439066448e-07]]], []]
[INFO] [1545225615.020954]: Step leg: 0; target: 0.053332 -0.099778 0.000000
[[[0.9950000643730164, 0.15500006079673767, 0.29452407360076904], [0.9750000238418579, 0.0449998714029789, 0.29452386498451233]], [['RLeg', 0.5, [0.053332388401031494, -0.09977805614471436, 1.8526546341490757e-07]]], []]
[INFO] [1545225616.985476]: Step leg: 1; target: 0.051070 0.099458 -0.000000
[[[0.9950000047683716, 0.15500009059906006, 0.2945241332054138], [1.0750000476837158, 0.07499992102384567, 0.2945244014263153]], [['LLeg', 0.5, [0.05107009783387184, 0.09945784509181976, -5.1823739966039284e-08]]], []]
[INFO] [1545225618.940366]: Step leg: 0; target: 0.053333 -0.099778 -0.000000
[[[1.0949997901916504, 0.18500003218650818, 0.29452425241470337], [1.0749999284744263, 0.0749998688697815, 0.29452431201934814]], [['RLeg', 0.5, [0.053332556039094925, -0.09977810084819794, -3.09048644453469e-08]]], []]
[INFO] [1545225620.900552]: Step leg: 1; target: 0.051070 0.099458 0.000000
[[[1.0949997901916504, 0.18500006198883057, 0.29452428221702576], [1.1749999523162842, 0.10499993711709976, 0.29452425241470337]], [['LLeg', 0.5, [0.05107017233967781, 0.09945782274007797, 8.853446331613668e-08]]], []]
[INFO] [1545225622.901148]: Step leg: 0; target: 0.053333 -0.099778 -0.000000
[[[1.1949999332427979, 0.21500004827976227, 0.29452428221702576], [1.1749999523162842, 0.10499988496303558, 0.29452425241470337]], [['RLeg', 0.5, [0.053332503885030746, -0.09977810829877853, -7.784823452539058e-09]]], []]
[INFO] [1545225624.860498]: Step leg: 1; target: 0.051070 0.099458 0.000000
[[[1.1949998140335083, 0.21500007808208466, 0.29452425241470337], [1.2750000953674316, 0.13499991595745087, 0.29452425241470337]], [['LLeg', 0.5, [0.05107004940509796, 0.09945787489414215, 2.948452504369925e-08]]], []]
[INFO] [1545225626.825821]: Step leg: 0; target: 0.053332 -0.099778 -0.000000
[[[1.2949999570846558, 0.24500003457069397, 0.29452428221702576], [1.2750000953674316, 0.13499987125396729, 0.29452425241470337]], [['RLeg', 0.5, [0.05333248898386955, -0.09977809339761734, -5.507877487431756e-10]]], []]
[INFO] [1545225628.821182]: Step leg: 1; target: 0.051070 0.099458 0.000000
[[[1.2949999570846558, 0.24500006437301636, 0.29452425241470337], [1.3749998807907104, 0.16499993205070496, 0.29452425241470337]], [['LLeg', 0.5, [0.05107017606496811, 0.09945783019065857, 2.679867350252607e-08]]], []]
[INFO] [1545225630.780599]: Step leg: 0; target: 0.053333 -0.099778 -0.000000
[[[1.3949997425079346, 0.27500009536743164, 0.29452428221702576], [1.3749998807907104, 0.16499991714954376, 0.29452425241470337]], [['RLeg', 0.5, [0.05333256721496582, -0.09977815300226212, -3.0845181964167523e-10]]], []]
[INFO] [1545225632.766840]: Step leg: 1; target: 0.051070 0.099458 0.000000
[[[1.3949997425079346, 0.27500012516975403, 0.29452425241470337], [1.4749999046325684, 0.19499996304512024, 0.29452425241470337]], [['LLeg', 0.5, [0.05107022821903229, 0.09945778548717499, 3.457929054206943e-08]]], []]
[INFO] [1545225634.781358]: Step leg: 0; target: 0.053332 -0.099778 0.000000
[[[1.4950000047683716, 0.30500006675720215, 0.29452428221702576], [1.4749999046325684, 0.19499994814395905, 0.29452425241470337]], [['RLeg', 0.5, [0.053332388401031494, -0.09977807849645615, 2.5645244150496183e-08]]], []]
[INFO] [1545225636.775994]: Step leg: 1; target: 0.051070 0.099458 0.000000
[[[1.4950000047683716, 0.30500006675720215, 0.29452425241470337], [1.5750000476837158, 0.22499991953372955, 0.29452428221702576]], [['LLeg', 0.5, [0.05107012018561363, 0.09945785999298096, 1.0332133371093732e-08]]], []]
[INFO] [1545225638.776138]: Step leg: 0; target: 0.053332 -0.099778 0.000000
[[[1.5950000286102295, 0.33500006794929504, 0.29452425241470337], [1.5750001668930054, 0.22499988973140717, 0.29452425241470337]], [['RLeg', 0.5, [0.05333242192864418, -0.09977808594703674, 2.2740840321944233e-08]]], []]
[INFO] [1545225640.766494]: Step leg: 1; target: 0.051070 0.099458 0.000000
[[[1.5950000286102295, 0.33500009775161743, 0.29452425241470337], [1.6750000715255737, 0.25499993562698364, 0.29452428221702576]], [['LLeg', 0.5, [0.05107005685567856, 0.09945788234472275, 4.3675264294051885e-08]]], []]
[INFO] [1545225642.771350]: Step leg: 0; target: 0.053332 -0.099778 0.000000
[[[1.6949999332427979, 0.36500006914138794, 0.29452428221702576], [1.6749999523162842, 0.25499993562698364, 0.294524222612381]], [['RLeg', 0.5, [0.053332455456256866, -0.09977808594703674, 2.0738884387583312e-08]]], []]
[INFO] [1545225644.771979]: Step leg: 1; target: 0.051070 0.099458 0.000000
[[[1.6949999332427979, 0.3650000989437103, 0.29452425241470337], [1.774999976158142, 0.28499990701675415, 0.29452428221702576]], [['LLeg', 0.5, [0.05107014253735542, 0.09945784509181976, 2.259225517775576e-08]]], []]
[INFO] [1545225646.766904]: Step leg: 0; target: 0.053332 -0.099778 0.000000
[[[1.7949999570846558, 0.39500004053115845, 0.29452428221702576], [1.774999976158142, 0.28499987721443176, 0.29452425241470337]], [['RLeg', 0.5, [0.053332455456256866, -0.09977807849645615, 2.0271404110872027e-08]]], []]
[INFO] [1545225648.776214]: Step leg: 1; target: 0.051070 0.099458 0.000000
[[[1.7949999570846558, 0.39500007033348083, 0.29452425241470337], [1.875, 0.31499993801116943, 0.29452425241470337]], [['LLeg', 0.5, [0.051070164889097214, 0.09945784509181976, 8.115465632840824e-09]]], []]
[INFO] [1545225650.740994]: Step leg: 0; target: 0.053332 -0.099778 0.000000
[[[1.8949999809265137, 0.42500007152557373, 0.29452425241470337], [1.875, 0.31499987840652466, 0.29452425241470337]], [['RLeg', 0.5, [0.05333242192864418, -0.09977809339761734, 6.894550352853912e-08]]], []]
[INFO] [1545225652.705748]: Step leg: 1; target: 0.019459 0.098597 0.294524
[[[1.8949998617172241, 0.4250001013278961, 0.29452425241470337], [1.975000023841858, 0.3449999690055847, 0.29452428221702576]], [['LLeg', 0.5, [0.01945904828608036, 0.0985969826579094, 0.29452431201934814]]], []]
[INFO] [1545225654.660616]: Step leg: 0; target: 0.049813 -0.105445 0.000000
[[[1.9649999141693115, 0.4450000822544098, 0.5890485048294067], [1.975000023841858, 0.34499993920326233, 0.2945241630077362]], [['RLeg', 0.5, [0.04981280490756035, -0.10544534772634506, 4.4931347531473875e-08]]], []]
[INFO] [1545225656.620584]: Step leg: 1; target: 0.016743 0.097055 0.294524
[[[1.9649996757507324, 0.4450000822544098, 0.5890485048294067], [2.06499981880188, 0.38499996066093445, 0.5890485048294067]], [['LLeg', 0.5, [0.016742579638957977, 0.09705512225627899, 0.2669127285480499]]], []]
[INFO] [1545225658.580430]: Step leg: 0; target: 0.057000 -0.096182 0.027612
[[[2.0249998569488525, 0.4750000834465027, 0.8559612035751343], [2.06499981880188, 0.38499993085861206, 0.589048445224762]], [['RLeg', 0.5, [0.057000238448381424, -0.09618217498064041, 0.02761169895529747]]], []]
[INFO] [1545225660.540836]: Step leg: 1; target: 0.045581 0.102090 0.000000
[[[2.0249998569488525, 0.4750000834465027, 0.8559612035751343], [2.134999990463257, 0.4549999237060547, 0.8835728764533997]], [['LLeg', 0.5, [0.045581430196762085, 0.10208987444639206, 5.25404466600321e-08]]], []]
[INFO] [1545225662.511314]: Step leg: 0; target: 0.054323 -0.097719 -0.000000
[[[2.0850000381469727, 0.5550000071525574, 0.8835729360580444], [2.135000228881836, 0.4549999237060547, 0.8835729360580444]], [['RLeg', 0.5, [0.05432300642132759, -0.09771899878978729, -3.573084939034743e-08]]], []]
[INFO] [1545225664.460568]: Step leg: 1; target: 0.045581 0.102090 -0.000000
[[[2.0849997997283936, 0.5550000071525574, 0.8835729360580444], [2.194999933242798, 0.5349999666213989, 0.8835729360580444]], [['LLeg', 0.5, [0.045581310987472534, 0.10208998620510101, -1.5644650019908113e-08]]], []]
[INFO] [1545225666.425398]: Step leg: 0; target: 0.054323 -0.097719 -0.000000
[[[2.1449997425079346, 0.6350000500679016, 0.8835729360580444], [2.194999933242798, 0.5349999666213989, 0.8835729360580444]], [['RLeg', 0.5, [0.0543232187628746, -0.09771925210952759, -4.305059864151417e-09]]], []]
[INFO] [1545225668.385715]: Step leg: 1; target: 0.030121 0.089402 0.000000
[[[2.1449995040893555, 0.6350001096725464, 0.8835729360580444], [2.254999876022339, 0.6150000691413879, 0.8835729360580444]], [['LLeg', 0.5, [0.030121171846985817, 0.0894019827246666, 0.0]]], []]
[INFO] [1545225670.340680]: Step leg: 0; target: 0.054323 -0.097719 0.000000
[[[2.2049999237060547, 0.6950001120567322, 0.8835729360580444], [2.254999876022339, 0.6150000691413879, 0.8835729360580444]], [['RLeg', 0.5, [0.054323017597198486, -0.09771914780139923, 2.7611323005771737e-08]]], []]
[INFO] [1545225672.336043]: Step leg: 1; target: 0.045581 0.102090 -0.000000
[[[2.2049999237060547, 0.6950001120567322, 0.8835729360580444], [2.315000057220459, 0.675000011920929, 0.8835729360580444]], [['LLeg', 0.5, [0.0455813854932785, 0.10208995640277863, -3.4681900018540546e-08]]], []]
[INFO] [1545225674.321664]: Step leg: 0; target: 0.054323 -0.097719 -0.000000
[[[2.265000104904175, 0.7750000953674316, 0.8835729360580444], [2.315000057220459, 0.675000011920929, 0.8835729360580444]], [['RLeg', 0.5, [0.05432295799255371, -0.09771912544965744, -2.531326259713751e-08]]], []]
[INFO] [1545225676.326224]: Step leg: 1; target: 0.045581 0.102090 0.000000
[[[2.265000104904175, 0.7750000953674316, 0.8835729360580444], [2.375000238418579, 0.7549998760223389, 0.8835729360580444]], [['LLeg', 0.5, [0.04558130353689194, 0.10209011286497116, 3.336091580763423e-08]]], []]
[INFO] [1545225678.326202]: Step leg: 0; target: 0.054323 -0.097719 -0.000000
[[[2.325000047683716, 0.8549999594688416, 0.8835729360580444], [2.375000476837158, 0.7549997568130493, 0.8835729360580444]], [['RLeg', 0.5, [0.05432290956377983, -0.09771889448165894, -2.5729116615025305e-08]]], []]
[INFO] [1545225680.321728]: Step leg: 1; target: 0.045582 0.102090 -0.000000
[[[2.325000047683716, 0.8549999594688416, 0.8835729360580444], [2.434999942779541, 0.8349998593330383, 0.8835729360580444]], [['LLeg', 0.5, [0.04558151587843895, 0.10208986699581146, -2.6861137314426742e-08]]], []]
[INFO] [1545225682.300569]: Step leg: 0; target: 0.054323 -0.097719 -0.000000
[[[2.384999990463257, 0.9350000023841858, 0.8835729360580444], [2.43500018119812, 0.8349997997283936, 0.8835729360580444]], [['RLeg', 0.5, [0.054322946816682816, -0.09771896153688431, -5.273940839600755e-09]]], []]
[INFO] [1545225684.301363]: Step leg: 1; target: 0.045582 0.102090 0.000000
[[[2.384999990463257, 0.9350000023841858, 0.8835729360580444], [2.494999885559082, 0.9149999022483826, 0.8835729360580444]], [['LLeg', 0.5, [0.04558153823018074, 0.10208986699581146, 2.5161419614505576e-08]]], []]
[INFO] [1545225686.265536]: Step leg: 0; target: 0.054323 -0.097719 0.000000
[[[2.444999933242798, 1.0150001049041748, 0.8835729360580444], [2.494999885559082, 0.9149998426437378, 0.8835729360580444]], [['RLeg', 0.5, [0.05432305112481117, -0.09771910309791565, 2.9518372191006392e-09]]], []]
[INFO] [1545225688.541330]: Step leg: 1; target: 0.045581 0.102090 0.000000
[[[2.444999933242798, 1.0150001049041748, 0.8835729360580444], [2.555000066757202, 0.9950000643730164, 0.8835729360580444]], [['LLeg', 0.5, [0.045581430196762085, 0.10208982974290848, 4.071697290441989e-08]]], []]
[INFO] [1545225690.500625]: Step leg: 0; target: 0.054323 -0.097719 -0.000000
[[[2.505000114440918, 1.095000147819519, 0.8835729360580444], [2.555000066757202, 0.9950000047683716, 0.8835729360580444]], [['RLeg', 0.5, [0.05432286113500595, -0.09771903604269028, -1.6627167198635107e-08]]], []]
[INFO] [1545225692.460499]: Step leg: 1; target: 0.045581 0.102090 0.000000
[[[2.504999876022339, 1.095000147819519, 0.8835729360580444], [2.614999771118164, 1.0749999284744263, 0.8835729360580444]], [['LLeg', 0.5, [0.045581452548503876, 0.10208990424871445, 2.185982950209109e-09]]], []]
[INFO] [1545225694.420512]: Step leg: 0; target: 0.054323 -0.097719 -0.000000
[[[2.56499981880188, 1.1750000715255737, 0.8835729360580444], [2.614999771118164, 1.0749999284744263, 0.8835729360580444]], [['RLeg', 0.5, [0.054323144257068634, -0.09771917760372162, -1.2094805157403243e-08]]], []]
[INFO] [1545225696.416466]: Step leg: 1; target: 0.045581 0.102090 0.000000
[[[2.56499981880188, 1.1750000715255737, 0.8835729360580444], [2.674999713897705, 1.1549999713897705, 0.8835729360580444]], [['LLeg', 0.5, [0.045581452548503876, 0.10208980739116669, 4.730197389335444e-08]]], []]
[INFO] [1545225698.451282]: Step leg: 0; target: 0.054323 -0.097719 -0.000000
[[[2.625, 1.2549997568130493, 0.8835729360580444], [2.674999713897705, 1.154999852180481, 0.8835728168487549]], [['RLeg', 0.5, [0.05432317778468132, -0.09771907329559326, -1.343674256304439e-07]]], []]
[INFO] [1545225700.446056]: Step leg: 1; target: 0.045582 0.102090 0.000000
[[[2.624999761581421, 1.2549997568130493, 0.8835729360580444], [2.734999656677246, 1.2349997758865356, 0.8835729360580444]], [['LLeg', 0.5, [0.045581523329019547, 0.10209003835916519, 9.773488329756219e-08]]], []]
[INFO] [1545225702.430949]: Step leg: 0; target: 0.054323 -0.097719 -0.000000
[[[2.684999704360962, 1.3350000381469727, 0.8835729360580444], [2.734999656677246, 1.2349997758865356, 0.8835729360580444]], [['RLeg', 0.5, [0.05432327836751938, -0.09771935641765594, -1.1482188710942864e-07]]], []]
[INFO] [1545225704.380589]: Step leg: 1; target: 0.045581 0.102090 0.000000
[[[2.684999465942383, 1.3350001573562622, 0.8835728764533997], [2.7950000762939453, 1.315000057220459, 0.8835726976394653]], [['LLeg', 0.5, [0.04558141157031059, 0.10208994895219803, 1.1042786240977875e-07]]], []]
[INFO] [1545225706.345882]: Step leg: 0; target: 0.054323 -0.097719 0.000000
[[[2.745000123977661, 1.4150002002716064, 0.8835728168487549], [2.7950000762939453, 1.315000057220459, 0.8835726976394653]], [['RLeg', 0.5, [0.05432290583848953, -0.09771911054849625, 1.30214758087277e-07]]], []]
[INFO] [1545225708.310795]: Step leg: 1; target: 0.045581 0.102090 0.000000
[[[2.744999885559082, 1.4150002002716064, 0.8835728168487549], [2.8550002574920654, 1.3949999809265137, 0.8835729360580444]], [['LLeg', 0.5, [0.04558126628398895, 0.10209009796380997, 3.0649573545815656e-08]]], []]
[INFO] [1545225710.296423]: Step leg: 0; target: 0.054323 -0.097719 -0.000000
[[[2.804999828338623, 1.494999885559082, 0.8835729360580444], [2.8550002574920654, 1.3949997425079346, 0.8835729360580444]], [['RLeg', 0.5, [0.05432308837771416, -0.09771917015314102, -2.8336236468362586e-08]]], []]
[INFO] [1545225712.296837]: Step leg: 1; target: 0.045582 0.102090 -0.000000
[[[2.804999589920044, 1.4949997663497925, 0.8835729360580444], [2.9149999618530273, 1.4749997854232788, 0.8835729360580444]], [['LLeg', 0.5, [0.0455816276371479, 0.1020900085568428, -2.6331195002171626e-08]]], []]
[INFO] [1545225714.286818]: Step leg: 0; target: 0.054323 -0.097719 0.000000
[[[2.865000009536743, 1.5750000476837158, 0.8835729360580444], [2.9149999618530273, 1.4749997854232788, 0.8835729360580444]], [['RLeg', 0.5, [0.054322998970746994, -0.09771888703107834, 4.265979125506192e-09]]], []]
[INFO] [1545225716.301240]: Step leg: 1; target: 0.045581 0.102090 -0.000000
[[[2.864999771118164, 1.5750001668930054, 0.8835729360580444], [2.9749999046325684, 1.5550001859664917, 0.8835729360580444]], [['LLeg', 0.5, [0.045581404119729996, 0.10208975523710251, -3.688051108952095e-08]]], []]
[INFO] [1545225718.306692]: Step leg: 0; target: 0.054323 -0.097719 0.000000
[[[2.9250001907348633, 1.6549999713897705, 0.8835729360580444], [2.9749999046325684, 1.5550000667572021, 0.8835729360580444]], [['RLeg', 0.5, [0.05432287976145744, -0.09771906584501266, 3.5701519518482883e-09]]], []]
[INFO] [1545225720.276242]: Step leg: 1; target: 0.045582 0.102090 0.000000
[[[2.924999952316284, 1.6549999713897705, 0.8835729360580444], [3.0350000858306885, 1.6349997520446777, 0.8835729360580444]], [['LLeg', 0.5, [0.045581553131341934, 0.102090023458004, 6.586355283388912e-08]]], []]
[INFO] [1545225722.220384]: Step leg: 0; target: 0.054323 -0.097719 -0.000000
[[[2.9850001335144043, 1.7350000143051147, 0.8835732340812683], [3.0350000858306885, 1.6349997520446777, 0.8835729956626892]], [['RLeg', 0.5, [0.054322950541973114, -0.09771886467933655, -1.084600569356553e-07]]], []]
[INFO] [1545225724.220980]: Step leg: 1; target: 0.023777 0.097132 0.294524
[[[2.984999895095825, 1.7350001335144043, 0.8835733532905579], [3.0949997901916504, 1.7150001525878906, 0.8835731744766235]], [['LLeg', 0.5, [0.023777179419994354, 0.09713207930326462, 0.27611640095710754]]], []]
[INFO] [1545225726.190701]: Step leg: 0; target: 0.053126 -0.096839 0.018408
[[[3.0349996089935303, 1.7950000762939453, 1.1596895456314087], [3.0949997901916504, 1.7150001525878906, 0.8835731148719788]], [['RLeg', 0.5, [0.053125545382499695, -0.09683890640735626, 0.01840759627521038]]], []]
[INFO] [1545225728.140829]: Step leg: 1; target: 0.047122 0.095287 0.000000
[[[3.0349996089935303, 1.7950000762939453, 1.1596893072128296], [3.1450002193450928, 1.8049999475479126, 1.178096890449524]], [['LLeg', 0.5, [0.04712243750691414, 0.0952865406870842, 1.5430789801484934e-07]]], []]
[INFO] [1545225730.115712]: Step leg: 0; target: 0.051334 -0.097800 0.000000
[[[3.0749998092651367, 1.8849999904632568, 1.178096890449524], [3.1450002193450928, 1.8050000667572021, 1.1780966520309448]], [['RLeg', 0.5, [0.05133407190442085, -0.09780006855726242, 2.685863194074045e-07]]], []]
[INFO] [1545225732.075895]: Step leg: 1; target: 0.047123 0.095286 0.000000
[[[3.0749995708465576, 1.8849999904632568, 1.178096890449524], [3.184999942779541, 1.8949999809265137, 1.178097128868103]], [['LLeg', 0.5, [0.0471225380897522, 0.09528616815805435, 9.568489645062073e-08]]], []]
[INFO] [1545225734.036009]: Step leg: 0; target: 0.051334 -0.097800 -0.000000
[[[3.115000009536743, 1.9750001430511475, 1.1780974864959717], [3.184999942779541, 1.8949999809265137, 1.1780973672866821]], [['RLeg', 0.5, [0.05133390054106712, -0.09779992699623108, -4.8612168512818243e-08]]], []]
[INFO] [1545225735.980388]: Step leg: 1; target: 0.047122 0.095286 -0.000000
[[[3.115000009536743, 1.9750001430511475, 1.1780974864959717], [3.2250001430511475, 1.9850000143051147, 1.1780974864959717]], [['LLeg', 0.5, [0.047122396528720856, 0.09528642147779465, -8.096111514532822e-08]]], []]
[INFO] [1545225737.946190]: Step leg: 0; target: 0.051334 -0.097800 -0.000000
[[[3.1549997329711914, 2.065000057220459, 1.1780974864959717], [3.2250001430511475, 1.9849998950958252, 1.1780974864959717]], [['RLeg', 0.5, [0.05133407190442085, -0.09780017286539078, -1.830252500667484e-07]]], []]
[INFO] [1545225739.900333]: Step leg: 1; target: 0.047122 0.095286 -0.000000
[[[3.1549994945526123, 2.065000057220459, 1.1780973672866821], [3.265000104904175, 2.075000047683716, 1.178097128868103]], [['LLeg', 0.5, [0.04712246358394623, 0.09528627246618271, -2.772235774273213e-08]]], []]
[INFO] [1545225741.860650]: Step leg: 0; target: 0.051334 -0.097800 0.000000
[[[3.194999933242798, 2.1549997329711914, 1.178097128868103], [3.265000104904175, 2.0749998092651367, 1.178097128868103]], [['RLeg', 0.5, [0.051334161311388016, -0.09779992699623108, 1.386122647772936e-07]]], []]
[INFO] [1545225743.840752]: Step leg: 1; target: 0.047122 0.095286 -0.000000
[[[3.1949996948242188, 2.1549997329711914, 1.1780973672866821], [3.304999589920044, 2.1649999618530273, 1.1780974864959717]], [['LLeg', 0.5, [0.04712245240807533, 0.09528614580631256, -8.543249663262031e-08]]], []]
[INFO] [1545225745.851345]: Step leg: 0; target: 0.051334 -0.097800 -0.000000
[[[3.234999656677246, 2.244999647140503, 1.1780974864959717], [3.304999589920044, 2.164999485015869, 1.1780974864959717]], [['RLeg', 0.5, [0.05133429169654846, -0.09780016541481018, -7.78832571768362e-08]]], []]
[INFO] [1545225747.851575]: Step leg: 1; target: 0.047123 0.095286 -0.000000
[[[3.234999656677246, 2.244999408721924, 1.1780974864959717], [3.3450000286102295, 2.254999876022339, 1.1780974864959717]], [['LLeg', 0.5, [0.047122661024332047, 0.09528626501560211, -1.0603258004948657e-07]]], []]
[INFO] [1545225749.835906]: Step leg: 0; target: 0.051334 -0.097800 -0.000000
[[[3.2750000953674316, 2.3349995613098145, 1.1780973672866821], [3.3450000286102295, 2.2549996376037598, 1.1780974864959717]], [['RLeg', 0.5, [0.051333948969841, -0.09779971092939377, -6.586058276525364e-08]]], []]
[INFO] [1545225752.291437]: Step leg: 1; target: 0.047123 0.095286 -0.000000
[[[3.2750000953674316, 2.3349995613098145, 1.1780974864959717], [3.384999990463257, 2.3449995517730713, 1.1780974864959717]], [['LLeg', 0.5, [0.047122955322265625, 0.09528646618127823, -9.309124493483978e-08]]], []]
[INFO] [1545225754.296264]: Step leg: 0; target: 0.051334 -0.097800 -0.000000
[[[3.31499981880188, 2.424999952316284, 1.1780974864959717], [3.3849997520446777, 2.3449995517730713, 1.1780974864959717]], [['RLeg', 0.5, [0.051334161311388016, -0.09779993444681168, -7.139828284152827e-08]]], []]
[INFO] [1545225756.266108]: Step leg: 1; target: 0.047122 0.095286 -0.000000
[[[3.31499981880188, 2.424999952316284, 1.1780974864959717], [3.424999952316284, 2.43500018119812, 1.1780974864959717]], [['LLeg', 0.5, [0.04712241142988205, 0.09528622031211853, -7.930567846869963e-08]]], []]
[INFO] [1545225758.220738]: Step leg: 0; target: 0.051334 -0.097800 -0.000000
[[[3.354999542236328, 2.515000104904175, 1.1780974864959717], [3.424999952316284, 2.434999942779541, 1.1780974864959717]], [['RLeg', 0.5, [0.05133400484919548, -0.09780029952526093, -1.9386901328743988e-07]]], []]
[INFO] [1545225760.180937]: Step leg: 1; target: 0.047122 0.095286 -0.000000
[[[3.354999303817749, 2.515000104904175, 1.1780973672866821], [3.4649996757507324, 2.5250003337860107, 1.178097128868103]], [['LLeg', 0.5, [0.04712236300110817, 0.09528617560863495, -4.746585702264383e-08]]], []]
[INFO] [1545225762.145842]: Step leg: 0; target: 0.051334 -0.097800 0.000000
[[[3.3949997425079346, 2.6050002574920654, 1.1780972480773926], [3.4649996757507324, 2.5250003337860107, 1.1780972480773926]], [['RLeg', 0.5, [0.05133391171693802, -0.09780023992061615, 1.3842637258676405e-07]]], []]
[INFO] [1545225764.100885]: Step leg: 1; target: 0.024818 0.096871 0.294524
[[[3.3949997425079346, 2.6050002574920654, 1.178097128868103], [3.505000114440918, 2.615000009536743, 1.178097128868103]], [['LLeg', 0.5, [0.024818073958158493, 0.09687137603759766, 0.2669126093387604]]], []]
[INFO] [1545225766.060502]: Step leg: 0; target: 0.049609 -0.095598 0.000000
[[[3.424999952316284, 2.674999952316284, 1.445009708404541], [3.505000114440918, 2.615000009536743, 1.1780970096588135]], [['RLeg', 0.5, [0.04960910230875015, -0.09559778869152069, 0.0]]], []]
[INFO] [1545225768.030680]: Step leg: 1; target: 0.020054 0.102459 0.294524
[[[3.4250001907348633, 2.674999952316284, 1.4450095891952515], [3.526066303253174, 2.712223768234253, 1.4450095891952515]], [['LLeg', 0.5, [0.02005382813513279, 0.10245898365974426, 0.29452431201934814]]], []]
[INFO] [1545225769.985408]: Step leg: 0; target: 0.054242 -0.098577 0.027612
[[[3.4269325733184814, 2.7449731826782227, 1.739533543586731], [3.526066303253174, 2.712223768234253, 1.4450092315673828]], [['RLeg', 0.5, [0.05424235761165619, -0.0985768735408783, 0.027612021192908287]]], []]
[INFO] [1545225771.950783]: Step leg: 1; target: 0.037120 0.135359 0.000000
[[[3.4269325733184814, 2.7449731826782227, 1.7395334243774414], [3.515000104904175, 2.815000295639038, 1.7671455144882202]], [['LLeg', 0.5, [0.03712032362818718, 0.13535913825035095, 2.5886171783895406e-07]]], []]
[INFO] [1545225773.916015]: Step leg: 0; target: 0.051097 -0.101927 0.000000
[[[3.375, 2.825000047683716, 1.7671453952789307], [3.515000104904175, 2.815000295639038, 1.7671451568603516]], [['RLeg', 0.5, [0.05109686776995659, -0.10192698985338211, 2.1554834006565216e-07]]], []]
[INFO] [1545225775.880821]: Step leg: 1; target: 0.015554 0.129453 0.294525
[[[3.375, 2.825000047683716, 1.7671451568603516], [3.4650001525878906, 2.8949999809265137, 1.7671453952789307]], [['LLeg', 0.5, [0.015553915873169899, 0.12945306301116943, 0.29452455043792725]]], []]
[INFO] [1545225777.891203]: Step leg: 0; target: 0.051089 -0.095341 0.000000
[[[3.3350000381469727, 2.885000467300415, 2.06166934967041], [3.4650001525878906, 2.8950002193450928, 1.767144799232483]], [['RLeg', 0.5, [0.0510890930891037, -0.09534092247486115, 3.7559991028501827e-07]]], []]
[INFO] [1545225779.896568]: Step leg: 1; target: 0.051853 0.097012 0.000000
[[[3.3350000381469727, 2.885000228881836, 2.061669111251831], [3.3950002193450928, 2.9750003814697266, 2.0616695880889893]], [['LLeg', 0.5, [0.051853399723768234, 0.09701188653707504, 4.3930793935942347e-07]]], []]
[INFO] [1545225781.891426]: Step leg: 0; target: 0.051089 -0.095341 0.000000
[[[3.2850000858306885, 2.9749999046325684, 2.0616698265075684], [3.395000457763672, 2.9750001430511475, 2.0616695880889893]], [['RLeg', 0.5, [0.051089152693748474, -0.09534116834402084, 1.4677188175937772e-07]]], []]
[INFO] [1545225783.901538]: Step leg: 1; target: 0.051854 0.097012 0.000000
[[[3.2850000858306885, 2.9749999046325684, 2.0616698265075684], [3.3450002670288086, 3.065000057220459, 2.0616700649261475]], [['LLeg', 0.5, [0.05185362324118614, 0.09701154381036758, 4.7387089807671146e-08]]], []]
[INFO] [1545225785.890968]: Step leg: 0; target: 0.051089 -0.095341 0.000000
[[[3.234999895095825, 3.06499981880188, 2.0616700649261475], [3.3450002670288086, 3.065000057220459, 2.0616700649261475]], [['RLeg', 0.5, [0.0510893240571022, -0.09534108638763428, 1.1065871774462721e-07]]], []]
[INFO] [1545225787.860824]: Step leg: 1; target: 0.051854 0.097011 0.000000
[[[3.234999895095825, 3.06499981880188, 2.0616698265075684], [3.2950000762939453, 3.1549999713897705, 2.0616700649261475]], [['LLeg', 0.5, [0.05185374245047569, 0.09701132029294968, 5.1036863624176476e-08]]], []]
[INFO] [1545225789.830757]: Step leg: 0; target: 0.015204 -0.098838 -0.294524
[[[3.184999942779541, 3.1549999713897705, 2.0616700649261475], [3.2950000762939453, 3.1549999713897705, 2.0616698265075684]], [['RLeg', 0.5, [0.015203630551695824, -0.09883762896060944, -0.294524222612381]]], []]
[INFO] [1545225791.790955]: Step leg: 1; target: 0.037120 0.135359 0.000000
[[[3.184999942779541, 3.1549999713897705, 2.0616703033447266], [3.265000104904175, 3.2150003910064697, 1.7671458721160889]], [['LLeg', 0.5, [0.03712034225463867, 0.13535909354686737, 1.1828989698869918e-07]]], []]
[INFO] [1545225793.755710]: Step leg: 0; target: 0.021673 -0.096074 -0.294524
[[[3.125, 3.2250001430511475, 1.7671458721160889], [3.265000104904175, 3.2150001525878906, 1.7671457529067993]], [['RLeg', 0.5, [0.021673154085874557, -0.09607420116662979, -0.24850504100322723]]], []]
[INFO] [1545225795.715456]: Step leg: 1; target: -0.001810 0.120402 -0.294524
[[[3.125, 3.2250001430511475, 1.7671458721160889], [3.2149999141693115, 3.265000104904175, 1.5186407566070557]], [['LLeg', 0.5, [-0.0018102095928043127, 0.12040233612060547, -0.29452431201934814]]], []]
[INFO] [1545225797.686111]: Step leg: 0; target: 0.019791 -0.100042 -0.294524
[[[3.0946669578552246, 3.2694692611694336, 1.2241164445877075], [3.2149999141693115, 3.265000343322754, 1.5186408758163452]], [['RLeg', 0.5, [0.019790751859545708, -0.10004162043333054, -0.29452431201934814]]], []]
[INFO] [1545225799.692206]: Step leg: 1; target: 0.004745 0.120322 -0.294524
[[[3.0946669578552246, 3.2694692611694336, 1.224116563796997], [3.195481300354004, 3.2540905475616455, 0.9295921921730042]], [['LLeg', 0.5, [0.004745440557599068, 0.12032240629196167, -0.29452431201934814]]], []]
[INFO] [1545225801.660636]: Step leg: 0; target: -0.030613 -0.099814 -0.294524
[[[3.101896286010742, 3.3298656940460205, 0.6350681185722351], [3.195481300354004, 3.2540905475616455, 0.929592490196228]], [['RLeg', 0.5, [-0.03061293438076973, -0.09981406480073929, -0.29452431201934814]]], []]
[INFO] [1545225803.625566]: Step leg: 1; target: 0.003223 0.113972 -0.294524
[[[3.101896047592163, 3.3298656940460205, 0.6350681781768799], [3.1364645957946777, 3.231351613998413, 0.3405437469482422]], [['LLeg', 0.5, [0.003223104402422905, 0.11397197842597961, -0.29452431201934814]]], []]
[INFO] [1545225805.585663]: Step leg: 0; target: -0.005000 -0.092500 0.000000
[[[3.101435899734497, 3.339855194091797, 0.046019408851861954], [3.1364645957946777, 3.231351613998413, 0.3405437767505646]], [['RLeg', 0.5, [-0.005000095348805189, -0.09250004589557648, 0.0]]], []]
[INFO] [1545226515.886268]: Stopping nao_footsteps
[INFO] [1545226515.886573]: nao_footsteps stopped
[INFO] [1545226515.998568]: nao_footsteps stopping...
