[rospy.client][INFO] 2018-12-19 14:14:39,751: init_node, name[/nao_logger], pid[31960]
[xmlrpc][INFO] 2018-12-19 14:14:39,751: XML-RPC server binding to 0.0.0.0:0
[xmlrpc][INFO] 2018-12-19 14:14:39,752: Started XML-RPC server [http://NAOrobUSB001:35729/]
[rospy.impl.masterslave][INFO] 2018-12-19 14:14:39,752: _ready: http://NAOrobUSB001:35729/
[rospy.init][INFO] 2018-12-19 14:14:39,752: ROS Slave URI: [http://NAOrobUSB001:35729/]
[xmlrpc][INFO] 2018-12-19 14:14:39,754: xml rpc node: starting XML-RPC server
[rospy.registration][INFO] 2018-12-19 14:14:39,758: Registering with master node http://localhost:11311
[rospy.registration][INFO] 2018-12-19 14:14:39,759: Registering publisher topic [/rosout] type [rosgraph_msgs/Log] with master
[rospy.init][INFO] 2018-12-19 14:14:39,853: registered with master
[rospy.rosout][INFO] 2018-12-19 14:14:39,854: initializing /rosout core topic
[rospy.rosout][INFO] 2018-12-19 14:14:39,854: connected to core topic /rosout
[rospy.simtime][INFO] 2018-12-19 14:14:39,855: /use_sim_time is not set, will not subscribe to simulated time [/clock] topic
[rosout][INFO] 2018-12-19 14:14:39,883: Logger initialized
[rospy.internal][INFO] 2018-12-19 14:14:40,008: topic[/rosout] adding connection to [/rosout], count 0
[rospy.core][INFO] 2018-12-19 14:35:15,841: signal_shutdown [signal-2]
[rosout][INFO] 2018-12-19 14:35:15,841: Stopping nao_logger
[rosout][INFO] 2018-12-19 14:35:15,842: nao_logger stopped
[rospy.internal][INFO] 2018-12-19 14:35:15,845: topic[/rosout] removing connection to /rosout
[rospy.impl.masterslave][INFO] 2018-12-19 14:35:15,845: signal-2
[rospy.core][INFO] 2018-12-19 14:35:16,459: signal_shutdown [atexit]
