[rospy.client][INFO] 2018-12-19 14:14:39,761: init_node, name[/pose_manager], pid[31998]
[xmlrpc][INFO] 2018-12-19 14:14:39,761: XML-RPC server binding to 0.0.0.0:0
[xmlrpc][INFO] 2018-12-19 14:14:39,761: Started XML-RPC server [http://NAOrobUSB001:33171/]
[rospy.impl.masterslave][INFO] 2018-12-19 14:14:39,761: _ready: http://NAOrobUSB001:33171/
[xmlrpc][INFO] 2018-12-19 14:14:39,762: xml rpc node: starting XML-RPC server
[rospy.registration][INFO] 2018-12-19 14:14:39,762: Registering with master node http://localhost:11311
[rospy.init][INFO] 2018-12-19 14:14:39,773: ROS Slave URI: [http://NAOrobUSB001:33171/]
[rospy.init][INFO] 2018-12-19 14:14:39,774: registered with master
[rospy.rosout][INFO] 2018-12-19 14:14:39,774: initializing /rosout core topic
[rospy.rosout][INFO] 2018-12-19 14:14:39,776: connected to core topic /rosout
[rospy.simtime][INFO] 2018-12-19 14:14:39,777: /use_sim_time is not set, will not subscribe to simulated time [/clock] topic
[rosout][INFO] 2018-12-19 14:14:39,798: Loaded 7 poses: ['crouch', 'zero', 'StandZero', 'init', 'Stand', 'StandInit', 'hello']
[rospy.internal][INFO] 2018-12-19 14:14:39,872: topic[/joint_trajectory/cancel] adding connection to [/pose_controller], count 0
[rospy.internal][INFO] 2018-12-19 14:14:39,872: topic[/joint_trajectory/goal] adding connection to [/pose_controller], count 0
[rospy.internal][INFO] 2018-12-19 14:14:39,901: topic[/joint_trajectory/status] adding connection to [http://NAOrobUSB001:43841/], count 0
[rospy.internal][INFO] 2018-12-19 14:14:39,905: topic[/joint_trajectory/feedback] adding connection to [http://NAOrobUSB001:43841/], count 0
[rospy.internal][INFO] 2018-12-19 14:14:39,914: topic[/joint_trajectory/result] adding connection to [http://NAOrobUSB001:43841/], count 0
[rospy.internal][INFO] 2018-12-19 14:14:40,009: topic[/rosout] adding connection to [/rosout], count 0
[rosout][INFO] 2018-12-19 14:14:40,259: pose_manager running, offering poses: ['crouch', 'zero', 'StandZero', 'init', 'Stand', 'StandInit', 'hello']
[rospy.internal][INFO] 2018-12-19 14:14:54,173: topic[/joint_trajectory/goal] adding connection to [/nao_pose], count 1
[rospy.internal][INFO] 2018-12-19 14:14:54,173: topic[/joint_trajectory/cancel] adding connection to [/nao_pose], count 1
[rospy.internal][INFO] 2018-12-19 14:14:54,184: topic[/joint_trajectory/feedback] adding connection to [http://NAOrobUSB001:32937/], count 1
[rospy.internal][INFO] 2018-12-19 14:14:54,184: topic[/joint_trajectory/result] adding connection to [http://NAOrobUSB001:32937/], count 1
[rospy.internal][INFO] 2018-12-19 14:14:54,186: topic[/joint_trajectory/status] adding connection to [http://NAOrobUSB001:32937/], count 1
[rospy.core][INFO] 2018-12-19 14:35:15,840: signal_shutdown [signal-2]
[rospy.internal][INFO] 2018-12-19 14:35:15,846: topic[/joint_trajectory/cancel] removing connection to /pose_controller
[rospy.internal][INFO] 2018-12-19 14:35:15,847: topic[/joint_trajectory/cancel] removing connection to /nao_pose
[rospy.internal][INFO] 2018-12-19 14:35:15,847: topic[/rosout] removing connection to /rosout
[rospy.internal][INFO] 2018-12-19 14:35:15,847: topic[/joint_trajectory/goal] removing connection to /pose_controller
[rospy.internal][INFO] 2018-12-19 14:35:15,848: topic[/joint_trajectory/goal] removing connection to /nao_pose
[rospy.internal][INFO] 2018-12-19 14:35:15,848: topic[/joint_trajectory/result] removing connection to http://NAOrobUSB001:43841/
[rospy.internal][WARNING] 2018-12-19 14:35:15,849: Unknown error initiating TCP/IP socket to NAOrobUSB001:44429 (http://NAOrobUSB001:43841/): Traceback (most recent call last):
  File "/opt/ros/kinetic/lib/python2.7/dist-packages/rospy/impl/tcpros_base.py", line 557, in connect
    self.read_header()
  File "/opt/ros/kinetic/lib/python2.7/dist-packages/rospy/impl/tcpros_base.py", line 650, in read_header
    self._validate_header(read_ros_handshake_header(sock, self.read_buff, self.protocol.buff_size))
AttributeError: 'NoneType' object has no attribute 'buff_size'

[rospy.topics][ERROR] 2018-12-19 14:35:15,849: Traceback (most recent call last):
  File "/opt/ros/kinetic/lib/python2.7/dist-packages/rospy/topics.py", line 326, in close
    c.close()
  File "/opt/ros/kinetic/lib/python2.7/dist-packages/rospy/impl/tcpros_base.py", line 838, in close
    self.socket.close()
AttributeError: 'NoneType' object has no attribute 'close'

[rospy.internal][INFO] 2018-12-19 14:35:15,849: topic[/joint_trajectory/result] removing connection to http://NAOrobUSB001:32937/
[rospy.internal][INFO] 2018-12-19 14:35:15,849: topic[/joint_trajectory/status] removing connection to http://NAOrobUSB001:43841/
[rospy.internal][INFO] 2018-12-19 14:35:15,849: topic[/joint_trajectory/status] removing connection to http://NAOrobUSB001:32937/
[rospy.internal][INFO] 2018-12-19 14:35:15,850: topic[/joint_trajectory/feedback] removing connection to http://NAOrobUSB001:43841/
[rospy.internal][INFO] 2018-12-19 14:35:15,850: topic[/joint_trajectory/feedback] removing connection to http://NAOrobUSB001:32937/
[rospy.impl.masterslave][INFO] 2018-12-19 14:35:15,850: signal-2
[rospy.core][INFO] 2018-12-19 14:35:16,014: signal_shutdown [atexit]
